
==============================================================================
DIAGNOSTIC  n=3
==============================================================================
  Moore families: 61
  with non-zero LIFT-4-prod class:  24
  with non-zero sgn-projection:    24
  union-closed (besides Moore=ic): 45
  counterexample-shape (uc + no rare): 0

  Cross-tab: class_nz x ce_shape
    class_nz=True, ce_shape=True: 0
    class_nz=True, ce_shape=False: 24
    class_nz=False, ce_shape=True: 0
    class_nz=False, ce_shape=False: 37

  Sample non-zero F's (up to 10):
    F (size 3, uc=True, ic=True, ce_shape=False, rare=1): [{1} {1,2} {1,2,3}]
    F (size 3, uc=True, ic=True, ce_shape=False, rare=1): [{1} {1,3} {1,2,3}]
    F (size 3, uc=True, ic=True, ce_shape=False, rare=1): [{2} {1,2} {1,2,3}]
    F (size 3, uc=True, ic=True, ce_shape=False, rare=1): [{2} {2,3} {1,2,3}]
    F (size 3, uc=True, ic=True, ce_shape=False, rare=1): [{3} {1,3} {1,2,3}]
    F (size 3, uc=True, ic=True, ce_shape=False, rare=1): [{3} {2,3} {1,2,3}]
    F (size 4, uc=True, ic=True, ce_shape=False, rare=2): [0 {1} {1,2} {1,2,3}]
    F (size 4, uc=True, ic=True, ce_shape=False, rare=2): [0 {1} {1,3} {1,2,3}]
    F (size 4, uc=True, ic=True, ce_shape=False, rare=2): [0 {2} {1,2} {1,2,3}]
    F (size 4, uc=True, ic=True, ce_shape=False, rare=2): [0 {2} {2,3} {1,2,3}]

  Sample zero F's (up to 10):
    F (size 1, uc=True, ic=True, ce_shape=False, rare=0): [{1,2,3}]
    F (size 2, uc=True, ic=True, ce_shape=False, rare=3): [0 {1,2,3}]
    F (size 2, uc=True, ic=True, ce_shape=False, rare=2): [{1} {1,2,3}]
    F (size 2, uc=True, ic=True, ce_shape=False, rare=2): [{2} {1,2,3}]
    F (size 2, uc=True, ic=True, ce_shape=False, rare=2): [{3} {1,2,3}]
    F (size 2, uc=True, ic=True, ce_shape=False, rare=1): [{1,2} {1,2,3}]
    F (size 2, uc=True, ic=True, ce_shape=False, rare=1): [{1,3} {1,2,3}]
    F (size 2, uc=True, ic=True, ce_shape=False, rare=1): [{2,3} {1,2,3}]
    F (size 3, uc=True, ic=True, ce_shape=False, rare=2): [0 {1} {1,2,3}]
    F (size 3, uc=True, ic=True, ce_shape=False, rare=2): [0 {2} {1,2,3}]

  Counterexample-shape (uc + no rare) families:

  ----- Switch lattice: UNION-CLOSED families on [3] -----
  Union-closed families (size >= 2): 113
  with non-zero LIFT-4-prod sgn class: 48

  Cross-tab for union-closed: sgn_nz x ce_shape
    sgn_nz=True, ce_shape=True: 0
    sgn_nz=True, ce_shape=False: 48
    sgn_nz=False, ce_shape=True: 12
    sgn_nz=False, ce_shape=False: 53

  Counterexample-shape union-closed (n=3): 12
    F (size 3, sgn_nz=False): [{3} {1,2} {1,2,3}]
    F (size 3, sgn_nz=False): [{2} {1,3} {1,2,3}]
    F (size 3, sgn_nz=False): [{1,2} {1,3} {1,2,3}]
    F (size 3, sgn_nz=False): [{1} {2,3} {1,2,3}]
    F (size 3, sgn_nz=False): [{1,2} {2,3} {1,2,3}]
    F (size 3, sgn_nz=False): [{1,3} {2,3} {1,2,3}]
    F (size 4, sgn_nz=False): [{1,2} {1,3} {2,3} {1,2,3}]
    F (size 5, sgn_nz=False): [0 {1,2} {1,3} {2,3} {1,2,3}]
    F (size 5, sgn_nz=False): [{1} {1,2} {1,3} {2,3} {1,2,3}]
    F (size 5, sgn_nz=False): [{2} {1,2} {1,3} {2,3} {1,2,3}]
    F (size 5, sgn_nz=False): [{3} {1,2} {1,3} {2,3} {1,2,3}]
    F (size 7, sgn_nz=False): [{1} {2} {3} {1,2} {1,3} {2,3} {1,2,3}]

  Non-counterexample-shape union-closed: 101
    size 2: 6/19 non-zero sgn
    size 3: 12/21 non-zero sgn
    size 4: 12/27 non-zero sgn
    size 5: 12/18 non-zero sgn
    size 6: 6/12 non-zero sgn
    size 7: 0/3 non-zero sgn
    size 8: 0/1 non-zero sgn

  By size (CE-shape):
    size 3: 0/6 non-zero sgn
    size 4: 0/1 non-zero sgn
    size 5: 0/4 non-zero sgn
    size 7: 0/1 non-zero sgn


>>> Now n=4 (sample over a subset due to size) ...

==============================================================================
DIAGNOSTIC  n=4
==============================================================================
  Moore families: 2480
  with non-zero LIFT-4-prod class:  816
  with non-zero sgn-projection:    816
  union-closed (besides Moore=ic): 500
  counterexample-shape (uc + no rare): 0

  Cross-tab: class_nz x ce_shape
    class_nz=True, ce_shape=True: 0
    class_nz=True, ce_shape=False: 816
    class_nz=False, ce_shape=True: 0
    class_nz=False, ce_shape=False: 1664

  Sample non-zero F's (up to 10):
    F (size 4, uc=True, ic=True, ce_shape=False, rare=2): [{1} {1,2} {1,2,3} {1,2,3,4}]
    F (size 4, uc=True, ic=True, ce_shape=False, rare=2): [{1} {1,2} {1,2,4} {1,2,3,4}]
    F (size 4, uc=True, ic=True, ce_shape=False, rare=2): [{1} {1,3} {1,2,3} {1,2,3,4}]
    F (size 4, uc=True, ic=True, ce_shape=False, rare=2): [{1} {1,3} {1,3,4} {1,2,3,4}]
    F (size 4, uc=True, ic=True, ce_shape=False, rare=2): [{1} {1,4} {1,2,4} {1,2,3,4}]
    F (size 4, uc=True, ic=True, ce_shape=False, rare=2): [{1} {1,4} {1,3,4} {1,2,3,4}]
    F (size 4, uc=True, ic=True, ce_shape=False, rare=2): [{2} {1,2} {1,2,3} {1,2,3,4}]
    F (size 4, uc=True, ic=True, ce_shape=False, rare=2): [{2} {1,2} {1,2,4} {1,2,3,4}]
    F (size 4, uc=True, ic=True, ce_shape=False, rare=2): [{2} {2,3} {1,2,3} {1,2,3,4}]
    F (size 4, uc=True, ic=True, ce_shape=False, rare=2): [{2} {2,3} {2,3,4} {1,2,3,4}]

  Sample zero F's (up to 10):
    F (size 1, uc=True, ic=True, ce_shape=False, rare=0): [{1,2,3,4}]
    F (size 2, uc=True, ic=True, ce_shape=False, rare=4): [0 {1,2,3,4}]
    F (size 2, uc=True, ic=True, ce_shape=False, rare=3): [{1} {1,2,3,4}]
    F (size 2, uc=True, ic=True, ce_shape=False, rare=3): [{2} {1,2,3,4}]
    F (size 2, uc=True, ic=True, ce_shape=False, rare=3): [{3} {1,2,3,4}]
    F (size 2, uc=True, ic=True, ce_shape=False, rare=3): [{4} {1,2,3,4}]
    F (size 2, uc=True, ic=True, ce_shape=False, rare=2): [{1,2} {1,2,3,4}]
    F (size 2, uc=True, ic=True, ce_shape=False, rare=2): [{1,3} {1,2,3,4}]
    F (size 2, uc=True, ic=True, ce_shape=False, rare=2): [{1,4} {1,2,3,4}]
    F (size 2, uc=True, ic=True, ce_shape=False, rare=2): [{2,3} {1,2,3,4}]

  Counterexample-shape (uc + no rare) families:

  ----- Switch lattice: UNION-CLOSED families on [4] -----
  Union-closed families (size >= 2): 4943
  with non-zero LIFT-4-prod sgn class: 1536

  Cross-tab for union-closed: sgn_nz x ce_shape
    sgn_nz=True, ce_shape=True: 84
    sgn_nz=True, ce_shape=False: 1452
    sgn_nz=False, ce_shape=True: 498
    sgn_nz=False, ce_shape=False: 2909

  Counterexample-shape union-closed (n=4): 582
    F (size 3, sgn_nz=False): [{1,4} {2,3} {1,2,3,4}]
    F (size 3, sgn_nz=False): [{1,3} {2,4} {1,2,3,4}]
    F (size 3, sgn_nz=False): [{1,2} {3,4} {1,2,3,4}]
    F (size 3, sgn_nz=False): [{4} {1,2,3} {1,2,3,4}]
    F (size 3, sgn_nz=False): [{1,4} {1,2,3} {1,2,3,4}]
    F (size 3, sgn_nz=False): [{2,4} {1,2,3} {1,2,3,4}]
    F (size 3, sgn_nz=False): [{3,4} {1,2,3} {1,2,3,4}]
    F (size 3, sgn_nz=False): [{3} {1,2,4} {1,2,3,4}]
    F (size 3, sgn_nz=False): [{1,3} {1,2,4} {1,2,3,4}]
    F (size 3, sgn_nz=False): [{2,3} {1,2,4} {1,2,3,4}]
    F (size 3, sgn_nz=False): [{3,4} {1,2,4} {1,2,3,4}]
    F (size 3, sgn_nz=False): [{1,2,3} {1,2,4} {1,2,3,4}]
    F (size 5, sgn_nz=False): [{1,4} {2,3} {1,2,3} {1,2,4} {1,2,3,4}]
    F (size 5, sgn_nz=False): [{1,3} {2,4} {1,2,3} {1,2,4} {1,2,3,4}]
    F (size 4, sgn_nz=False): [{3,4} {1,2,3} {1,2,4} {1,2,3,4}]
    F (size 5, sgn_nz=False): [0 {3,4} {1,2,3} {1,2,4} {1,2,3,4}]
    F (size 5, sgn_nz=False): [{3} {3,4} {1,2,3} {1,2,4} {1,2,3,4}]
    F (size 5, sgn_nz=False): [{4} {3,4} {1,2,3} {1,2,4} {1,2,3,4}]
    F (size 5, sgn_nz=False): [{1,2} {3,4} {1,2,3} {1,2,4} {1,2,3,4}]
    F (size 7, sgn_nz=False): [{3} {4} {1,2} {3,4} {1,2,3} {1,2,4} {1,2,3,4}]
    F (size 3, sgn_nz=False): [{2} {1,3,4} {1,2,3,4}]
    F (size 3, sgn_nz=False): [{1,2} {1,3,4} {1,2,3,4}]
    F (size 3, sgn_nz=False): [{2,3} {1,3,4} {1,2,3,4}]
    F (size 3, sgn_nz=False): [{2,4} {1,3,4} {1,2,3,4}]
    F (size 3, sgn_nz=False): [{1,2,3} {1,3,4} {1,2,3,4}]
    F (size 5, sgn_nz=False): [{1,4} {2,3} {1,2,3} {1,3,4} {1,2,3,4}]
    F (size 4, sgn_nz=False): [{2,4} {1,2,3} {1,3,4} {1,2,3,4}]
    F (size 5, sgn_nz=False): [0 {2,4} {1,2,3} {1,3,4} {1,2,3,4}]
    F (size 5, sgn_nz=False): [{2} {2,4} {1,2,3} {1,3,4} {1,2,3,4}]
    F (size 5, sgn_nz=False): [{4} {2,4} {1,2,3} {1,3,4} {1,2,3,4}]
    F (size 5, sgn_nz=False): [{1,3} {2,4} {1,2,3} {1,3,4} {1,2,3,4}]
    F (size 7, sgn_nz=False): [{2} {4} {1,3} {2,4} {1,2,3} {1,3,4} {1,2,3,4}]
    F (size 5, sgn_nz=False): [{1,2} {3,4} {1,2,3} {1,3,4} {1,2,3,4}]
    F (size 3, sgn_nz=False): [{1,2,4} {1,3,4} {1,2,3,4}]
    F (size 4, sgn_nz=False): [{2,3} {1,2,4} {1,3,4} {1,2,3,4}]
    F (size 5, sgn_nz=False): [0 {2,3} {1,2,4} {1,3,4} {1,2,3,4}]
    F (size 5, sgn_nz=False): [{2} {2,3} {1,2,4} {1,3,4} {1,2,3,4}]
    F (size 5, sgn_nz=False): [{3} {2,3} {1,2,4} {1,3,4} {1,2,3,4}]
    F (size 5, sgn_nz=False): [{1,4} {2,3} {1,2,4} {1,3,4} {1,2,3,4}]
    F (size 7, sgn_nz=False): [{2} {3} {1,4} {2,3} {1,2,4} {1,3,4} {1,2,3,4}]
    F (size 5, sgn_nz=False): [{1,3} {2,4} {1,2,4} {1,3,4} {1,2,3,4}]
    F (size 5, sgn_nz=False): [{1,2} {3,4} {1,2,4} {1,3,4} {1,2,3,4}]
    F (size 4, sgn_nz=False): [{1,2,3} {1,2,4} {1,3,4} {1,2,3,4}]
    F (size 5, sgn_nz=False): [0 {1,2,3} {1,2,4} {1,3,4} {1,2,3,4}]
    F (size 5, sgn_nz=False): [{1} {1,2,3} {1,2,4} {1,3,4} {1,2,3,4}]
    F (size 5, sgn_nz=False): [{2} {1,2,3} {1,2,4} {1,3,4} {1,2,3,4}]
    F (size 5, sgn_nz=False): [{3} {1,2,3} {1,2,4} {1,3,4} {1,2,3,4}]
    F (size 5, sgn_nz=False): [{4} {1,2,3} {1,2,4} {1,3,4} {1,2,3,4}]
    F (size 5, sgn_nz=False): [{1,2} {1,2,3} {1,2,4} {1,3,4} {1,2,3,4}]
    F (size 5, sgn_nz=False): [{1,3} {1,2,3} {1,2,4} {1,3,4} {1,2,3,4}]
    F (size 7, sgn_nz=False): [{4} {1,2} {1,3} {1,2,3} {1,2,4} {1,3,4} {1,2,3,4}]
    F (size 5, sgn_nz=False): [{1,4} {1,2,3} {1,2,4} {1,3,4} {1,2,3,4}]
    F (size 7, sgn_nz=False): [{3} {1,2} {1,4} {1,2,3} {1,2,4} {1,3,4} {1,2,3,4}]
    F (size 7, sgn_nz=False): [{2} {1,3} {1,4} {1,2,3} {1,2,4} {1,3,4} {1,2,3,4}]
    F (size 7, sgn_nz=False): [{1,2} {1,3} {1,4} {1,2,3} {1,2,4} {1,3,4} {1,2,3,4}]
    F (size 5, sgn_nz=False): [{2,3} {1,2,3} {1,2,4} {1,3,4} {1,2,3,4}]
    F (size 6, sgn_nz=False): [{1,4} {2,3} {1,2,3} {1,2,4} {1,3,4} {1,2,3,4}]
    F (size 7, sgn_nz=False): [0 {1,4} {2,3} {1,2,3} {1,2,4} {1,3,4} {1,2,3,4}]
    F (size 7, sgn_nz=False): [{1} {1,4} {2,3} {1,2,3} {1,2,4} {1,3,4} {1,2,3,4}]
    F (size 7, sgn_nz=True): [{2} {1,4} {2,3} {1,2,3} {1,2,4} {1,3,4} {1,2,3,4}]
    F (size 7, sgn_nz=True): [{3} {1,4} {2,3} {1,2,3} {1,2,4} {1,3,4} {1,2,3,4}]
    F (size 7, sgn_nz=False): [{1,2} {1,4} {2,3} {1,2,3} {1,2,4} {1,3,4} {1,2,3,4}]
    F (size 7, sgn_nz=False): [{1,3} {1,4} {2,3} {1,2,3} {1,2,4} {1,3,4} {1,2,3,4}]
    F (size 5, sgn_nz=False): [{2,4} {1,2,3} {1,2,4} {1,3,4} {1,2,3,4}]
    F (size 6, sgn_nz=False): [{1,3} {2,4} {1,2,3} {1,2,4} {1,3,4} {1,2,3,4}]
    F (size 7, sgn_nz=False): [0 {1,3} {2,4} {1,2,3} {1,2,4} {1,3,4} {1,2,3,4}]
    F (size 7, sgn_nz=False): [{1} {1,3} {2,4} {1,2,3} {1,2,4} {1,3,4} {1,2,3,4}]
    F (size 7, sgn_nz=True): [{2} {1,3} {2,4} {1,2,3} {1,2,4} {1,3,4} {1,2,3,4}]
    F (size 7, sgn_nz=True): [{4} {1,3} {2,4} {1,2,3} {1,2,4} {1,3,4} {1,2,3,4}]
    F (size 7, sgn_nz=False): [{1,2} {1,3} {2,4} {1,2,3} {1,2,4} {1,3,4} {1,2,3,4}]
    F (size 7, sgn_nz=False): [{1,3} {1,4} {2,4} {1,2,3} {1,2,4} {1,3,4} {1,2,3,4}]
    F (size 5, sgn_nz=False): [{3,4} {1,2,3} {1,2,4} {1,3,4} {1,2,3,4}]
    F (size 6, sgn_nz=False): [{1,2} {3,4} {1,2,3} {1,2,4} {1,3,4} {1,2,3,4}]
    F (size 7, sgn_nz=False): [0 {1,2} {3,4} {1,2,3} {1,2,4} {1,3,4} {1,2,3,4}]
    F (size 7, sgn_nz=False): [{1} {1,2} {3,4} {1,2,3} {1,2,4} {1,3,4} {1,2,3,4}]
    F (size 7, sgn_nz=True): [{3} {1,2} {3,4} {1,2,3} {1,2,4} {1,3,4} {1,2,3,4}]
    F (size 7, sgn_nz=True): [{4} {1,2} {3,4} {1,2,3} {1,2,4} {1,3,4} {1,2,3,4}]
    F (size 7, sgn_nz=False): [{1,2} {1,3} {3,4} {1,2,3} {1,2,4} {1,3,4} {1,2,3,4}]
    F (size 7, sgn_nz=False): [{1,2} {1,4} {3,4} {1,2,3} {1,2,4} {1,3,4} {1,2,3,4}]
    F (size 3, sgn_nz=False): [{1} {2,3,4} {1,2,3,4}]
    F (size 3, sgn_nz=False): [{1,2} {2,3,4} {1,2,3,4}]
    F (size 3, sgn_nz=False): [{1,3} {2,3,4} {1,2,3,4}]
    F (size 3, sgn_nz=False): [{1,4} {2,3,4} {1,2,3,4}]
    F (size 3, sgn_nz=False): [{1,2,3} {2,3,4} {1,2,3,4}]
    F (size 4, sgn_nz=False): [{1,4} {1,2,3} {2,3,4} {1,2,3,4}]
    F (size 5, sgn_nz=False): [0 {1,4} {1,2,3} {2,3,4} {1,2,3,4}]
    F (size 5, sgn_nz=False): [{1} {1,4} {1,2,3} {2,3,4} {1,2,3,4}]
    F (size 5, sgn_nz=False): [{4} {1,4} {1,2,3} {2,3,4} {1,2,3,4}]
    F (size 5, sgn_nz=False): [{1,4} {2,3} {1,2,3} {2,3,4} {1,2,3,4}]
    F (size 7, sgn_nz=False): [{1} {4} {1,4} {2,3} {1,2,3} {2,3,4} {1,2,3,4}]
    F (size 5, sgn_nz=False): [{1,3} {2,4} {1,2,3} {2,3,4} {1,2,3,4}]
    F (size 5, sgn_nz=False): [{1,2} {3,4} {1,2,3} {2,3,4} {1,2,3,4}]
    F (size 3, sgn_nz=False): [{1,2,4} {2,3,4} {1,2,3,4}]
    F (size 4, sgn_nz=False): [{1,3} {1,2,4} {2,3,4} {1,2,3,4}]
    F (size 5, sgn_nz=False): [0 {1,3} {1,2,4} {2,3,4} {1,2,3,4}]
    F (size 5, sgn_nz=False): [{1} {1,3} {1,2,4} {2,3,4} {1,2,3,4}]
    F (size 5, sgn_nz=False): [{3} {1,3} {1,2,4} {2,3,4} {1,2,3,4}]
    F (size 5, sgn_nz=False): [{1,4} {2,3} {1,2,4} {2,3,4} {1,2,3,4}]
    F (size 5, sgn_nz=False): [{1,3} {2,4} {1,2,4} {2,3,4} {1,2,3,4}]
    F (size 7, sgn_nz=False): [{1} {3} {1,3} {2,4} {1,2,4} {2,3,4} {1,2,3,4}]
    F (size 5, sgn_nz=False): [{1,2} {3,4} {1,2,4} {2,3,4} {1,2,3,4}]
    F (size 4, sgn_nz=False): [{1,2,3} {1,2,4} {2,3,4} {1,2,3,4}]
    F (size 5, sgn_nz=False): [0 {1,2,3} {1,2,4} {2,3,4} {1,2,3,4}]
    F (size 5, sgn_nz=False): [{1} {1,2,3} {1,2,4} {2,3,4} {1,2,3,4}]
    F (size 5, sgn_nz=False): [{2} {1,2,3} {1,2,4} {2,3,4} {1,2,3,4}]
    F (size 5, sgn_nz=False): [{3} {1,2,3} {1,2,4} {2,3,4} {1,2,3,4}]
    F (size 5, sgn_nz=False): [{4} {1,2,3} {1,2,4} {2,3,4} {1,2,3,4}]
    F (size 5, sgn_nz=False): [{1,2} {1,2,3} {1,2,4} {2,3,4} {1,2,3,4}]
    F (size 5, sgn_nz=False): [{1,3} {1,2,3} {1,2,4} {2,3,4} {1,2,3,4}]
    F (size 5, sgn_nz=False): [{1,4} {1,2,3} {1,2,4} {2,3,4} {1,2,3,4}]
    F (size 5, sgn_nz=False): [{2,3} {1,2,3} {1,2,4} {2,3,4} {1,2,3,4}]
    F (size 7, sgn_nz=False): [{4} {1,2} {2,3} {1,2,3} {1,2,4} {2,3,4} {1,2,3,4}]
    F (size 6, sgn_nz=False): [{1,4} {2,3} {1,2,3} {1,2,4} {2,3,4} {1,2,3,4}]
    F (size 7, sgn_nz=False): [0 {1,4} {2,3} {1,2,3} {1,2,4} {2,3,4} {1,2,3,4}]
    F (size 7, sgn_nz=True): [{1} {1,4} {2,3} {1,2,3} {1,2,4} {2,3,4} {1,2,3,4}]
    F (size 7, sgn_nz=False): [{2} {1,4} {2,3} {1,2,3} {1,2,4} {2,3,4} {1,2,3,4}]
    F (size 7, sgn_nz=True): [{4} {1,4} {2,3} {1,2,3} {1,2,4} {2,3,4} {1,2,3,4}]
    F (size 7, sgn_nz=False): [{1,2} {1,4} {2,3} {1,2,3} {1,2,4} {2,3,4} {1,2,3,4}]
    F (size 5, sgn_nz=False): [{2,4} {1,2,3} {1,2,4} {2,3,4} {1,2,3,4}]
    F (size 7, sgn_nz=False): [{3} {1,2} {2,4} {1,2,3} {1,2,4} {2,3,4} {1,2,3,4}]
    F (size 6, sgn_nz=False): [{1,3} {2,4} {1,2,3} {1,2,4} {2,3,4} {1,2,3,4}]
    F (size 7, sgn_nz=False): [0 {1,3} {2,4} {1,2,3} {1,2,4} {2,3,4} {1,2,3,4}]
    F (size 7, sgn_nz=True): [{1} {1,3} {2,4} {1,2,3} {1,2,4} {2,3,4} {1,2,3,4}]
    F (size 7, sgn_nz=False): [{2} {1,3} {2,4} {1,2,3} {1,2,4} {2,3,4} {1,2,3,4}]
    F (size 7, sgn_nz=True): [{3} {1,3} {2,4} {1,2,3} {1,2,4} {2,3,4} {1,2,3,4}]
    F (size 7, sgn_nz=False): [{1,2} {1,3} {2,4} {1,2,3} {1,2,4} {2,3,4} {1,2,3,4}]
    F (size 7, sgn_nz=False): [{1} {2,3} {2,4} {1,2,3} {1,2,4} {2,3,4} {1,2,3,4}]
    F (size 7, sgn_nz=False): [{1,2} {2,3} {2,4} {1,2,3} {1,2,4} {2,3,4} {1,2,3,4}]
    F (size 7, sgn_nz=False): [{1,3} {2,3} {2,4} {1,2,3} {1,2,4} {2,3,4} {1,2,3,4}]
    F (size 7, sgn_nz=False): [{1,4} {2,3} {2,4} {1,2,3} {1,2,4} {2,3,4} {1,2,3,4}]
    F (size 5, sgn_nz=False): [{3,4} {1,2,3} {1,2,4} {2,3,4} {1,2,3,4}]
    F (size 6, sgn_nz=False): [{1,2} {3,4} {1,2,3} {1,2,4} {2,3,4} {1,2,3,4}]
    F (size 7, sgn_nz=False): [0 {1,2} {3,4} {1,2,3} {1,2,4} {2,3,4} {1,2,3,4}]
    F (size 7, sgn_nz=False): [{2} {1,2} {3,4} {1,2,3} {1,2,4} {2,3,4} {1,2,3,4}]
    F (size 7, sgn_nz=True): [{3} {1,2} {3,4} {1,2,3} {1,2,4} {2,3,4} {1,2,3,4}]
    F (size 7, sgn_nz=True): [{4} {1,2} {3,4} {1,2,3} {1,2,4} {2,3,4} {1,2,3,4}]
    F (size 7, sgn_nz=False): [{1,2} {2,3} {3,4} {1,2,3} {1,2,4} {2,3,4} {1,2,3,4}]
    F (size 7, sgn_nz=False): [{1,2} {2,4} {3,4} {1,2,3} {1,2,4} {2,3,4} {1,2,3,4}]
    F (size 3, sgn_nz=False): [{1,3,4} {2,3,4} {1,2,3,4}]
    F (size 4, sgn_nz=False): [{1,2} {1,3,4} {2,3,4} {1,2,3,4}]
    F (size 5, sgn_nz=False): [0 {1,2} {1,3,4} {2,3,4} {1,2,3,4}]
    F (size 5, sgn_nz=False): [{1} {1,2} {1,3,4} {2,3,4} {1,2,3,4}]
    F (size 5, sgn_nz=False): [{2} {1,2} {1,3,4} {2,3,4} {1,2,3,4}]
    F (size 5, sgn_nz=False): [{1,4} {2,3} {1,3,4} {2,3,4} {1,2,3,4}]
    F (size 5, sgn_nz=False): [{1,3} {2,4} {1,3,4} {2,3,4} {1,2,3,4}]
    F (size 5, sgn_nz=False): [{1,2} {3,4} {1,3,4} {2,3,4} {1,2,3,4}]
    F (size 7, sgn_nz=False): [{1} {2} {1,2} {3,4} {1,3,4} {2,3,4} {1,2,3,4}]
    F (size 4, sgn_nz=False): [{1,2,3} {1,3,4} {2,3,4} {1,2,3,4}]
    F (size 5, sgn_nz=False): [0 {1,2,3} {1,3,4} {2,3,4} {1,2,3,4}]
    F (size 5, sgn_nz=False): [{1} {1,2,3} {1,3,4} {2,3,4} {1,2,3,4}]
    F (size 5, sgn_nz=False): [{2} {1,2,3} {1,3,4} {2,3,4} {1,2,3,4}]
    F (size 5, sgn_nz=False): [{3} {1,2,3} {1,3,4} {2,3,4} {1,2,3,4}]
    F (size 5, sgn_nz=False): [{4} {1,2,3} {1,3,4} {2,3,4} {1,2,3,4}]
    F (size 5, sgn_nz=False): [{1,2} {1,2,3} {1,3,4} {2,3,4} {1,2,3,4}]
    F (size 5, sgn_nz=False): [{1,3} {1,2,3} {1,3,4} {2,3,4} {1,2,3,4}]
    F (size 5, sgn_nz=False): [{1,4} {1,2,3} {1,3,4} {2,3,4} {1,2,3,4}]
    F (size 5, sgn_nz=False): [{2,3} {1,2,3} {1,3,4} {2,3,4} {1,2,3,4}]
    F (size 7, sgn_nz=False): [{4} {1,3} {2,3} {1,2,3} {1,3,4} {2,3,4} {1,2,3,4}]
    F (size 6, sgn_nz=False): [{1,4} {2,3} {1,2,3} {1,3,4} {2,3,4} {1,2,3,4}]
    F (size 7, sgn_nz=False): [0 {1,4} {2,3} {1,2,3} {1,3,4} {2,3,4} {1,2,3,4}]
    F (size 7, sgn_nz=True): [{1} {1,4} {2,3} {1,2,3} {1,3,4} {2,3,4} {1,2,3,4}]
    F (size 7, sgn_nz=False): [{3} {1,4} {2,3} {1,2,3} {1,3,4} {2,3,4} {1,2,3,4}]
    F (size 7, sgn_nz=True): [{4} {1,4} {2,3} {1,2,3} {1,3,4} {2,3,4} {1,2,3,4}]
    F (size 7, sgn_nz=False): [{1,3} {1,4} {2,3} {1,2,3} {1,3,4} {2,3,4} {1,2,3,4}]
    F (size 5, sgn_nz=False): [{2,4} {1,2,3} {1,3,4} {2,3,4} {1,2,3,4}]
    F (size 6, sgn_nz=False): [{1,3} {2,4} {1,2,3} {1,3,4} {2,3,4} {1,2,3,4}]
    F (size 7, sgn_nz=False): [0 {1,3} {2,4} {1,2,3} {1,3,4} {2,3,4} {1,2,3,4}]
    F (size 7, sgn_nz=True): [{2} {1,3} {2,4} {1,2,3} {1,3,4} {2,3,4} {1,2,3,4}]
    F (size 7, sgn_nz=False): [{3} {1,3} {2,4} {1,2,3} {1,3,4} {2,3,4} {1,2,3,4}]
    F (size 7, sgn_nz=True): [{4} {1,3} {2,4} {1,2,3} {1,3,4} {2,3,4} {1,2,3,4}]
    F (size 7, sgn_nz=False): [{1,3} {2,3} {2,4} {1,2,3} {1,3,4} {2,3,4} {1,2,3,4}]
    F (size 5, sgn_nz=False): [{3,4} {1,2,3} {1,3,4} {2,3,4} {1,2,3,4}]
    F (size 6, sgn_nz=False): [{1,2} {3,4} {1,2,3} {1,3,4} {2,3,4} {1,2,3,4}]
    F (size 7, sgn_nz=False): [0 {1,2} {3,4} {1,2,3} {1,3,4} {2,3,4} {1,2,3,4}]
    F (size 7, sgn_nz=True): [{1} {1,2} {3,4} {1,2,3} {1,3,4} {2,3,4} {1,2,3,4}]
    F (size 7, sgn_nz=True): [{2} {1,2} {3,4} {1,2,3} {1,3,4} {2,3,4} {1,2,3,4}]
    F (size 7, sgn_nz=False): [{3} {1,2} {3,4} {1,2,3} {1,3,4} {2,3,4} {1,2,3,4}]
    F (size 7, sgn_nz=False): [{2} {1,3} {3,4} {1,2,3} {1,3,4} {2,3,4} {1,2,3,4}]
    F (size 7, sgn_nz=False): [{1,2} {1,3} {3,4} {1,2,3} {1,3,4} {2,3,4} {1,2,3,4}]
    F (size 7, sgn_nz=False): [{1} {2,3} {3,4} {1,2,3} {1,3,4} {2,3,4} {1,2,3,4}]
    F (size 7, sgn_nz=False): [{1,2} {2,3} {3,4} {1,2,3} {1,3,4} {2,3,4} {1,2,3,4}]
    F (size 7, sgn_nz=False): [{1,3} {2,3} {3,4} {1,2,3} {1,3,4} {2,3,4} {1,2,3,4}]
    F (size 7, sgn_nz=False): [{1,4} {2,3} {3,4} {1,2,3} {1,3,4} {2,3,4} {1,2,3,4}]
    F (size 7, sgn_nz=False): [{1,3} {2,4} {3,4} {1,2,3} {1,3,4} {2,3,4} {1,2,3,4}]
    F (size 4, sgn_nz=False): [{1,2,4} {1,3,4} {2,3,4} {1,2,3,4}]
    F (size 5, sgn_nz=False): [0 {1,2,4} {1,3,4} {2,3,4} {1,2,3,4}]
    F (size 5, sgn_nz=False): [{1} {1,2,4} {1,3,4} {2,3,4} {1,2,3,4}]
    F (size 5, sgn_nz=False): [{2} {1,2,4} {1,3,4} {2,3,4} {1,2,3,4}]
    F (size 5, sgn_nz=False): [{3} {1,2,4} {1,3,4} {2,3,4} {1,2,3,4}]
    F (size 5, sgn_nz=False): [{4} {1,2,4} {1,3,4} {2,3,4} {1,2,3,4}]
    F (size 5, sgn_nz=False): [{1,2} {1,2,4} {1,3,4} {2,3,4} {1,2,3,4}]
    F (size 5, sgn_nz=False): [{1,3} {1,2,4} {1,3,4} {2,3,4} {1,2,3,4}]
    F (size 5, sgn_nz=False): [{1,4} {1,2,4} {1,3,4} {2,3,4} {1,2,3,4}]
    F (size 5, sgn_nz=False): [{2,3} {1,2,4} {1,3,4} {2,3,4} {1,2,3,4}]
    F (size 6, sgn_nz=False): [{1,4} {2,3} {1,2,4} {1,3,4} {2,3,4} {1,2,3,4}]
    F (size 7, sgn_nz=False): [0 {1,4} {2,3} {1,2,4} {1,3,4} {2,3,4} {1,2,3,4}]
    F (size 7, sgn_nz=True): [{2} {1,4} {2,3} {1,2,4} {1,3,4} {2,3,4} {1,2,3,4}]
    F (size 7, sgn_nz=True): [{3} {1,4} {2,3} {1,2,4} {1,3,4} {2,3,4} {1,2,3,4}]
    F (size 7, sgn_nz=False): [{4} {1,4} {2,3} {1,2,4} {1,3,4} {2,3,4} {1,2,3,4}]
    F (size 5, sgn_nz=False): [{2,4} {1,2,4} {1,3,4} {2,3,4} {1,2,3,4}]
    F (size 6, sgn_nz=False): [{1,3} {2,4} {1,2,4} {1,3,4} {2,3,4} {1,2,3,4}]
    F (size 7, sgn_nz=False): [0 {1,3} {2,4} {1,2,4} {1,3,4} {2,3,4} {1,2,3,4}]
    F (size 7, sgn_nz=True): [{1} {1,3} {2,4} {1,2,4} {1,3,4} {2,3,4} {1,2,3,4}]
    F (size 7, sgn_nz=True): [{3} {1,3} {2,4} {1,2,4} {1,3,4} {2,3,4} {1,2,3,4}]
    F (size 7, sgn_nz=False): [{4} {1,3} {2,4} {1,2,4} {1,3,4} {2,3,4} {1,2,3,4}]
    F (size 7, sgn_nz=False): [{3} {1,4} {2,4} {1,2,4} {1,3,4} {2,3,4} {1,2,3,4}]
    F (size 7, sgn_nz=False): [{1,3} {1,4} {2,4} {1,2,4} {1,3,4} {2,3,4} {1,2,3,4}]
    F (size 7, sgn_nz=False): [{1,4} {2,3} {2,4} {1,2,4} {1,3,4} {2,3,4} {1,2,3,4}]
    F (size 5, sgn_nz=False): [{3,4} {1,2,4} {1,3,4} {2,3,4} {1,2,3,4}]
    F (size 6, sgn_nz=False): [{1,2} {3,4} {1,2,4} {1,3,4} {2,3,4} {1,2,3,4}]
    F (size 7, sgn_nz=False): [0 {1,2} {3,4} {1,2,4} {1,3,4} {2,3,4} {1,2,3,4}]
    F (size 7, sgn_nz=True): [{1} {1,2} {3,4} {1,2,4} {1,3,4} {2,3,4} {1,2,3,4}]
    F (size 7, sgn_nz=True): [{2} {1,2} {3,4} {1,2,4} {1,3,4} {2,3,4} {1,2,3,4}]
    F (size 7, sgn_nz=False): [{4} {1,2} {3,4} {1,2,4} {1,3,4} {2,3,4} {1,2,3,4}]
    F (size 7, sgn_nz=False): [{2} {1,4} {3,4} {1,2,4} {1,3,4} {2,3,4} {1,2,3,4}]
    F (size 7, sgn_nz=False): [{1,2} {1,4} {3,4} {1,2,4} {1,3,4} {2,3,4} {1,2,3,4}]
    F (size 7, sgn_nz=False): [{1,4} {2,3} {3,4} {1,2,4} {1,3,4} {2,3,4} {1,2,3,4}]
    F (size 7, sgn_nz=False): [{1} {2,4} {3,4} {1,2,4} {1,3,4} {2,3,4} {1,2,3,4}]
    F (size 7, sgn_nz=False): [{1,2} {2,4} {3,4} {1,2,4} {1,3,4} {2,3,4} {1,2,3,4}]
    F (size 7, sgn_nz=False): [{1,3} {2,4} {3,4} {1,2,4} {1,3,4} {2,3,4} {1,2,3,4}]
    F (size 7, sgn_nz=False): [{1,4} {2,4} {3,4} {1,2,4} {1,3,4} {2,3,4} {1,2,3,4}]
    F (size 5, sgn_nz=False): [{1,2,3} {1,2,4} {1,3,4} {2,3,4} {1,2,3,4}]
    F (size 6, sgn_nz=False): [0 {1,2,3} {1,2,4} {1,3,4} {2,3,4} {1,2,3,4}]
    F (size 6, sgn_nz=False): [{1} {1,2,3} {1,2,4} {1,3,4} {2,3,4} {1,2,3,4}]
    F (size 7, sgn_nz=False): [0 {1} {1,2,3} {1,2,4} {1,3,4} {2,3,4} {1,2,3,4}]
    F (size 6, sgn_nz=False): [{2} {1,2,3} {1,2,4} {1,3,4} {2,3,4} {1,2,3,4}]
    F (size 7, sgn_nz=False): [0 {2} {1,2,3} {1,2,4} {1,3,4} {2,3,4} {1,2,3,4}]
    F (size 6, sgn_nz=False): [{3} {1,2,3} {1,2,4} {1,3,4} {2,3,4} {1,2,3,4}]
    F (size 7, sgn_nz=False): [0 {3} {1,2,3} {1,2,4} {1,3,4} {2,3,4} {1,2,3,4}]
    F (size 6, sgn_nz=False): [{4} {1,2,3} {1,2,4} {1,3,4} {2,3,4} {1,2,3,4}]
    F (size 7, sgn_nz=False): [0 {4} {1,2,3} {1,2,4} {1,3,4} {2,3,4} {1,2,3,4}]
    F (size 6, sgn_nz=False): [{1,2} {1,2,3} {1,2,4} {1,3,4} {2,3,4} {1,2,3,4}]
    F (size 7, sgn_nz=False): [0 {1,2} {1,2,3} {1,2,4} {1,3,4} {2,3,4} {1,2,3,4}]
    F (size 7, sgn_nz=False): [{1} {1,2} {1,2,3} {1,2,4} {1,3,4} {2,3,4} {1,2,3,4}]
    F (size 7, sgn_nz=False): [{2} {1,2} {1,2,3} {1,2,4} {1,3,4} {2,3,4} {1,2,3,4}]
    F (size 7, sgn_nz=False): [{3} {1,2} {1,2,3} {1,2,4} {1,3,4} {2,3,4} {1,2,3,4}]
    F (size 7, sgn_nz=False): [{4} {1,2} {1,2,3} {1,2,4} {1,3,4} {2,3,4} {1,2,3,4}]
    F (size 6, sgn_nz=False): [{1,3} {1,2,3} {1,2,4} {1,3,4} {2,3,4} {1,2,3,4}]
    F (size 7, sgn_nz=False): [0 {1,3} {1,2,3} {1,2,4} {1,3,4} {2,3,4} {1,2,3,4}]
    F (size 7, sgn_nz=False): [{1} {1,3} {1,2,3} {1,2,4} {1,3,4} {2,3,4} {1,2,3,4}]
    F (size 7, sgn_nz=False): [{2} {1,3} {1,2,3} {1,2,4} {1,3,4} {2,3,4} {1,2,3,4}]
    F (size 7, sgn_nz=False): [{3} {1,3} {1,2,3} {1,2,4} {1,3,4} {2,3,4} {1,2,3,4}]
    F (size 7, sgn_nz=False): [{4} {1,3} {1,2,3} {1,2,4} {1,3,4} {2,3,4} {1,2,3,4}]
    F (size 7, sgn_nz=False): [{1,2} {1,3} {1,2,3} {1,2,4} {1,3,4} {2,3,4} {1,2,3,4}]
    F (size 8, sgn_nz=False): [{4} {1,2} {1,3} {1,2,3} {1,2,4} {1,3,4} {2,3,4} {1,2,3,4}]
    F (size 9, sgn_nz=False): [0 {4} {1,2} {1,3} {1,2,3} {1,2,4} {1,3,4} {2,3,4} {1,2,3,4}]
    F (size 6, sgn_nz=False): [{1,4} {1,2,3} {1,2,4} {1,3,4} {2,3,4} {1,2,3,4}]
    F (size 7, sgn_nz=False): [0 {1,4} {1,2,3} {1,2,4} {1,3,4} {2,3,4} {1,2,3,4}]
    F (size 7, sgn_nz=False): [{1} {1,4} {1,2,3} {1,2,4} {1,3,4} {2,3,4} {1,2,3,4}]
    F (size 7, sgn_nz=False): [{2} {1,4} {1,2,3} {1,2,4} {1,3,4} {2,3,4} {1,2,3,4}]
    F (size 7, sgn_nz=False): [{3} {1,4} {1,2,3} {1,2,4} {1,3,4} {2,3,4} {1,2,3,4}]
    F (size 7, sgn_nz=False): [{4} {1,4} {1,2,3} {1,2,4} {1,3,4} {2,3,4} {1,2,3,4}]
    F (size 7, sgn_nz=False): [{1,2} {1,4} {1,2,3} {1,2,4} {1,3,4} {2,3,4} {1,2,3,4}]
    F (size 8, sgn_nz=False): [{3} {1,2} {1,4} {1,2,3} {1,2,4} {1,3,4} {2,3,4} {1,2,3,4}]
    F (size 9, sgn_nz=False): [0 {3} {1,2} {1,4} {1,2,3} {1,2,4} {1,3,4} {2,3,4} {1,2,3,4}]
    F (size 7, sgn_nz=False): [{1,3} {1,4} {1,2,3} {1,2,4} {1,3,4} {2,3,4} {1,2,3,4}]
    F (size 8, sgn_nz=False): [{2} {1,3} {1,4} {1,2,3} {1,2,4} {1,3,4} {2,3,4} {1,2,3,4}]
    F (size 9, sgn_nz=False): [0 {2} {1,3} {1,4} {1,2,3} {1,2,4} {1,3,4} {2,3,4} {1,2,3,4}]
    F (size 8, sgn_nz=False): [{1,2} {1,3} {1,4} {1,2,3} {1,2,4} {1,3,4} {2,3,4} {1,2,3,4}]
    F (size 9, sgn_nz=False): [0 {1,2} {1,3} {1,4} {1,2,3} {1,2,4} {1,3,4} {2,3,4} {1,2,3,4}]
    F (size 9, sgn_nz=False): [{1} {1,2} {1,3} {1,4} {1,2,3} {1,2,4} {1,3,4} {2,3,4} {1,2,3,4}]
    F (size 9, sgn_nz=False): [{2} {1,2} {1,3} {1,4} {1,2,3} {1,2,4} {1,3,4} {2,3,4} {1,2,3,4}]
    F (size 9, sgn_nz=False): [{3} {1,2} {1,3} {1,4} {1,2,3} {1,2,4} {1,3,4} {2,3,4} {1,2,3,4}]
    F (size 9, sgn_nz=False): [{4} {1,2} {1,3} {1,4} {1,2,3} {1,2,4} {1,3,4} {2,3,4} {1,2,3,4}]
    F (size 6, sgn_nz=False): [{2,3} {1,2,3} {1,2,4} {1,3,4} {2,3,4} {1,2,3,4}]
    F (size 7, sgn_nz=False): [0 {2,3} {1,2,3} {1,2,4} {1,3,4} {2,3,4} {1,2,3,4}]
    F (size 7, sgn_nz=False): [{1} {2,3} {1,2,3} {1,2,4} {1,3,4} {2,3,4} {1,2,3,4}]
    F (size 7, sgn_nz=False): [{2} {2,3} {1,2,3} {1,2,4} {1,3,4} {2,3,4} {1,2,3,4}]
    F (size 7, sgn_nz=False): [{3} {2,3} {1,2,3} {1,2,4} {1,3,4} {2,3,4} {1,2,3,4}]
    F (size 7, sgn_nz=False): [{4} {2,3} {1,2,3} {1,2,4} {1,3,4} {2,3,4} {1,2,3,4}]
    F (size 7, sgn_nz=False): [{1,2} {2,3} {1,2,3} {1,2,4} {1,3,4} {2,3,4} {1,2,3,4}]
    F (size 8, sgn_nz=False): [{4} {1,2} {2,3} {1,2,3} {1,2,4} {1,3,4} {2,3,4} {1,2,3,4}]
    F (size 9, sgn_nz=False): [0 {4} {1,2} {2,3} {1,2,3} {1,2,4} {1,3,4} {2,3,4} {1,2,3,4}]
    F (size 7, sgn_nz=False): [{1,3} {2,3} {1,2,3} {1,2,4} {1,3,4} {2,3,4} {1,2,3,4}]
    F (size 8, sgn_nz=False): [{4} {1,3} {2,3} {1,2,3} {1,2,4} {1,3,4} {2,3,4} {1,2,3,4}]
    F (size 9, sgn_nz=False): [0 {4} {1,3} {2,3} {1,2,3} {1,2,4} {1,3,4} {2,3,4} {1,2,3,4}]
    F (size 9, sgn_nz=False): [{4} {1,2} {1,3} {2,3} {1,2,3} {1,2,4} {1,3,4} {2,3,4} {1,2,3,4}]
    F (size 7, sgn_nz=False): [{1,4} {2,3} {1,2,3} {1,2,4} {1,3,4} {2,3,4} {1,2,3,4}]
    F (size 8, sgn_nz=False): [0 {1,4} {2,3} {1,2,3} {1,2,4} {1,3,4} {2,3,4} {1,2,3,4}]
    F (size 8, sgn_nz=False): [{1} {1,4} {2,3} {1,2,3} {1,2,4} {1,3,4} {2,3,4} {1,2,3,4}]
    F (size 9, sgn_nz=False): [0 {1} {1,4} {2,3} {1,2,3} {1,2,4} {1,3,4} {2,3,4} {1,2,3,4}]
    F (size 8, sgn_nz=False): [{2} {1,4} {2,3} {1,2,3} {1,2,4} {1,3,4} {2,3,4} {1,2,3,4}]
    F (size 9, sgn_nz=False): [0 {2} {1,4} {2,3} {1,2,3} {1,2,4} {1,3,4} {2,3,4} {1,2,3,4}]
    F (size 8, sgn_nz=False): [{3} {1,4} {2,3} {1,2,3} {1,2,4} {1,3,4} {2,3,4} {1,2,3,4}]
    F (size 9, sgn_nz=False): [0 {3} {1,4} {2,3} {1,2,3} {1,2,4} {1,3,4} {2,3,4} {1,2,3,4}]
    F (size 9, sgn_nz=False): [{2} {3} {1,4} {2,3} {1,2,3} {1,2,4} {1,3,4} {2,3,4} {1,2,3,4}]
    F (size 8, sgn_nz=False): [{4} {1,4} {2,3} {1,2,3} {1,2,4} {1,3,4} {2,3,4} {1,2,3,4}]
    F (size 9, sgn_nz=False): [0 {4} {1,4} {2,3} {1,2,3} {1,2,4} {1,3,4} {2,3,4} {1,2,3,4}]
    F (size 9, sgn_nz=False): [{1} {4} {1,4} {2,3} {1,2,3} {1,2,4} {1,3,4} {2,3,4} {1,2,3,4}]
    F (size 8, sgn_nz=False): [{1,2} {1,4} {2,3} {1,2,3} {1,2,4} {1,3,4} {2,3,4} {1,2,3,4}]
    F (size 9, sgn_nz=False): [0 {1,2} {1,4} {2,3} {1,2,3} {1,2,4} {1,3,4} {2,3,4} {1,2,3,4}]
    F (size 9, sgn_nz=True): [{1} {1,2} {1,4} {2,3} {1,2,3} {1,2,4} {1,3,4} {2,3,4} {1,2,3,4}]
    F (size 9, sgn_nz=True): [{2} {1,2} {1,4} {2,3} {1,2,3} {1,2,4} {1,3,4} {2,3,4} {1,2,3,4}]
    F (size 9, sgn_nz=True): [{3} {1,2} {1,4} {2,3} {1,2,3} {1,2,4} {1,3,4} {2,3,4} {1,2,3,4}]
    F (size 9, sgn_nz=True): [{4} {1,2} {1,4} {2,3} {1,2,3} {1,2,4} {1,3,4} {2,3,4} {1,2,3,4}]
    F (size 8, sgn_nz=False): [{1,3} {1,4} {2,3} {1,2,3} {1,2,4} {1,3,4} {2,3,4} {1,2,3,4}]
    F (size 9, sgn_nz=False): [0 {1,3} {1,4} {2,3} {1,2,3} {1,2,4} {1,3,4} {2,3,4} {1,2,3,4}]
    F (size 9, sgn_nz=True): [{1} {1,3} {1,4} {2,3} {1,2,3} {1,2,4} {1,3,4} {2,3,4} {1,2,3,4}]
    F (size 9, sgn_nz=True): [{2} {1,3} {1,4} {2,3} {1,2,3} {1,2,4} {1,3,4} {2,3,4} {1,2,3,4}]
    F (size 9, sgn_nz=True): [{3} {1,3} {1,4} {2,3} {1,2,3} {1,2,4} {1,3,4} {2,3,4} {1,2,3,4}]
    F (size 9, sgn_nz=True): [{4} {1,3} {1,4} {2,3} {1,2,3} {1,2,4} {1,3,4} {2,3,4} {1,2,3,4}]
    F (size 9, sgn_nz=False): [{1,2} {1,3} {1,4} {2,3} {1,2,3} {1,2,4} {1,3,4} {2,3,4} {1,2,3,4}]
    F (size 10, sgn_nz=False): [{4} {1,2} {1,3} {1,4} {2,3} {1,2,3} {1,2,4} {1,3,4} {2,3,4} {1,2,3,4}]
    F (size 11, sgn_nz=False): [0 {4} {1,2} {1,3} {1,4} {2,3} {1,2,3} {1,2,4} {1,3,4} {2,3,4} {1,2,3,4}]
    F (size 11, sgn_nz=False): [{1} {4} {1,2} {1,3} {1,4} {2,3} {1,2,3} {1,2,4} {1,3,4} {2,3,4} {1,2,3,4}]
    F (size 6, sgn_nz=False): [{2,4} {1,2,3} {1,2,4} {1,3,4} {2,3,4} {1,2,3,4}]
    F (size 7, sgn_nz=False): [0 {2,4} {1,2,3} {1,2,4} {1,3,4} {2,3,4} {1,2,3,4}]
    F (size 7, sgn_nz=False): [{1} {2,4} {1,2,3} {1,2,4} {1,3,4} {2,3,4} {1,2,3,4}]
    F (size 7, sgn_nz=False): [{2} {2,4} {1,2,3} {1,2,4} {1,3,4} {2,3,4} {1,2,3,4}]
    F (size 7, sgn_nz=False): [{3} {2,4} {1,2,3} {1,2,4} {1,3,4} {2,3,4} {1,2,3,4}]
    F (size 7, sgn_nz=False): [{4} {2,4} {1,2,3} {1,2,4} {1,3,4} {2,3,4} {1,2,3,4}]
    F (size 7, sgn_nz=False): [{1,2} {2,4} {1,2,3} {1,2,4} {1,3,4} {2,3,4} {1,2,3,4}]
    F (size 8, sgn_nz=False): [{3} {1,2} {2,4} {1,2,3} {1,2,4} {1,3,4} {2,3,4} {1,2,3,4}]
    F (size 9, sgn_nz=False): [0 {3} {1,2} {2,4} {1,2,3} {1,2,4} {1,3,4} {2,3,4} {1,2,3,4}]
    F (size 7, sgn_nz=False): [{1,3} {2,4} {1,2,3} {1,2,4} {1,3,4} {2,3,4} {1,2,3,4}]
    F (size 8, sgn_nz=False): [0 {1,3} {2,4} {1,2,3} {1,2,4} {1,3,4} {2,3,4} {1,2,3,4}]
    F (size 8, sgn_nz=False): [{1} {1,3} {2,4} {1,2,3} {1,2,4} {1,3,4} {2,3,4} {1,2,3,4}]
    F (size 9, sgn_nz=False): [0 {1} {1,3} {2,4} {1,2,3} {1,2,4} {1,3,4} {2,3,4} {1,2,3,4}]
    F (size 8, sgn_nz=False): [{2} {1,3} {2,4} {1,2,3} {1,2,4} {1,3,4} {2,3,4} {1,2,3,4}]
    F (size 9, sgn_nz=False): [0 {2} {1,3} {2,4} {1,2,3} {1,2,4} {1,3,4} {2,3,4} {1,2,3,4}]
    F (size 8, sgn_nz=False): [{3} {1,3} {2,4} {1,2,3} {1,2,4} {1,3,4} {2,3,4} {1,2,3,4}]
    F (size 9, sgn_nz=False): [0 {3} {1,3} {2,4} {1,2,3} {1,2,4} {1,3,4} {2,3,4} {1,2,3,4}]
    F (size 9, sgn_nz=False): [{1} {3} {1,3} {2,4} {1,2,3} {1,2,4} {1,3,4} {2,3,4} {1,2,3,4}]
    F (size 8, sgn_nz=False): [{4} {1,3} {2,4} {1,2,3} {1,2,4} {1,3,4} {2,3,4} {1,2,3,4}]
    F (size 9, sgn_nz=False): [0 {4} {1,3} {2,4} {1,2,3} {1,2,4} {1,3,4} {2,3,4} {1,2,3,4}]
    F (size 9, sgn_nz=False): [{2} {4} {1,3} {2,4} {1,2,3} {1,2,4} {1,3,4} {2,3,4} {1,2,3,4}]
    F (size 8, sgn_nz=False): [{1,2} {1,3} {2,4} {1,2,3} {1,2,4} {1,3,4} {2,3,4} {1,2,3,4}]
    F (size 9, sgn_nz=False): [0 {1,2} {1,3} {2,4} {1,2,3} {1,2,4} {1,3,4} {2,3,4} {1,2,3,4}]
    F (size 9, sgn_nz=True): [{1} {1,2} {1,3} {2,4} {1,2,3} {1,2,4} {1,3,4} {2,3,4} {1,2,3,4}]
    F (size 9, sgn_nz=True): [{2} {1,2} {1,3} {2,4} {1,2,3} {1,2,4} {1,3,4} {2,3,4} {1,2,3,4}]
    F (size 9, sgn_nz=True): [{3} {1,2} {1,3} {2,4} {1,2,3} {1,2,4} {1,3,4} {2,3,4} {1,2,3,4}]
    F (size 9, sgn_nz=True): [{4} {1,2} {1,3} {2,4} {1,2,3} {1,2,4} {1,3,4} {2,3,4} {1,2,3,4}]
    F (size 7, sgn_nz=False): [{1,4} {2,4} {1,2,3} {1,2,4} {1,3,4} {2,3,4} {1,2,3,4}]
    F (size 8, sgn_nz=False): [{3} {1,4} {2,4} {1,2,3} {1,2,4} {1,3,4} {2,3,4} {1,2,3,4}]
    F (size 9, sgn_nz=False): [0 {3} {1,4} {2,4} {1,2,3} {1,2,4} {1,3,4} {2,3,4} {1,2,3,4}]
    F (size 9, sgn_nz=False): [{3} {1,2} {1,4} {2,4} {1,2,3} {1,2,4} {1,3,4} {2,3,4} {1,2,3,4}]
    F (size 8, sgn_nz=False): [{1,3} {1,4} {2,4} {1,2,3} {1,2,4} {1,3,4} {2,3,4} {1,2,3,4}]
    F (size 9, sgn_nz=False): [0 {1,3} {1,4} {2,4} {1,2,3} {1,2,4} {1,3,4} {2,3,4} {1,2,3,4}]
    F (size 9, sgn_nz=True): [{1} {1,3} {1,4} {2,4} {1,2,3} {1,2,4} {1,3,4} {2,3,4} {1,2,3,4}]
    F (size 9, sgn_nz=True): [{2} {1,3} {1,4} {2,4} {1,2,3} {1,2,4} {1,3,4} {2,3,4} {1,2,3,4}]
    F (size 9, sgn_nz=True): [{3} {1,3} {1,4} {2,4} {1,2,3} {1,2,4} {1,3,4} {2,3,4} {1,2,3,4}]
    F (size 9, sgn_nz=True): [{4} {1,3} {1,4} {2,4} {1,2,3} {1,2,4} {1,3,4} {2,3,4} {1,2,3,4}]
    F (size 9, sgn_nz=False): [{1,2} {1,3} {1,4} {2,4} {1,2,3} {1,2,4} {1,3,4} {2,3,4} {1,2,3,4}]
    F (size 10, sgn_nz=False): [{3} {1,2} {1,3} {1,4} {2,4} {1,2,3} {1,2,4} {1,3,4} {2,3,4} {1,2,3,4}]
    F (size 11, sgn_nz=False): [0 {3} {1,2} {1,3} {1,4} {2,4} {1,2,3} {1,2,4} {1,3,4} {2,3,4} {1,2,3,4}]
    F (size 11, sgn_nz=False): [{1} {3} {1,2} {1,3} {1,4} {2,4} {1,2,3} {1,2,4} {1,3,4} {2,3,4} {1,2,3,4}]
    F (size 7, sgn_nz=False): [{2,3} {2,4} {1,2,3} {1,2,4} {1,3,4} {2,3,4} {1,2,3,4}]
    F (size 8, sgn_nz=False): [{1} {2,3} {2,4} {1,2,3} {1,2,4} {1,3,4} {2,3,4} {1,2,3,4}]
    F (size 9, sgn_nz=False): [0 {1} {2,3} {2,4} {1,2,3} {1,2,4} {1,3,4} {2,3,4} {1,2,3,4}]
    F (size 8, sgn_nz=False): [{1,2} {2,3} {2,4} {1,2,3} {1,2,4} {1,3,4} {2,3,4} {1,2,3,4}]
    F (size 9, sgn_nz=False): [0 {1,2} {2,3} {2,4} {1,2,3} {1,2,4} {1,3,4} {2,3,4} {1,2,3,4}]
    F (size 9, sgn_nz=False): [{1} {1,2} {2,3} {2,4} {1,2,3} {1,2,4} {1,3,4} {2,3,4} {1,2,3,4}]
    F (size 9, sgn_nz=False): [{2} {1,2} {2,3} {2,4} {1,2,3} {1,2,4} {1,3,4} {2,3,4} {1,2,3,4}]
    F (size 9, sgn_nz=False): [{3} {1,2} {2,3} {2,4} {1,2,3} {1,2,4} {1,3,4} {2,3,4} {1,2,3,4}]
    F (size 9, sgn_nz=False): [{4} {1,2} {2,3} {2,4} {1,2,3} {1,2,4} {1,3,4} {2,3,4} {1,2,3,4}]
    F (size 8, sgn_nz=False): [{1,3} {2,3} {2,4} {1,2,3} {1,2,4} {1,3,4} {2,3,4} {1,2,3,4}]
    F (size 9, sgn_nz=False): [0 {1,3} {2,3} {2,4} {1,2,3} {1,2,4} {1,3,4} {2,3,4} {1,2,3,4}]
    F (size 9, sgn_nz=True): [{1} {1,3} {2,3} {2,4} {1,2,3} {1,2,4} {1,3,4} {2,3,4} {1,2,3,4}]
    F (size 9, sgn_nz=True): [{2} {1,3} {2,3} {2,4} {1,2,3} {1,2,4} {1,3,4} {2,3,4} {1,2,3,4}]
    F (size 9, sgn_nz=True): [{3} {1,3} {2,3} {2,4} {1,2,3} {1,2,4} {1,3,4} {2,3,4} {1,2,3,4}]
    F (size 9, sgn_nz=True): [{4} {1,3} {2,3} {2,4} {1,2,3} {1,2,4} {1,3,4} {2,3,4} {1,2,3,4}]
    F (size 9, sgn_nz=False): [{1,2} {1,3} {2,3} {2,4} {1,2,3} {1,2,4} {1,3,4} {2,3,4} {1,2,3,4}]
    F (size 10, sgn_nz=False): [{4} {1,2} {1,3} {2,3} {2,4} {1,2,3} {1,2,4} {1,3,4} {2,3,4} {1,2,3,4}]
    F (size 11, sgn_nz=False): [0 {4} {1,2} {1,3} {2,3} {2,4} {1,2,3} {1,2,4} {1,3,4} {2,3,4} {1,2,3,4}]
    F (size 11, sgn_nz=False): [{2} {4} {1,2} {1,3} {2,3} {2,4} {1,2,3} {1,2,4} {1,3,4} {2,3,4} {1,2,3,4}]
    F (size 8, sgn_nz=False): [{1,4} {2,3} {2,4} {1,2,3} {1,2,4} {1,3,4} {2,3,4} {1,2,3,4}]
    F (size 9, sgn_nz=False): [0 {1,4} {2,3} {2,4} {1,2,3} {1,2,4} {1,3,4} {2,3,4} {1,2,3,4}]
    F (size 9, sgn_nz=True): [{1} {1,4} {2,3} {2,4} {1,2,3} {1,2,4} {1,3,4} {2,3,4} {1,2,3,4}]
    F (size 9, sgn_nz=True): [{2} {1,4} {2,3} {2,4} {1,2,3} {1,2,4} {1,3,4} {2,3,4} {1,2,3,4}]
    F (size 9, sgn_nz=True): [{3} {1,4} {2,3} {2,4} {1,2,3} {1,2,4} {1,3,4} {2,3,4} {1,2,3,4}]
    F (size 9, sgn_nz=True): [{4} {1,4} {2,3} {2,4} {1,2,3} {1,2,4} {1,3,4} {2,3,4} {1,2,3,4}]
    F (size 9, sgn_nz=False): [{1,2} {1,4} {2,3} {2,4} {1,2,3} {1,2,4} {1,3,4} {2,3,4} {1,2,3,4}]
    F (size 10, sgn_nz=False): [{3} {1,2} {1,4} {2,3} {2,4} {1,2,3} {1,2,4} {1,3,4} {2,3,4} {1,2,3,4}]
    F (size 11, sgn_nz=False): [0 {3} {1,2} {1,4} {2,3} {2,4} {1,2,3} {1,2,4} {1,3,4} {2,3,4} {1,2,3,4}]
    F (size 11, sgn_nz=False): [{2} {3} {1,2} {1,4} {2,3} {2,4} {1,2,3} {1,2,4} {1,3,4} {2,3,4} {1,2,3,4}]
    F (size 9, sgn_nz=False): [{1,3} {1,4} {2,3} {2,4} {1,2,3} {1,2,4} {1,3,4} {2,3,4} {1,2,3,4}]
    F (size 10, sgn_nz=False): [0 {1,3} {1,4} {2,3} {2,4} {1,2,3} {1,2,4} {1,3,4} {2,3,4} {1,2,3,4}]
    F (size 10, sgn_nz=False): [{1} {1,3} {1,4} {2,3} {2,4} {1,2,3} {1,2,4} {1,3,4} {2,3,4} {1,2,3,4}]
    F (size 11, sgn_nz=False): [0 {1} {1,3} {1,4} {2,3} {2,4} {1,2,3} {1,2,4} {1,3,4} {2,3,4} {1,2,3,4}]
    F (size 10, sgn_nz=False): [{2} {1,3} {1,4} {2,3} {2,4} {1,2,3} {1,2,4} {1,3,4} {2,3,4} {1,2,3,4}]
    F (size 11, sgn_nz=False): [0 {2} {1,3} {1,4} {2,3} {2,4} {1,2,3} {1,2,4} {1,3,4} {2,3,4} {1,2,3,4}]
    F (size 10, sgn_nz=False): [{3} {1,3} {1,4} {2,3} {2,4} {1,2,3} {1,2,4} {1,3,4} {2,3,4} {1,2,3,4}]
    F (size 11, sgn_nz=False): [0 {3} {1,3} {1,4} {2,3} {2,4} {1,2,3} {1,2,4} {1,3,4} {2,3,4} {1,2,3,4}]
    F (size 11, sgn_nz=True): [{1} {3} {1,3} {1,4} {2,3} {2,4} {1,2,3} {1,2,4} {1,3,4} {2,3,4} {1,2,3,4}]
    F (size 11, sgn_nz=True): [{2} {3} {1,3} {1,4} {2,3} {2,4} {1,2,3} {1,2,4} {1,3,4} {2,3,4} {1,2,3,4}]
    F (size 10, sgn_nz=False): [{4} {1,3} {1,4} {2,3} {2,4} {1,2,3} {1,2,4} {1,3,4} {2,3,4} {1,2,3,4}]
    F (size 11, sgn_nz=False): [0 {4} {1,3} {1,4} {2,3} {2,4} {1,2,3} {1,2,4} {1,3,4} {2,3,4} {1,2,3,4}]
    F (size 11, sgn_nz=True): [{1} {4} {1,3} {1,4} {2,3} {2,4} {1,2,3} {1,2,4} {1,3,4} {2,3,4} {1,2,3,4}]
    F (size 11, sgn_nz=True): [{2} {4} {1,3} {1,4} {2,3} {2,4} {1,2,3} {1,2,4} {1,3,4} {2,3,4} {1,2,3,4}]
    F (size 10, sgn_nz=False): [{1,2} {1,3} {1,4} {2,3} {2,4} {1,2,3} {1,2,4} {1,3,4} {2,3,4} {1,2,3,4}]
    F (size 11, sgn_nz=False): [0 {1,2} {1,3} {1,4} {2,3} {2,4} {1,2,3} {1,2,4} {1,3,4} {2,3,4} {1,2,3,4}]
    F (size 11, sgn_nz=False): [{1} {1,2} {1,3} {1,4} {2,3} {2,4} {1,2,3} {1,2,4} {1,3,4} {2,3,4} {1,2,3,4}]
    F (size 11, sgn_nz=False): [{2} {1,2} {1,3} {1,4} {2,3} {2,4} {1,2,3} {1,2,4} {1,3,4} {2,3,4} {1,2,3,4}]
    F (size 11, sgn_nz=False): [{3} {1,2} {1,3} {1,4} {2,3} {2,4} {1,2,3} {1,2,4} {1,3,4} {2,3,4} {1,2,3,4}]
    F (size 11, sgn_nz=False): [{4} {1,2} {1,3} {1,4} {2,3} {2,4} {1,2,3} {1,2,4} {1,3,4} {2,3,4} {1,2,3,4}]
    F (size 6, sgn_nz=False): [{3,4} {1,2,3} {1,2,4} {1,3,4} {2,3,4} {1,2,3,4}]
    F (size 7, sgn_nz=False): [0 {3,4} {1,2,3} {1,2,4} {1,3,4} {2,3,4} {1,2,3,4}]
    F (size 7, sgn_nz=False): [{1} {3,4} {1,2,3} {1,2,4} {1,3,4} {2,3,4} {1,2,3,4}]
    F (size 7, sgn_nz=False): [{2} {3,4} {1,2,3} {1,2,4} {1,3,4} {2,3,4} {1,2,3,4}]
    F (size 7, sgn_nz=False): [{3} {3,4} {1,2,3} {1,2,4} {1,3,4} {2,3,4} {1,2,3,4}]
    F (size 7, sgn_nz=False): [{4} {3,4} {1,2,3} {1,2,4} {1,3,4} {2,3,4} {1,2,3,4}]
    F (size 7, sgn_nz=False): [{1,2} {3,4} {1,2,3} {1,2,4} {1,3,4} {2,3,4} {1,2,3,4}]
    F (size 8, sgn_nz=False): [0 {1,2} {3,4} {1,2,3} {1,2,4} {1,3,4} {2,3,4} {1,2,3,4}]
    F (size 8, sgn_nz=False): [{1} {1,2} {3,4} {1,2,3} {1,2,4} {1,3,4} {2,3,4} {1,2,3,4}]
    F (size 9, sgn_nz=False): [0 {1} {1,2} {3,4} {1,2,3} {1,2,4} {1,3,4} {2,3,4} {1,2,3,4}]
    F (size 8, sgn_nz=False): [{2} {1,2} {3,4} {1,2,3} {1,2,4} {1,3,4} {2,3,4} {1,2,3,4}]
    F (size 9, sgn_nz=False): [0 {2} {1,2} {3,4} {1,2,3} {1,2,4} {1,3,4} {2,3,4} {1,2,3,4}]
    F (size 9, sgn_nz=False): [{1} {2} {1,2} {3,4} {1,2,3} {1,2,4} {1,3,4} {2,3,4} {1,2,3,4}]
    F (size 8, sgn_nz=False): [{3} {1,2} {3,4} {1,2,3} {1,2,4} {1,3,4} {2,3,4} {1,2,3,4}]
    F (size 9, sgn_nz=False): [0 {3} {1,2} {3,4} {1,2,3} {1,2,4} {1,3,4} {2,3,4} {1,2,3,4}]
    F (size 8, sgn_nz=False): [{4} {1,2} {3,4} {1,2,3} {1,2,4} {1,3,4} {2,3,4} {1,2,3,4}]
    F (size 9, sgn_nz=False): [0 {4} {1,2} {3,4} {1,2,3} {1,2,4} {1,3,4} {2,3,4} {1,2,3,4}]
    F (size 9, sgn_nz=False): [{3} {4} {1,2} {3,4} {1,2,3} {1,2,4} {1,3,4} {2,3,4} {1,2,3,4}]
    F (size 7, sgn_nz=False): [{1,3} {3,4} {1,2,3} {1,2,4} {1,3,4} {2,3,4} {1,2,3,4}]
    F (size 8, sgn_nz=False): [{2} {1,3} {3,4} {1,2,3} {1,2,4} {1,3,4} {2,3,4} {1,2,3,4}]
    F (size 9, sgn_nz=False): [0 {2} {1,3} {3,4} {1,2,3} {1,2,4} {1,3,4} {2,3,4} {1,2,3,4}]
    F (size 8, sgn_nz=False): [{1,2} {1,3} {3,4} {1,2,3} {1,2,4} {1,3,4} {2,3,4} {1,2,3,4}]
    F (size 9, sgn_nz=False): [0 {1,2} {1,3} {3,4} {1,2,3} {1,2,4} {1,3,4} {2,3,4} {1,2,3,4}]
    F (size 9, sgn_nz=True): [{1} {1,2} {1,3} {3,4} {1,2,3} {1,2,4} {1,3,4} {2,3,4} {1,2,3,4}]
    F (size 9, sgn_nz=True): [{2} {1,2} {1,3} {3,4} {1,2,3} {1,2,4} {1,3,4} {2,3,4} {1,2,3,4}]
    F (size 9, sgn_nz=True): [{3} {1,2} {1,3} {3,4} {1,2,3} {1,2,4} {1,3,4} {2,3,4} {1,2,3,4}]
    F (size 9, sgn_nz=True): [{4} {1,2} {1,3} {3,4} {1,2,3} {1,2,4} {1,3,4} {2,3,4} {1,2,3,4}]
    F (size 7, sgn_nz=False): [{1,4} {3,4} {1,2,3} {1,2,4} {1,3,4} {2,3,4} {1,2,3,4}]
    F (size 8, sgn_nz=False): [{2} {1,4} {3,4} {1,2,3} {1,2,4} {1,3,4} {2,3,4} {1,2,3,4}]
    F (size 9, sgn_nz=False): [0 {2} {1,4} {3,4} {1,2,3} {1,2,4} {1,3,4} {2,3,4} {1,2,3,4}]
    F (size 8, sgn_nz=False): [{1,2} {1,4} {3,4} {1,2,3} {1,2,4} {1,3,4} {2,3,4} {1,2,3,4}]
    F (size 9, sgn_nz=False): [0 {1,2} {1,4} {3,4} {1,2,3} {1,2,4} {1,3,4} {2,3,4} {1,2,3,4}]
    F (size 9, sgn_nz=True): [{1} {1,2} {1,4} {3,4} {1,2,3} {1,2,4} {1,3,4} {2,3,4} {1,2,3,4}]
    F (size 9, sgn_nz=True): [{2} {1,2} {1,4} {3,4} {1,2,3} {1,2,4} {1,3,4} {2,3,4} {1,2,3,4}]
    F (size 9, sgn_nz=True): [{3} {1,2} {1,4} {3,4} {1,2,3} {1,2,4} {1,3,4} {2,3,4} {1,2,3,4}]
    F (size 9, sgn_nz=True): [{4} {1,2} {1,4} {3,4} {1,2,3} {1,2,4} {1,3,4} {2,3,4} {1,2,3,4}]
    F (size 9, sgn_nz=False): [{2} {1,3} {1,4} {3,4} {1,2,3} {1,2,4} {1,3,4} {2,3,4} {1,2,3,4}]
    F (size 9, sgn_nz=False): [{1,2} {1,3} {1,4} {3,4} {1,2,3} {1,2,4} {1,3,4} {2,3,4} {1,2,3,4}]
    F (size 10, sgn_nz=False): [{2} {1,2} {1,3} {1,4} {3,4} {1,2,3} {1,2,4} {1,3,4} {2,3,4} {1,2,3,4}]
    F (size 11, sgn_nz=False): [0 {2} {1,2} {1,3} {1,4} {3,4} {1,2,3} {1,2,4} {1,3,4} {2,3,4} {1,2,3,4}]
    F (size 11, sgn_nz=False): [{1} {2} {1,2} {1,3} {1,4} {3,4} {1,2,3} {1,2,4} {1,3,4} {2,3,4} {1,2,3,4}]
    F (size 7, sgn_nz=False): [{2,3} {3,4} {1,2,3} {1,2,4} {1,3,4} {2,3,4} {1,2,3,4}]
    F (size 8, sgn_nz=False): [{1} {2,3} {3,4} {1,2,3} {1,2,4} {1,3,4} {2,3,4} {1,2,3,4}]
    F (size 9, sgn_nz=False): [0 {1} {2,3} {3,4} {1,2,3} {1,2,4} {1,3,4} {2,3,4} {1,2,3,4}]
    F (size 8, sgn_nz=False): [{1,2} {2,3} {3,4} {1,2,3} {1,2,4} {1,3,4} {2,3,4} {1,2,3,4}]
    F (size 9, sgn_nz=False): [0 {1,2} {2,3} {3,4} {1,2,3} {1,2,4} {1,3,4} {2,3,4} {1,2,3,4}]
    F (size 9, sgn_nz=True): [{1} {1,2} {2,3} {3,4} {1,2,3} {1,2,4} {1,3,4} {2,3,4} {1,2,3,4}]
    F (size 9, sgn_nz=True): [{2} {1,2} {2,3} {3,4} {1,2,3} {1,2,4} {1,3,4} {2,3,4} {1,2,3,4}]
    F (size 9, sgn_nz=True): [{3} {1,2} {2,3} {3,4} {1,2,3} {1,2,4} {1,3,4} {2,3,4} {1,2,3,4}]
    F (size 9, sgn_nz=True): [{4} {1,2} {2,3} {3,4} {1,2,3} {1,2,4} {1,3,4} {2,3,4} {1,2,3,4}]
    F (size 8, sgn_nz=False): [{1,3} {2,3} {3,4} {1,2,3} {1,2,4} {1,3,4} {2,3,4} {1,2,3,4}]
    F (size 9, sgn_nz=False): [0 {1,3} {2,3} {3,4} {1,2,3} {1,2,4} {1,3,4} {2,3,4} {1,2,3,4}]
    F (size 9, sgn_nz=False): [{1} {1,3} {2,3} {3,4} {1,2,3} {1,2,4} {1,3,4} {2,3,4} {1,2,3,4}]
    F (size 9, sgn_nz=False): [{2} {1,3} {2,3} {3,4} {1,2,3} {1,2,4} {1,3,4} {2,3,4} {1,2,3,4}]
    F (size 9, sgn_nz=False): [{3} {1,3} {2,3} {3,4} {1,2,3} {1,2,4} {1,3,4} {2,3,4} {1,2,3,4}]
    F (size 9, sgn_nz=False): [{4} {1,3} {2,3} {3,4} {1,2,3} {1,2,4} {1,3,4} {2,3,4} {1,2,3,4}]
    F (size 9, sgn_nz=False): [{1,2} {1,3} {2,3} {3,4} {1,2,3} {1,2,4} {1,3,4} {2,3,4} {1,2,3,4}]
    F (size 10, sgn_nz=False): [{4} {1,2} {1,3} {2,3} {3,4} {1,2,3} {1,2,4} {1,3,4} {2,3,4} {1,2,3,4}]
    F (size 11, sgn_nz=False): [0 {4} {1,2} {1,3} {2,3} {3,4} {1,2,3} {1,2,4} {1,3,4} {2,3,4} {1,2,3,4}]
    F (size 11, sgn_nz=False): [{3} {4} {1,2} {1,3} {2,3} {3,4} {1,2,3} {1,2,4} {1,3,4} {2,3,4} {1,2,3,4}]
    F (size 8, sgn_nz=False): [{1,4} {2,3} {3,4} {1,2,3} {1,2,4} {1,3,4} {2,3,4} {1,2,3,4}]
    F (size 9, sgn_nz=False): [0 {1,4} {2,3} {3,4} {1,2,3} {1,2,4} {1,3,4} {2,3,4} {1,2,3,4}]
    F (size 9, sgn_nz=True): [{1} {1,4} {2,3} {3,4} {1,2,3} {1,2,4} {1,3,4} {2,3,4} {1,2,3,4}]
    F (size 9, sgn_nz=True): [{2} {1,4} {2,3} {3,4} {1,2,3} {1,2,4} {1,3,4} {2,3,4} {1,2,3,4}]
    F (size 9, sgn_nz=True): [{3} {1,4} {2,3} {3,4} {1,2,3} {1,2,4} {1,3,4} {2,3,4} {1,2,3,4}]
    F (size 9, sgn_nz=True): [{4} {1,4} {2,3} {3,4} {1,2,3} {1,2,4} {1,3,4} {2,3,4} {1,2,3,4}]
    F (size 9, sgn_nz=False): [{1,2} {1,4} {2,3} {3,4} {1,2,3} {1,2,4} {1,3,4} {2,3,4} {1,2,3,4}]
    F (size 10, sgn_nz=False): [0 {1,2} {1,4} {2,3} {3,4} {1,2,3} {1,2,4} {1,3,4} {2,3,4} {1,2,3,4}]
    F (size 10, sgn_nz=False): [{1} {1,2} {1,4} {2,3} {3,4} {1,2,3} {1,2,4} {1,3,4} {2,3,4} {1,2,3,4}]
    F (size 11, sgn_nz=False): [0 {1} {1,2} {1,4} {2,3} {3,4} {1,2,3} {1,2,4} {1,3,4} {2,3,4} {1,2,3,4}]
    F (size 10, sgn_nz=False): [{2} {1,2} {1,4} {2,3} {3,4} {1,2,3} {1,2,4} {1,3,4} {2,3,4} {1,2,3,4}]
    F (size 11, sgn_nz=False): [0 {2} {1,2} {1,4} {2,3} {3,4} {1,2,3} {1,2,4} {1,3,4} {2,3,4} {1,2,3,4}]
    F (size 11, sgn_nz=True): [{1} {2} {1,2} {1,4} {2,3} {3,4} {1,2,3} {1,2,4} {1,3,4} {2,3,4} {1,2,3,4}]
    F (size 10, sgn_nz=False): [{3} {1,2} {1,4} {2,3} {3,4} {1,2,3} {1,2,4} {1,3,4} {2,3,4} {1,2,3,4}]
    F (size 11, sgn_nz=False): [0 {3} {1,2} {1,4} {2,3} {3,4} {1,2,3} {1,2,4} {1,3,4} {2,3,4} {1,2,3,4}]
    F (size 11, sgn_nz=True): [{2} {3} {1,2} {1,4} {2,3} {3,4} {1,2,3} {1,2,4} {1,3,4} {2,3,4} {1,2,3,4}]
    F (size 10, sgn_nz=False): [{4} {1,2} {1,4} {2,3} {3,4} {1,2,3} {1,2,4} {1,3,4} {2,3,4} {1,2,3,4}]
    F (size 11, sgn_nz=False): [0 {4} {1,2} {1,4} {2,3} {3,4} {1,2,3} {1,2,4} {1,3,4} {2,3,4} {1,2,3,4}]
    F (size 11, sgn_nz=True): [{1} {4} {1,2} {1,4} {2,3} {3,4} {1,2,3} {1,2,4} {1,3,4} {2,3,4} {1,2,3,4}]
    F (size 11, sgn_nz=True): [{3} {4} {1,2} {1,4} {2,3} {3,4} {1,2,3} {1,2,4} {1,3,4} {2,3,4} {1,2,3,4}]
    F (size 9, sgn_nz=False): [{1,3} {1,4} {2,3} {3,4} {1,2,3} {1,2,4} {1,3,4} {2,3,4} {1,2,3,4}]
    F (size 10, sgn_nz=False): [{2} {1,3} {1,4} {2,3} {3,4} {1,2,3} {1,2,4} {1,3,4} {2,3,4} {1,2,3,4}]
    F (size 11, sgn_nz=False): [0 {2} {1,3} {1,4} {2,3} {3,4} {1,2,3} {1,2,4} {1,3,4} {2,3,4} {1,2,3,4}]
    F (size 11, sgn_nz=False): [{2} {3} {1,3} {1,4} {2,3} {3,4} {1,2,3} {1,2,4} {1,3,4} {2,3,4} {1,2,3,4}]
    F (size 10, sgn_nz=False): [{1,2} {1,3} {1,4} {2,3} {3,4} {1,2,3} {1,2,4} {1,3,4} {2,3,4} {1,2,3,4}]
    F (size 11, sgn_nz=False): [0 {1,2} {1,3} {1,4} {2,3} {3,4} {1,2,3} {1,2,4} {1,3,4} {2,3,4} {1,2,3,4}]
    F (size 11, sgn_nz=False): [{1} {1,2} {1,3} {1,4} {2,3} {3,4} {1,2,3} {1,2,4} {1,3,4} {2,3,4} {1,2,3,4}]
    F (size 11, sgn_nz=False): [{2} {1,2} {1,3} {1,4} {2,3} {3,4} {1,2,3} {1,2,4} {1,3,4} {2,3,4} {1,2,3,4}]
    F (size 11, sgn_nz=False): [{3} {1,2} {1,3} {1,4} {2,3} {3,4} {1,2,3} {1,2,4} {1,3,4} {2,3,4} {1,2,3,4}]
    F (size 11, sgn_nz=False): [{4} {1,2} {1,3} {1,4} {2,3} {3,4} {1,2,3} {1,2,4} {1,3,4} {2,3,4} {1,2,3,4}]
    F (size 7, sgn_nz=False): [{2,4} {3,4} {1,2,3} {1,2,4} {1,3,4} {2,3,4} {1,2,3,4}]
    F (size 8, sgn_nz=False): [{1} {2,4} {3,4} {1,2,3} {1,2,4} {1,3,4} {2,3,4} {1,2,3,4}]
    F (size 9, sgn_nz=False): [0 {1} {2,4} {3,4} {1,2,3} {1,2,4} {1,3,4} {2,3,4} {1,2,3,4}]
    F (size 8, sgn_nz=False): [{1,2} {2,4} {3,4} {1,2,3} {1,2,4} {1,3,4} {2,3,4} {1,2,3,4}]
    F (size 9, sgn_nz=False): [0 {1,2} {2,4} {3,4} {1,2,3} {1,2,4} {1,3,4} {2,3,4} {1,2,3,4}]
    F (size 9, sgn_nz=True): [{1} {1,2} {2,4} {3,4} {1,2,3} {1,2,4} {1,3,4} {2,3,4} {1,2,3,4}]
    F (size 9, sgn_nz=True): [{2} {1,2} {2,4} {3,4} {1,2,3} {1,2,4} {1,3,4} {2,3,4} {1,2,3,4}]
    F (size 9, sgn_nz=True): [{3} {1,2} {2,4} {3,4} {1,2,3} {1,2,4} {1,3,4} {2,3,4} {1,2,3,4}]
    F (size 9, sgn_nz=True): [{4} {1,2} {2,4} {3,4} {1,2,3} {1,2,4} {1,3,4} {2,3,4} {1,2,3,4}]
    F (size 8, sgn_nz=False): [{1,3} {2,4} {3,4} {1,2,3} {1,2,4} {1,3,4} {2,3,4} {1,2,3,4}]
    F (size 9, sgn_nz=False): [0 {1,3} {2,4} {3,4} {1,2,3} {1,2,4} {1,3,4} {2,3,4} {1,2,3,4}]
    F (size 9, sgn_nz=True): [{1} {1,3} {2,4} {3,4} {1,2,3} {1,2,4} {1,3,4} {2,3,4} {1,2,3,4}]
    F (size 9, sgn_nz=True): [{2} {1,3} {2,4} {3,4} {1,2,3} {1,2,4} {1,3,4} {2,3,4} {1,2,3,4}]
    F (size 9, sgn_nz=True): [{3} {1,3} {2,4} {3,4} {1,2,3} {1,2,4} {1,3,4} {2,3,4} {1,2,3,4}]
    F (size 9, sgn_nz=True): [{4} {1,3} {2,4} {3,4} {1,2,3} {1,2,4} {1,3,4} {2,3,4} {1,2,3,4}]
    F (size 9, sgn_nz=False): [{1,2} {1,3} {2,4} {3,4} {1,2,3} {1,2,4} {1,3,4} {2,3,4} {1,2,3,4}]
    F (size 10, sgn_nz=False): [0 {1,2} {1,3} {2,4} {3,4} {1,2,3} {1,2,4} {1,3,4} {2,3,4} {1,2,3,4}]
    F (size 10, sgn_nz=False): [{1} {1,2} {1,3} {2,4} {3,4} {1,2,3} {1,2,4} {1,3,4} {2,3,4} {1,2,3,4}]
    F (size 11, sgn_nz=False): [0 {1} {1,2} {1,3} {2,4} {3,4} {1,2,3} {1,2,4} {1,3,4} {2,3,4} {1,2,3,4}]
    F (size 10, sgn_nz=False): [{2} {1,2} {1,3} {2,4} {3,4} {1,2,3} {1,2,4} {1,3,4} {2,3,4} {1,2,3,4}]
    F (size 11, sgn_nz=False): [0 {2} {1,2} {1,3} {2,4} {3,4} {1,2,3} {1,2,4} {1,3,4} {2,3,4} {1,2,3,4}]
    F (size 11, sgn_nz=True): [{1} {2} {1,2} {1,3} {2,4} {3,4} {1,2,3} {1,2,4} {1,3,4} {2,3,4} {1,2,3,4}]
    F (size 10, sgn_nz=False): [{3} {1,2} {1,3} {2,4} {3,4} {1,2,3} {1,2,4} {1,3,4} {2,3,4} {1,2,3,4}]
    F (size 11, sgn_nz=False): [0 {3} {1,2} {1,3} {2,4} {3,4} {1,2,3} {1,2,4} {1,3,4} {2,3,4} {1,2,3,4}]
    F (size 11, sgn_nz=True): [{1} {3} {1,2} {1,3} {2,4} {3,4} {1,2,3} {1,2,4} {1,3,4} {2,3,4} {1,2,3,4}]
    F (size 10, sgn_nz=False): [{4} {1,2} {1,3} {2,4} {3,4} {1,2,3} {1,2,4} {1,3,4} {2,3,4} {1,2,3,4}]
    F (size 11, sgn_nz=False): [0 {4} {1,2} {1,3} {2,4} {3,4} {1,2,3} {1,2,4} {1,3,4} {2,3,4} {1,2,3,4}]
    F (size 11, sgn_nz=True): [{2} {4} {1,2} {1,3} {2,4} {3,4} {1,2,3} {1,2,4} {1,3,4} {2,3,4} {1,2,3,4}]
    F (size 11, sgn_nz=True): [{3} {4} {1,2} {1,3} {2,4} {3,4} {1,2,3} {1,2,4} {1,3,4} {2,3,4} {1,2,3,4}]
    F (size 8, sgn_nz=False): [{1,4} {2,4} {3,4} {1,2,3} {1,2,4} {1,3,4} {2,3,4} {1,2,3,4}]
    F (size 9, sgn_nz=False): [0 {1,4} {2,4} {3,4} {1,2,3} {1,2,4} {1,3,4} {2,3,4} {1,2,3,4}]
    F (size 9, sgn_nz=False): [{1} {1,4} {2,4} {3,4} {1,2,3} {1,2,4} {1,3,4} {2,3,4} {1,2,3,4}]
    F (size 9, sgn_nz=False): [{2} {1,4} {2,4} {3,4} {1,2,3} {1,2,4} {1,3,4} {2,3,4} {1,2,3,4}]
    F (size 9, sgn_nz=False): [{3} {1,4} {2,4} {3,4} {1,2,3} {1,2,4} {1,3,4} {2,3,4} {1,2,3,4}]
    F (size 9, sgn_nz=False): [{4} {1,4} {2,4} {3,4} {1,2,3} {1,2,4} {1,3,4} {2,3,4} {1,2,3,4}]
    F (size 9, sgn_nz=False): [{1,2} {1,4} {2,4} {3,4} {1,2,3} {1,2,4} {1,3,4} {2,3,4} {1,2,3,4}]
    F (size 10, sgn_nz=False): [{3} {1,2} {1,4} {2,4} {3,4} {1,2,3} {1,2,4} {1,3,4} {2,3,4} {1,2,3,4}]
    F (size 11, sgn_nz=False): [0 {3} {1,2} {1,4} {2,4} {3,4} {1,2,3} {1,2,4} {1,3,4} {2,3,4} {1,2,3,4}]
    F (size 11, sgn_nz=False): [{3} {4} {1,2} {1,4} {2,4} {3,4} {1,2,3} {1,2,4} {1,3,4} {2,3,4} {1,2,3,4}]
    F (size 9, sgn_nz=False): [{1,3} {1,4} {2,4} {3,4} {1,2,3} {1,2,4} {1,3,4} {2,3,4} {1,2,3,4}]
    F (size 10, sgn_nz=False): [{2} {1,3} {1,4} {2,4} {3,4} {1,2,3} {1,2,4} {1,3,4} {2,3,4} {1,2,3,4}]
    F (size 11, sgn_nz=False): [0 {2} {1,3} {1,4} {2,4} {3,4} {1,2,3} {1,2,4} {1,3,4} {2,3,4} {1,2,3,4}]
    F (size 11, sgn_nz=False): [{2} {4} {1,3} {1,4} {2,4} {3,4} {1,2,3} {1,2,4} {1,3,4} {2,3,4} {1,2,3,4}]
    F (size 10, sgn_nz=False): [{1,2} {1,3} {1,4} {2,4} {3,4} {1,2,3} {1,2,4} {1,3,4} {2,3,4} {1,2,3,4}]
    F (size 11, sgn_nz=False): [0 {1,2} {1,3} {1,4} {2,4} {3,4} {1,2,3} {1,2,4} {1,3,4} {2,3,4} {1,2,3,4}]
    F (size 11, sgn_nz=False): [{1} {1,2} {1,3} {1,4} {2,4} {3,4} {1,2,3} {1,2,4} {1,3,4} {2,3,4} {1,2,3,4}]
    F (size 11, sgn_nz=False): [{2} {1,2} {1,3} {1,4} {2,4} {3,4} {1,2,3} {1,2,4} {1,3,4} {2,3,4} {1,2,3,4}]
    F (size 11, sgn_nz=False): [{3} {1,2} {1,3} {1,4} {2,4} {3,4} {1,2,3} {1,2,4} {1,3,4} {2,3,4} {1,2,3,4}]
    F (size 11, sgn_nz=False): [{4} {1,2} {1,3} {1,4} {2,4} {3,4} {1,2,3} {1,2,4} {1,3,4} {2,3,4} {1,2,3,4}]
    F (size 9, sgn_nz=False): [{1} {2,3} {2,4} {3,4} {1,2,3} {1,2,4} {1,3,4} {2,3,4} {1,2,3,4}]
    F (size 9, sgn_nz=False): [{1,2} {2,3} {2,4} {3,4} {1,2,3} {1,2,4} {1,3,4} {2,3,4} {1,2,3,4}]
    F (size 10, sgn_nz=False): [{1} {1,2} {2,3} {2,4} {3,4} {1,2,3} {1,2,4} {1,3,4} {2,3,4} {1,2,3,4}]
    F (size 11, sgn_nz=False): [0 {1} {1,2} {2,3} {2,4} {3,4} {1,2,3} {1,2,4} {1,3,4} {2,3,4} {1,2,3,4}]
    F (size 11, sgn_nz=False): [{1} {2} {1,2} {2,3} {2,4} {3,4} {1,2,3} {1,2,4} {1,3,4} {2,3,4} {1,2,3,4}]
    F (size 9, sgn_nz=False): [{1,3} {2,3} {2,4} {3,4} {1,2,3} {1,2,4} {1,3,4} {2,3,4} {1,2,3,4}]
    F (size 10, sgn_nz=False): [{1} {1,3} {2,3} {2,4} {3,4} {1,2,3} {1,2,4} {1,3,4} {2,3,4} {1,2,3,4}]
    F (size 11, sgn_nz=False): [0 {1} {1,3} {2,3} {2,4} {3,4} {1,2,3} {1,2,4} {1,3,4} {2,3,4} {1,2,3,4}]
    F (size 11, sgn_nz=False): [{1} {3} {1,3} {2,3} {2,4} {3,4} {1,2,3} {1,2,4} {1,3,4} {2,3,4} {1,2,3,4}]
    F (size 10, sgn_nz=False): [{1,2} {1,3} {2,3} {2,4} {3,4} {1,2,3} {1,2,4} {1,3,4} {2,3,4} {1,2,3,4}]
    F (size 11, sgn_nz=False): [0 {1,2} {1,3} {2,3} {2,4} {3,4} {1,2,3} {1,2,4} {1,3,4} {2,3,4} {1,2,3,4}]
    F (size 11, sgn_nz=False): [{1} {1,2} {1,3} {2,3} {2,4} {3,4} {1,2,3} {1,2,4} {1,3,4} {2,3,4} {1,2,3,4}]
    F (size 11, sgn_nz=False): [{2} {1,2} {1,3} {2,3} {2,4} {3,4} {1,2,3} {1,2,4} {1,3,4} {2,3,4} {1,2,3,4}]
    F (size 11, sgn_nz=False): [{3} {1,2} {1,3} {2,3} {2,4} {3,4} {1,2,3} {1,2,4} {1,3,4} {2,3,4} {1,2,3,4}]
    F (size 11, sgn_nz=False): [{4} {1,2} {1,3} {2,3} {2,4} {3,4} {1,2,3} {1,2,4} {1,3,4} {2,3,4} {1,2,3,4}]
    F (size 9, sgn_nz=False): [{1,4} {2,3} {2,4} {3,4} {1,2,3} {1,2,4} {1,3,4} {2,3,4} {1,2,3,4}]
    F (size 10, sgn_nz=False): [{1} {1,4} {2,3} {2,4} {3,4} {1,2,3} {1,2,4} {1,3,4} {2,3,4} {1,2,3,4}]
    F (size 11, sgn_nz=False): [0 {1} {1,4} {2,3} {2,4} {3,4} {1,2,3} {1,2,4} {1,3,4} {2,3,4} {1,2,3,4}]
    F (size 11, sgn_nz=False): [{1} {4} {1,4} {2,3} {2,4} {3,4} {1,2,3} {1,2,4} {1,3,4} {2,3,4} {1,2,3,4}]
    F (size 10, sgn_nz=False): [{1,2} {1,4} {2,3} {2,4} {3,4} {1,2,3} {1,2,4} {1,3,4} {2,3,4} {1,2,3,4}]
    F (size 11, sgn_nz=False): [0 {1,2} {1,4} {2,3} {2,4} {3,4} {1,2,3} {1,2,4} {1,3,4} {2,3,4} {1,2,3,4}]
    F (size 11, sgn_nz=False): [{1} {1,2} {1,4} {2,3} {2,4} {3,4} {1,2,3} {1,2,4} {1,3,4} {2,3,4} {1,2,3,4}]
    F (size 11, sgn_nz=False): [{2} {1,2} {1,4} {2,3} {2,4} {3,4} {1,2,3} {1,2,4} {1,3,4} {2,3,4} {1,2,3,4}]
    F (size 11, sgn_nz=False): [{3} {1,2} {1,4} {2,3} {2,4} {3,4} {1,2,3} {1,2,4} {1,3,4} {2,3,4} {1,2,3,4}]
    F (size 11, sgn_nz=False): [{4} {1,2} {1,4} {2,3} {2,4} {3,4} {1,2,3} {1,2,4} {1,3,4} {2,3,4} {1,2,3,4}]
    F (size 10, sgn_nz=False): [{1,3} {1,4} {2,3} {2,4} {3,4} {1,2,3} {1,2,4} {1,3,4} {2,3,4} {1,2,3,4}]
    F (size 11, sgn_nz=False): [0 {1,3} {1,4} {2,3} {2,4} {3,4} {1,2,3} {1,2,4} {1,3,4} {2,3,4} {1,2,3,4}]
    F (size 11, sgn_nz=False): [{1} {1,3} {1,4} {2,3} {2,4} {3,4} {1,2,3} {1,2,4} {1,3,4} {2,3,4} {1,2,3,4}]
    F (size 11, sgn_nz=False): [{2} {1,3} {1,4} {2,3} {2,4} {3,4} {1,2,3} {1,2,4} {1,3,4} {2,3,4} {1,2,3,4}]
    F (size 11, sgn_nz=False): [{3} {1,3} {1,4} {2,3} {2,4} {3,4} {1,2,3} {1,2,4} {1,3,4} {2,3,4} {1,2,3,4}]
    F (size 11, sgn_nz=False): [{4} {1,3} {1,4} {2,3} {2,4} {3,4} {1,2,3} {1,2,4} {1,3,4} {2,3,4} {1,2,3,4}]
    F (size 11, sgn_nz=False): [{1,2} {1,3} {1,4} {2,3} {2,4} {3,4} {1,2,3} {1,2,4} {1,3,4} {2,3,4} {1,2,3,4}]
    F (size 12, sgn_nz=False): [0 {1,2} {1,3} {1,4} {2,3} {2,4} {3,4} {1,2,3} {1,2,4} {1,3,4} {2,3,4} {1,2,3,4}]
    F (size 12, sgn_nz=False): [{1} {1,2} {1,3} {1,4} {2,3} {2,4} {3,4} {1,2,3} {1,2,4} {1,3,4} {2,3,4} {1,2,3,4}]
    F (size 13, sgn_nz=False): [0 {1} {1,2} {1,3} {1,4} {2,3} {2,4} {3,4} {1,2,3} {1,2,4} {1,3,4} {2,3,4} {1,2,3,4}]
    F (size 12, sgn_nz=False): [{2} {1,2} {1,3} {1,4} {2,3} {2,4} {3,4} {1,2,3} {1,2,4} {1,3,4} {2,3,4} {1,2,3,4}]
    F (size 13, sgn_nz=False): [0 {2} {1,2} {1,3} {1,4} {2,3} {2,4} {3,4} {1,2,3} {1,2,4} {1,3,4} {2,3,4} {1,2,3,4}]
    F (size 13, sgn_nz=False): [{1} {2} {1,2} {1,3} {1,4} {2,3} {2,4} {3,4} {1,2,3} {1,2,4} {1,3,4} {2,3,4} {1,2,3,4}]
    F (size 12, sgn_nz=False): [{3} {1,2} {1,3} {1,4} {2,3} {2,4} {3,4} {1,2,3} {1,2,4} {1,3,4} {2,3,4} {1,2,3,4}]
    F (size 13, sgn_nz=False): [0 {3} {1,2} {1,3} {1,4} {2,3} {2,4} {3,4} {1,2,3} {1,2,4} {1,3,4} {2,3,4} {1,2,3,4}]
    F (size 13, sgn_nz=False): [{1} {3} {1,2} {1,3} {1,4} {2,3} {2,4} {3,4} {1,2,3} {1,2,4} {1,3,4} {2,3,4} {1,2,3,4}]
    F (size 13, sgn_nz=False): [{2} {3} {1,2} {1,3} {1,4} {2,3} {2,4} {3,4} {1,2,3} {1,2,4} {1,3,4} {2,3,4} {1,2,3,4}]
    F (size 12, sgn_nz=False): [{4} {1,2} {1,3} {1,4} {2,3} {2,4} {3,4} {1,2,3} {1,2,4} {1,3,4} {2,3,4} {1,2,3,4}]
    F (size 13, sgn_nz=False): [0 {4} {1,2} {1,3} {1,4} {2,3} {2,4} {3,4} {1,2,3} {1,2,4} {1,3,4} {2,3,4} {1,2,3,4}]
    F (size 13, sgn_nz=False): [{1} {4} {1,2} {1,3} {1,4} {2,3} {2,4} {3,4} {1,2,3} {1,2,4} {1,3,4} {2,3,4} {1,2,3,4}]
    F (size 13, sgn_nz=False): [{2} {4} {1,2} {1,3} {1,4} {2,3} {2,4} {3,4} {1,2,3} {1,2,4} {1,3,4} {2,3,4} {1,2,3,4}]
    F (size 13, sgn_nz=False): [{3} {4} {1,2} {1,3} {1,4} {2,3} {2,4} {3,4} {1,2,3} {1,2,4} {1,3,4} {2,3,4} {1,2,3,4}]
    F (size 15, sgn_nz=False): [{1} {2} {3} {4} {1,2} {1,3} {1,4} {2,3} {2,4} {3,4} {1,2,3} {1,2,4} {1,3,4} {2,3,4} {1,2,3,4}]

  Non-counterexample-shape union-closed: 4361
    size 2: 0/65 non-zero sgn
    size 3: 24/140 non-zero sgn
    size 4: 48/311 non-zero sgn
    size 5: 96/440 non-zero sgn
    size 6: 192/686 non-zero sgn
    size 7: 264/664 non-zero sgn
    size 8: 300/728 non-zero sgn
    size 9: 204/498 non-zero sgn
    size 10: 192/410 non-zero sgn
    size 11: 72/196 non-zero sgn
    size 12: 36/142 non-zero sgn
    size 13: 24/54 non-zero sgn
    size 14: 0/22 non-zero sgn
    size 15: 0/4 non-zero sgn
    size 16: 0/1 non-zero sgn

  By size (CE-shape):
    size 3: 0/25 non-zero sgn
    size 4: 0/10 non-zero sgn
    size 5: 0/81 non-zero sgn
    size 6: 0/23 non-zero sgn
    size 7: 24/143 non-zero sgn
    size 8: 0/43 non-zero sgn
    size 9: 48/129 non-zero sgn
    size 10: 0/33 non-zero sgn
    size 11: 12/79 non-zero sgn
    size 12: 0/5 non-zero sgn
    size 13: 0/10 non-zero sgn
    size 15: 0/1 non-zero sgn
