==============================================================================
ENRICHED-HOST PROBE  n=3   [   0.0s]
==============================================================================
  CE-shape F candidates: 12
  top-dim chains: 6
  fundamental cycle z_chain=sgn(pi_chain) is a genuine cycle: True

  --- CANDIDATE 1: product host (PB_3)^2 (Kunneth) ---
  H^k(PB_3;Q) unreduced dims: H^0=1, H^1=1
  (PB_3)^2 Kunneth H^d = (+)_{i+j=d} H^i (x) H^j :
    d=0: dim=1   [H^0(x)H^0=1]
    d=1: dim=2   [H^0(x)H^1=1  H^1(x)H^0=1]
    d=2: dim=1   [H^1(x)H^1=1]

  --- CANDIDATE 2: filtered host (associated graded) ---
  top-chains by bottom cardinality |sigma_0|:
    p=1: 6 chains
  (note: every top chain has |sigma_0|=1, so the |sigma_0|-filtration
   places the entire top cochain group in a single grade p=1.)
  top-chains by top cardinality |sigma_top|: {2: 6} (always n-1 -> trivial).

  --- CANDIDATE 3: module-valued host  H^{1}(PB_3; std) ---
  Class vector V_c(F) in Q^3; split into triv(mean=sum) + std(spread).
  F (CE-shape)                                  stab  orb |  DEF x e_xnew std!=0 |  CNT x e_xtop std!=0 |  DEF x e_xtop std!=0
  [{3} {1,2} {1,2,3}]                              2    2 |     [2, 2, 2]  0 |     [2, 2, 2]  0 |     [2, 2, 2]  0
  [{2} {1,3} {1,2,3}]                              2    2 |     [2, 2, 2]  0 |     [2, 2, 2]  0 |     [2, 2, 2]  0
  [{1,2} {1,3} {1,2,3}]                            2    2 |     [6, 2, 2]  1 |     [0, 2, 2]  1 |     [2, 4, 4]  1
  [{1} {2,3} {1,2,3}]                              2    2 |     [2, 2, 2]  0 |     [2, 2, 2]  0 |     [2, 2, 2]  0
  [{1,2} {2,3} {1,2,3}]                            2    2 |     [2, 6, 2]  1 |     [2, 0, 2]  1 |     [4, 2, 4]  1
  [{1,3} {2,3} {1,2,3}]                            2    2 |     [2, 2, 6]  1 |     [2, 2, 0]  1 |     [4, 4, 2]  1
  [{1,2} {1,3} {2,3} {1,2,3}]                      6    1 |     [4, 4, 4]  0 |     [2, 2, 2]  0 |     [4, 4, 4]  0
  [0 {1,2} {1,3} {2,3} {1,2,3}]                    6    1 |     [2, 2, 2]  0 |     [4, 4, 4]  0 |     [2, 2, 2]  0
  [{1} {1,2} {1,3} {2,3} {1,2,3}]                  2    2 |     [6, 2, 2]  1 |     [2, 4, 4]  1 |     [2, 4, 4]  1
  [{2} {1,2} {1,3} {2,3} {1,2,3}]                  2    2 |     [2, 6, 2]  1 |     [4, 2, 4]  1 |     [4, 2, 4]  1
  [{3} {1,2} {1,3} {2,3} {1,2,3}]                  2    2 |     [2, 2, 6]  1 |     [4, 4, 2]  1 |     [4, 4, 2]  1
  [{1} {2} {3} {1,2} {1,3} {2,3} {1,2,3}]          6    1 |     [2, 2, 2]  0 |     [6, 6, 6]  0 |     [2, 2, 2]  0

  Aggregate over 12 CE-shape F (n=3):
    old scalar g_DEF > 0 (mg-1b24 universality): 12/12
    DEF x e_xnew   : std-component non-zero on 6/12 CE-shape F  (50.0%)
    CNT x e_xtop   : std-component non-zero on 6/12 CE-shape F  (50.0%)
    DEF x e_xtop   : std-component non-zero on 6/12 CE-shape F  (50.0%)

  Symmetric CE-shape families (Stab acts transitively => std-comp forced 0):
    [{1,2} {1,3} {2,3} {1,2,3}]                  |Stab|=6, transitive; std=[0, 0, 0] (zero), old scalar sum-psi=6 (>0)
    [0 {1,2} {1,3} {2,3} {1,2,3}]                |Stab|=6, transitive; std=[0, 0, 0] (zero), old scalar sum-psi=3 (>0)
    [{1} {2} {3} {1,2} {1,3} {2,3} {1,2,3}]      |Stab|=6, transitive; std=[0, 0, 0] (zero), old scalar sum-psi=3 (>0)
  IDENTITY CHECK n=3: V_(DEFxe_xnew)(F) == (n-1)! * [psi_x(F)]_x for all 12 CE-shape F: True
    => std-component == (n-1)! * element-degree-spread (exactly).
    => sgn/mean-component == (n-1)! * g_DEF (the mg-1b24 scalar): True
  CANDIDATE-1 discrimination n=3: the two Sigma_2 cross-components of the F-class are equal (both = g_F) for all 12 CE-shape F: True
    => Sigma_2-antisymmetric component == 0 IDENTICALLY (all F) => carries no F-information; a separate result 'antisym=0' is true for F* AND non-F* alike.

==============================================================================
ENRICHED-HOST PROBE  n=4   [   0.0s]
==============================================================================
  CE-shape F candidates: 582
  top-dim chains: 24
  fundamental cycle z_chain=sgn(pi_chain) is a genuine cycle: True

  --- CANDIDATE 1: product host (PB_4)^2 (Kunneth) ---
  H^k(PB_4;Q) unreduced dims: H^0=1, H^1=0, H^2=1
  (PB_4)^2 Kunneth H^d = (+)_{i+j=d} H^i (x) H^j :
    d=0: dim=1   [H^0(x)H^0=1]
    d=1: dim=0   [0]
    d=2: dim=2   [H^0(x)H^2=1  H^2(x)H^0=1]
    d=3: dim=0   [0]
    d=4: dim=1   [H^2(x)H^2=1]

  --- CANDIDATE 2: filtered host (associated graded) ---
  top-chains by bottom cardinality |sigma_0|:
    p=1: 24 chains
  (note: every top chain has |sigma_0|=1, so the |sigma_0|-filtration
   places the entire top cochain group in a single grade p=1.)
  top-chains by top cardinality |sigma_top|: {3: 24} (always n-1 -> trivial).

  --- CANDIDATE 3: module-valued host  H^{2}(PB_4; std) ---
  Class vector V_c(F) in Q^4; split into triv(mean=sum) + std(spread).
  F (CE-shape)                                  stab  orb |  DEF x e_xnew std!=0 |  CNT x e_xtop std!=0 |  DEF x e_xtop std!=0
  [{1,4} {2,3} {1,2,3,4}]                          8    1 |  [6, 6, 6, 6]  0 |  [6, 6, 6, 6]  0 |  [6, 6, 6, 6]  0
  [{1,3} {2,4} {1,2,3,4}]                          8    1 |  [6, 6, 6, 6]  0 |  [6, 6, 6, 6]  0 |  [6, 6, 6, 6]  0
  [{1,2} {3,4} {1,2,3,4}]                          8    1 |  [6, 6, 6, 6]  0 |  [6, 6, 6, 6]  0 |  [6, 6, 6, 6]  0
  [{4} {1,2,3} {1,2,3,4}]                          6    2 |  [6, 6, 6, 6]  0 |  [6, 6, 6, 6]  0 |  [6, 6, 6, 6]  0
  [{1,4} {1,2,3} {1,2,3,4}]                        2    3 | [18, 6, 6, 6]  1 |  [0, 6, 6, 6]  1 | [6, 10, 10, 10]  1
  [{2,4} {1,2,3} {1,2,3,4}]                        2    3 | [6, 18, 6, 6]  1 |  [6, 0, 6, 6]  1 | [10, 6, 10, 10]  1
  [{3,4} {1,2,3} {1,2,3,4}]                        2    3 | [6, 6, 18, 6]  1 |  [6, 6, 0, 6]  1 | [10, 10, 6, 10]  1
  [{3} {1,2,4} {1,2,3,4}]                          6    2 |  [6, 6, 6, 6]  0 |  [6, 6, 6, 6]  0 |  [6, 6, 6, 6]  0
  [{1,3} {1,2,4} {1,2,3,4}]                        2    3 | [18, 6, 6, 6]  1 |  [0, 6, 6, 6]  1 | [6, 10, 10, 10]  1
  [{2,3} {1,2,4} {1,2,3,4}]                        2    3 | [6, 18, 6, 6]  1 |  [6, 0, 6, 6]  1 | [10, 6, 10, 10]  1
  [{3,4} {1,2,4} {1,2,3,4}]                        2    3 | [6, 6, 6, 18]  1 |  [6, 6, 6, 0]  1 | [10, 10, 10, 6]  1
  [{1,2,3} {1,2,4} {1,2,3,4}]                      4    2 | [18, 18, 6, 6]  1 |  [0, 0, 6, 6]  1 | [10, 10, 14, 14]  1
  [{1,4} {2,3} {1,2,3} {1,2,4} {1,2,3,4}]          2    2 | [18, 18, 6, 6]  1 | [6, 6, 12, 12]  1 | [10, 10, 14, 14]  1
  [{1,3} {2,4} {1,2,3} {1,2,4} {1,2,3,4}]          2    2 | [18, 18, 6, 6]  1 | [6, 6, 12, 12]  1 | [10, 10, 14, 14]  1
  [{3,4} {1,2,3} {1,2,4} {1,2,3,4}]                4    2 | [12, 12, 12, 12]  0 |  [6, 6, 6, 6]  0 | [12, 12, 12, 12]  0
  [0 {3,4} {1,2,3} {1,2,4} {1,2,3,4}]              4    2 |  [6, 6, 6, 6]  0 | [12, 12, 12, 12]  0 |  [6, 6, 6, 6]  0
  [{3} {3,4} {1,2,3} {1,2,4} {1,2,3,4}]            2    3 | [6, 6, 18, 6]  1 | [12, 12, 6, 12]  1 | [10, 10, 6, 10]  1
  [{4} {3,4} {1,2,3} {1,2,4} {1,2,3,4}]            2    3 | [6, 6, 6, 18]  1 | [12, 12, 12, 6]  1 | [10, 10, 10, 6]  1
  [{1,2} {3,4} {1,2,3} {1,2,4} {1,2,3,4}]          4    2 | [18, 18, 6, 6]  1 | [6, 6, 12, 12]  1 | [10, 10, 14, 14]  1
  [{3} {4} {1,2} {3,4} {1,2,3} {1,2,4} {1,2,3,4}]     4    2 |  [6, 6, 6, 6]  0 | [18, 18, 18, 18]  0 |  [6, 6, 6, 6]  0
  [{2} {1,3,4} {1,2,3,4}]                          6    2 |  [6, 6, 6, 6]  0 |  [6, 6, 6, 6]  0 |  [6, 6, 6, 6]  0
  [{1,2} {1,3,4} {1,2,3,4}]                        2    3 | [18, 6, 6, 6]  1 |  [0, 6, 6, 6]  1 | [6, 10, 10, 10]  1
  [{2,3} {1,3,4} {1,2,3,4}]                        2    3 | [6, 6, 18, 6]  1 |  [6, 6, 0, 6]  1 | [10, 10, 6, 10]  1
  [{2,4} {1,3,4} {1,2,3,4}]                        2    3 | [6, 6, 6, 18]  1 |  [6, 6, 6, 0]  1 | [10, 10, 10, 6]  1
  [{1,2,3} {1,3,4} {1,2,3,4}]                      4    2 | [18, 6, 18, 6]  1 |  [0, 6, 0, 6]  1 | [10, 14, 10, 14]  1
  [{1,4} {2,3} {1,2,3} {1,3,4} {1,2,3,4}]          2    2 | [18, 6, 18, 6]  1 | [6, 12, 6, 12]  1 | [10, 14, 10, 14]  1
  [{2,4} {1,2,3} {1,3,4} {1,2,3,4}]                4    2 | [12, 12, 12, 12]  0 |  [6, 6, 6, 6]  0 | [12, 12, 12, 12]  0
  [0 {2,4} {1,2,3} {1,3,4} {1,2,3,4}]              4    2 |  [6, 6, 6, 6]  0 | [12, 12, 12, 12]  0 |  [6, 6, 6, 6]  0
  [{2} {2,4} {1,2,3} {1,3,4} {1,2,3,4}]            2    3 | [6, 18, 6, 6]  1 | [12, 6, 12, 12]  1 | [10, 6, 10, 10]  1
  [{4} {2,4} {1,2,3} {1,3,4} {1,2,3,4}]            2    3 | [6, 6, 6, 18]  1 | [12, 12, 12, 6]  1 | [10, 10, 10, 6]  1
  [{1,3} {2,4} {1,2,3} {1,3,4} {1,2,3,4}]          4    2 | [18, 6, 18, 6]  1 | [6, 12, 6, 12]  1 | [10, 14, 10, 14]  1
  [{2} {4} {1,3} {2,4} {1,2,3} {1,3,4} {1,2,3,4}]     4    2 |  [6, 6, 6, 6]  0 | [18, 18, 18, 18]  0 |  [6, 6, 6, 6]  0
  [{1,2} {3,4} {1,2,3} {1,3,4} {1,2,3,4}]          2    2 | [18, 6, 18, 6]  1 | [6, 12, 6, 12]  1 | [10, 14, 10, 14]  1
  [{1,2,4} {1,3,4} {1,2,3,4}]                      4    2 | [18, 6, 6, 18]  1 |  [0, 6, 6, 0]  1 | [10, 14, 14, 10]  1
  [{2,3} {1,2,4} {1,3,4} {1,2,3,4}]                4    2 | [12, 12, 12, 12]  0 |  [6, 6, 6, 6]  0 | [12, 12, 12, 12]  0
  [0 {2,3} {1,2,4} {1,3,4} {1,2,3,4}]              4    2 |  [6, 6, 6, 6]  0 | [12, 12, 12, 12]  0 |  [6, 6, 6, 6]  0
  [{2} {2,3} {1,2,4} {1,3,4} {1,2,3,4}]            2    3 | [6, 18, 6, 6]  1 | [12, 6, 12, 12]  1 | [10, 6, 10, 10]  1
  [{3} {2,3} {1,2,4} {1,3,4} {1,2,3,4}]            2    3 | [6, 6, 18, 6]  1 | [12, 12, 6, 12]  1 | [10, 10, 6, 10]  1
  [{1,4} {2,3} {1,2,4} {1,3,4} {1,2,3,4}]          4    2 | [18, 6, 6, 18]  1 | [6, 12, 12, 6]  1 | [10, 14, 14, 10]  1
  [{2} {3} {1,4} {2,3} {1,2,4} {1,3,4} {1,2,3,4}]     4    2 |  [6, 6, 6, 6]  0 | [18, 18, 18, 18]  0 |  [6, 6, 6, 6]  0
  [{1,3} {2,4} {1,2,4} {1,3,4} {1,2,3,4}]          2    2 | [18, 6, 6, 18]  1 | [6, 12, 12, 6]  1 | [10, 14, 14, 10]  1
  [{1,2} {3,4} {1,2,4} {1,3,4} {1,2,3,4}]          2    2 | [18, 6, 6, 18]  1 | [6, 12, 12, 6]  1 | [10, 14, 14, 10]  1
  [{1,2,3} {1,2,4} {1,3,4} {1,2,3,4}]              6    2 | [24, 12, 12, 12]  1 |  [0, 6, 6, 6]  1 | [12, 16, 16, 16]  1
  [0 {1,2,3} {1,2,4} {1,3,4} {1,2,3,4}]            6    2 | [18, 6, 6, 6]  1 | [6, 12, 12, 12]  1 | [6, 10, 10, 10]  1
  [{1} {1,2,3} {1,2,4} {1,3,4} {1,2,3,4}]          6    2 | [30, 6, 6, 6]  1 | [0, 12, 12, 12]  1 | [6, 14, 14, 14]  1
  [{2} {1,2,3} {1,2,4} {1,3,4} {1,2,3,4}]          2    3 | [18, 18, 6, 6]  1 | [6, 6, 12, 12]  1 | [10, 10, 14, 14]  1
  [{3} {1,2,3} {1,2,4} {1,3,4} {1,2,3,4}]          2    3 | [18, 6, 18, 6]  1 | [6, 12, 6, 12]  1 | [10, 14, 10, 14]  1
  [{4} {1,2,3} {1,2,4} {1,3,4} {1,2,3,4}]          2    3 | [18, 6, 6, 18]  1 | [6, 12, 12, 6]  1 | [10, 14, 14, 10]  1
  [{1,2} {1,2,3} {1,2,4} {1,3,4} {1,2,3,4}]        2    3 | [30, 18, 6, 6]  1 | [0, 6, 12, 12]  1 | [10, 14, 18, 18]  1
  [{1,3} {1,2,3} {1,2,4} {1,3,4} {1,2,3,4}]        2    3 | [30, 6, 18, 6]  1 | [0, 12, 6, 12]  1 | [10, 18, 14, 18]  1
  [{4} {1,2} {1,3} {1,2,3} {1,2,4} {1,3,4} {1,2,3,4}]     2    3 | [30, 6, 6, 6]  1 | [6, 18, 18, 18]  1 | [6, 14, 14, 14]  1
  [{1,4} {1,2,3} {1,2,4} {1,3,4} {1,2,3,4}]        2    3 | [30, 6, 6, 18]  1 | [0, 12, 12, 6]  1 | [10, 18, 18, 14]  1
  [{3} {1,2} {1,4} {1,2,3} {1,2,4} {1,3,4} {1,2,3,4}]     2    3 | [30, 6, 6, 6]  1 | [6, 18, 18, 18]  1 | [6, 14, 14, 14]  1
  [{2} {1,3} {1,4} {1,2,3} {1,2,4} {1,3,4} {1,2,3,4}]     2    3 | [30, 6, 6, 6]  1 | [6, 18, 18, 18]  1 | [6, 14, 14, 14]  1
  [{1,2} {1,3} {1,4} {1,2,3} {1,2,4} {1,3,4} {1,2,3,4}]     6    2 | [42, 6, 6, 6]  1 | [0, 18, 18, 18]  1 | [6, 18, 18, 18]  1
  [{2,3} {1,2,3} {1,2,4} {1,3,4} {1,2,3,4}]        2    3 | [18, 18, 18, 6]  1 | [6, 6, 6, 12]  1 | [14, 14, 14, 18]  1
  [{1,4} {2,3} {1,2,3} {1,2,4} {1,3,4} {1,2,3,4}]     2    3 | [24, 12, 12, 12]  1 | [6, 12, 12, 12]  1 | [12, 16, 16, 16]  1
  [0 {1,4} {2,3} {1,2,3} {1,2,4} {1,3,4} {1,2,3,4}]     2    3 | [18, 6, 6, 6]  1 | [12, 18, 18, 18]  1 | [6, 10, 10, 10]  1
  [{1} {1,4} {2,3} {1,2,3} {1,2,4} {1,3,4} {1,2,3,4}]     2    3 | [30, 6, 6, 6]  1 | [6, 18, 18, 18]  1 | [6, 14, 14, 14]  1
  [{2} {1,4} {2,3} {1,2,3} {1,2,4} {1,3,4} {1,2,3,4}]     1    4 | [18, 18, 6, 6]  1 | [12, 12, 18, 18]  1 | [10, 10, 14, 14]  1
  [{3} {1,4} {2,3} {1,2,3} {1,2,4} {1,3,4} {1,2,3,4}]     1    4 | [18, 6, 18, 6]  1 | [12, 18, 12, 18]  1 | [10, 14, 10, 14]  1
  [{1,2} {1,4} {2,3} {1,2,3} {1,2,4} {1,3,4} {1,2,3,4}]     1    4 | [30, 18, 6, 6]  1 | [6, 12, 18, 18]  1 | [10, 14, 18, 18]  1
  [{1,3} {1,4} {2,3} {1,2,3} {1,2,4} {1,3,4} {1,2,3,4}]     1    4 | [30, 6, 18, 6]  1 | [6, 18, 12, 18]  1 | [10, 18, 14, 18]  1
  [{2,4} {1,2,3} {1,2,4} {1,3,4} {1,2,3,4}]        2    3 | [18, 18, 6, 18]  1 | [6, 6, 12, 6]  1 | [14, 14, 18, 14]  1
  [{1,3} {2,4} {1,2,3} {1,2,4} {1,3,4} {1,2,3,4}]     2    3 | [24, 12, 12, 12]  1 | [6, 12, 12, 12]  1 | [12, 16, 16, 16]  1
  [0 {1,3} {2,4} {1,2,3} {1,2,4} {1,3,4} {1,2,3,4}]     2    3 | [18, 6, 6, 6]  1 | [12, 18, 18, 18]  1 | [6, 10, 10, 10]  1
  [{1} {1,3} {2,4} {1,2,3} {1,2,4} {1,3,4} {1,2,3,4}]     2    3 | [30, 6, 6, 6]  1 | [6, 18, 18, 18]  1 | [6, 14, 14, 14]  1
  [{2} {1,3} {2,4} {1,2,3} {1,2,4} {1,3,4} {1,2,3,4}]     1    4 | [18, 18, 6, 6]  1 | [12, 12, 18, 18]  1 | [10, 10, 14, 14]  1
  [{4} {1,3} {2,4} {1,2,3} {1,2,4} {1,3,4} {1,2,3,4}]     1    4 | [18, 6, 6, 18]  1 | [12, 18, 18, 12]  1 | [10, 14, 14, 10]  1
  [{1,2} {1,3} {2,4} {1,2,3} {1,2,4} {1,3,4} {1,2,3,4}]     1    4 | [30, 18, 6, 6]  1 | [6, 12, 18, 18]  1 | [10, 14, 18, 18]  1
  [{1,3} {1,4} {2,4} {1,2,3} {1,2,4} {1,3,4} {1,2,3,4}]     1    4 | [30, 6, 6, 18]  1 | [6, 18, 18, 12]  1 | [10, 18, 18, 14]  1
  [{3,4} {1,2,3} {1,2,4} {1,3,4} {1,2,3,4}]        2    3 | [18, 6, 18, 18]  1 | [6, 12, 6, 6]  1 | [14, 18, 14, 14]  1
  [{1,2} {3,4} {1,2,3} {1,2,4} {1,3,4} {1,2,3,4}]     2    3 | [24, 12, 12, 12]  1 | [6, 12, 12, 12]  1 | [12, 16, 16, 16]  1
  [0 {1,2} {3,4} {1,2,3} {1,2,4} {1,3,4} {1,2,3,4}]     2    3 | [18, 6, 6, 6]  1 | [12, 18, 18, 18]  1 | [6, 10, 10, 10]  1
  [{1} {1,2} {3,4} {1,2,3} {1,2,4} {1,3,4} {1,2,3,4}]     2    3 | [30, 6, 6, 6]  1 | [6, 18, 18, 18]  1 | [6, 14, 14, 14]  1
  [{3} {1,2} {3,4} {1,2,3} {1,2,4} {1,3,4} {1,2,3,4}]     1    4 | [18, 6, 18, 6]  1 | [12, 18, 12, 18]  1 | [10, 14, 10, 14]  1
  [{4} {1,2} {3,4} {1,2,3} {1,2,4} {1,3,4} {1,2,3,4}]     1    4 | [18, 6, 6, 18]  1 | [12, 18, 18, 12]  1 | [10, 14, 14, 10]  1
  [{1,2} {1,3} {3,4} {1,2,3} {1,2,4} {1,3,4} {1,2,3,4}]     1    4 | [30, 6, 18, 6]  1 | [6, 18, 12, 18]  1 | [10, 18, 14, 18]  1
  [{1,2} {1,4} {3,4} {1,2,3} {1,2,4} {1,3,4} {1,2,3,4}]     1    4 | [30, 6, 6, 18]  1 | [6, 18, 18, 12]  1 | [10, 18, 18, 14]  1
  [{1} {2,3,4} {1,2,3,4}]                          6    2 |  [6, 6, 6, 6]  0 |  [6, 6, 6, 6]  0 |  [6, 6, 6, 6]  0
  [{1,2} {2,3,4} {1,2,3,4}]                        2    3 | [6, 18, 6, 6]  1 |  [6, 0, 6, 6]  1 | [10, 6, 10, 10]  1
  [{1,3} {2,3,4} {1,2,3,4}]                        2    3 | [6, 6, 18, 6]  1 |  [6, 6, 0, 6]  1 | [10, 10, 6, 10]  1
  [{1,4} {2,3,4} {1,2,3,4}]                        2    3 | [6, 6, 6, 18]  1 |  [6, 6, 6, 0]  1 | [10, 10, 10, 6]  1
  [{1,2,3} {2,3,4} {1,2,3,4}]                      4    2 | [6, 18, 18, 6]  1 |  [6, 0, 0, 6]  1 | [14, 10, 10, 14]  1
  [{1,4} {1,2,3} {2,3,4} {1,2,3,4}]                4    2 | [12, 12, 12, 12]  0 |  [6, 6, 6, 6]  0 | [12, 12, 12, 12]  0
  [0 {1,4} {1,2,3} {2,3,4} {1,2,3,4}]              4    2 |  [6, 6, 6, 6]  0 | [12, 12, 12, 12]  0 |  [6, 6, 6, 6]  0
  [{1} {1,4} {1,2,3} {2,3,4} {1,2,3,4}]            2    3 | [18, 6, 6, 6]  1 | [6, 12, 12, 12]  1 | [6, 10, 10, 10]  1
  [{4} {1,4} {1,2,3} {2,3,4} {1,2,3,4}]            2    3 | [6, 6, 6, 18]  1 | [12, 12, 12, 6]  1 | [10, 10, 10, 6]  1
  [{1,4} {2,3} {1,2,3} {2,3,4} {1,2,3,4}]          4    2 | [6, 18, 18, 6]  1 | [12, 6, 6, 12]  1 | [14, 10, 10, 14]  1
  [{1} {4} {1,4} {2,3} {1,2,3} {2,3,4} {1,2,3,4}]     4    2 |  [6, 6, 6, 6]  0 | [18, 18, 18, 18]  0 |  [6, 6, 6, 6]  0
  [{1,3} {2,4} {1,2,3} {2,3,4} {1,2,3,4}]          2    2 | [6, 18, 18, 6]  1 | [12, 6, 6, 12]  1 | [14, 10, 10, 14]  1
  [{1,2} {3,4} {1,2,3} {2,3,4} {1,2,3,4}]          2    2 | [6, 18, 18, 6]  1 | [12, 6, 6, 12]  1 | [14, 10, 10, 14]  1
  [{1,2,4} {2,3,4} {1,2,3,4}]                      4    2 | [6, 18, 6, 18]  1 |  [6, 0, 6, 0]  1 | [14, 10, 14, 10]  1
  [{1,3} {1,2,4} {2,3,4} {1,2,3,4}]                4    2 | [12, 12, 12, 12]  0 |  [6, 6, 6, 6]  0 | [12, 12, 12, 12]  0
  [0 {1,3} {1,2,4} {2,3,4} {1,2,3,4}]              4    2 |  [6, 6, 6, 6]  0 | [12, 12, 12, 12]  0 |  [6, 6, 6, 6]  0
  [{1} {1,3} {1,2,4} {2,3,4} {1,2,3,4}]            2    3 | [18, 6, 6, 6]  1 | [6, 12, 12, 12]  1 | [6, 10, 10, 10]  1
  [{3} {1,3} {1,2,4} {2,3,4} {1,2,3,4}]            2    3 | [6, 6, 18, 6]  1 | [12, 12, 6, 12]  1 | [10, 10, 6, 10]  1
  [{1,4} {2,3} {1,2,4} {2,3,4} {1,2,3,4}]          2    2 | [6, 18, 6, 18]  1 | [12, 6, 12, 6]  1 | [14, 10, 14, 10]  1
  [{1,3} {2,4} {1,2,4} {2,3,4} {1,2,3,4}]          4    2 | [6, 18, 6, 18]  1 | [12, 6, 12, 6]  1 | [14, 10, 14, 10]  1
  [{1} {3} {1,3} {2,4} {1,2,4} {2,3,4} {1,2,3,4}]     4    2 |  [6, 6, 6, 6]  0 | [18, 18, 18, 18]  0 |  [6, 6, 6, 6]  0
  [{1,2} {3,4} {1,2,4} {2,3,4} {1,2,3,4}]          2    2 | [6, 18, 6, 18]  1 | [12, 6, 12, 6]  1 | [14, 10, 14, 10]  1
  [{1,2,3} {1,2,4} {2,3,4} {1,2,3,4}]              6    2 | [12, 24, 12, 12]  1 |  [6, 0, 6, 6]  1 | [16, 12, 16, 16]  1
  [0 {1,2,3} {1,2,4} {2,3,4} {1,2,3,4}]            6    2 | [6, 18, 6, 6]  1 | [12, 6, 12, 12]  1 | [10, 6, 10, 10]  1
  [{1} {1,2,3} {1,2,4} {2,3,4} {1,2,3,4}]          2    3 | [18, 18, 6, 6]  1 | [6, 6, 12, 12]  1 | [10, 10, 14, 14]  1
  [{2} {1,2,3} {1,2,4} {2,3,4} {1,2,3,4}]          6    2 | [6, 30, 6, 6]  1 | [12, 0, 12, 12]  1 | [14, 6, 14, 14]  1
  [{3} {1,2,3} {1,2,4} {2,3,4} {1,2,3,4}]          2    3 | [6, 18, 18, 6]  1 | [12, 6, 6, 12]  1 | [14, 10, 10, 14]  1
  [{4} {1,2,3} {1,2,4} {2,3,4} {1,2,3,4}]          2    3 | [6, 18, 6, 18]  1 | [12, 6, 12, 6]  1 | [14, 10, 14, 10]  1
  [{1,2} {1,2,3} {1,2,4} {2,3,4} {1,2,3,4}]        2    3 | [18, 30, 6, 6]  1 | [6, 0, 12, 12]  1 | [14, 10, 18, 18]  1
  [{1,3} {1,2,3} {1,2,4} {2,3,4} {1,2,3,4}]        2    3 | [18, 18, 18, 6]  1 | [6, 6, 6, 12]  1 | [14, 14, 14, 18]  1
  [{1,4} {1,2,3} {1,2,4} {2,3,4} {1,2,3,4}]        2    3 | [18, 18, 6, 18]  1 | [6, 6, 12, 6]  1 | [14, 14, 18, 14]  1
  [{2,3} {1,2,3} {1,2,4} {2,3,4} {1,2,3,4}]        2    3 | [6, 30, 18, 6]  1 | [12, 0, 6, 12]  1 | [18, 10, 14, 18]  1
  [{4} {1,2} {2,3} {1,2,3} {1,2,4} {2,3,4} {1,2,3,4}]     2    3 | [6, 30, 6, 6]  1 | [18, 6, 18, 18]  1 | [14, 6, 14, 14]  1
  [{1,4} {2,3} {1,2,3} {1,2,4} {2,3,4} {1,2,3,4}]     2    3 | [12, 24, 12, 12]  1 | [12, 6, 12, 12]  1 | [16, 12, 16, 16]  1
  [0 {1,4} {2,3} {1,2,3} {1,2,4} {2,3,4} {1,2,3,4}]     2    3 | [6, 18, 6, 6]  1 | [18, 12, 18, 18]  1 | [10, 6, 10, 10]  1
  [{1} {1,4} {2,3} {1,2,3} {1,2,4} {2,3,4} {1,2,3,4}]     1    4 | [18, 18, 6, 6]  1 | [12, 12, 18, 18]  1 | [10, 10, 14, 14]  1
  [{2} {1,4} {2,3} {1,2,3} {1,2,4} {2,3,4} {1,2,3,4}]     2    3 | [6, 30, 6, 6]  1 | [18, 6, 18, 18]  1 | [14, 6, 14, 14]  1
  [{4} {1,4} {2,3} {1,2,3} {1,2,4} {2,3,4} {1,2,3,4}]     1    4 | [6, 18, 6, 18]  1 | [18, 12, 18, 12]  1 | [14, 10, 14, 10]  1
  [{1,2} {1,4} {2,3} {1,2,3} {1,2,4} {2,3,4} {1,2,3,4}]     1    4 | [18, 30, 6, 6]  1 | [12, 6, 18, 18]  1 | [14, 10, 18, 18]  1
  [{2,4} {1,2,3} {1,2,4} {2,3,4} {1,2,3,4}]        2    3 | [6, 30, 6, 18]  1 | [12, 0, 12, 6]  1 | [18, 10, 18, 14]  1
  [{3} {1,2} {2,4} {1,2,3} {1,2,4} {2,3,4} {1,2,3,4}]     2    3 | [6, 30, 6, 6]  1 | [18, 6, 18, 18]  1 | [14, 6, 14, 14]  1
  [{1,3} {2,4} {1,2,3} {1,2,4} {2,3,4} {1,2,3,4}]     2    3 | [12, 24, 12, 12]  1 | [12, 6, 12, 12]  1 | [16, 12, 16, 16]  1
  [0 {1,3} {2,4} {1,2,3} {1,2,4} {2,3,4} {1,2,3,4}]     2    3 | [6, 18, 6, 6]  1 | [18, 12, 18, 18]  1 | [10, 6, 10, 10]  1
  [{1} {1,3} {2,4} {1,2,3} {1,2,4} {2,3,4} {1,2,3,4}]     1    4 | [18, 18, 6, 6]  1 | [12, 12, 18, 18]  1 | [10, 10, 14, 14]  1
  [{2} {1,3} {2,4} {1,2,3} {1,2,4} {2,3,4} {1,2,3,4}]     2    3 | [6, 30, 6, 6]  1 | [18, 6, 18, 18]  1 | [14, 6, 14, 14]  1
  [{3} {1,3} {2,4} {1,2,3} {1,2,4} {2,3,4} {1,2,3,4}]     1    4 | [6, 18, 18, 6]  1 | [18, 12, 12, 18]  1 | [14, 10, 10, 14]  1
  [{1,2} {1,3} {2,4} {1,2,3} {1,2,4} {2,3,4} {1,2,3,4}]     1    4 | [18, 30, 6, 6]  1 | [12, 6, 18, 18]  1 | [14, 10, 18, 18]  1
  [{1} {2,3} {2,4} {1,2,3} {1,2,4} {2,3,4} {1,2,3,4}]     2    3 | [6, 30, 6, 6]  1 | [18, 6, 18, 18]  1 | [14, 6, 14, 14]  1
  [{1,2} {2,3} {2,4} {1,2,3} {1,2,4} {2,3,4} {1,2,3,4}]     6    2 | [6, 42, 6, 6]  1 | [18, 0, 18, 18]  1 | [18, 6, 18, 18]  1
  [{1,3} {2,3} {2,4} {1,2,3} {1,2,4} {2,3,4} {1,2,3,4}]     1    4 | [6, 30, 18, 6]  1 | [18, 6, 12, 18]  1 | [18, 10, 14, 18]  1
  [{1,4} {2,3} {2,4} {1,2,3} {1,2,4} {2,3,4} {1,2,3,4}]     1    4 | [6, 30, 6, 18]  1 | [18, 6, 18, 12]  1 | [18, 10, 18, 14]  1
  [{3,4} {1,2,3} {1,2,4} {2,3,4} {1,2,3,4}]        2    3 | [6, 18, 18, 18]  1 | [12, 6, 6, 6]  1 | [18, 14, 14, 14]  1
  [{1,2} {3,4} {1,2,3} {1,2,4} {2,3,4} {1,2,3,4}]     2    3 | [12, 24, 12, 12]  1 | [12, 6, 12, 12]  1 | [16, 12, 16, 16]  1
  [0 {1,2} {3,4} {1,2,3} {1,2,4} {2,3,4} {1,2,3,4}]     2    3 | [6, 18, 6, 6]  1 | [18, 12, 18, 18]  1 | [10, 6, 10, 10]  1
  [{2} {1,2} {3,4} {1,2,3} {1,2,4} {2,3,4} {1,2,3,4}]     2    3 | [6, 30, 6, 6]  1 | [18, 6, 18, 18]  1 | [14, 6, 14, 14]  1
  [{3} {1,2} {3,4} {1,2,3} {1,2,4} {2,3,4} {1,2,3,4}]     1    4 | [6, 18, 18, 6]  1 | [18, 12, 12, 18]  1 | [14, 10, 10, 14]  1
  [{4} {1,2} {3,4} {1,2,3} {1,2,4} {2,3,4} {1,2,3,4}]     1    4 | [6, 18, 6, 18]  1 | [18, 12, 18, 12]  1 | [14, 10, 14, 10]  1
  [{1,2} {2,3} {3,4} {1,2,3} {1,2,4} {2,3,4} {1,2,3,4}]     1    4 | [6, 30, 18, 6]  1 | [18, 6, 12, 18]  1 | [18, 10, 14, 18]  1
  [{1,2} {2,4} {3,4} {1,2,3} {1,2,4} {2,3,4} {1,2,3,4}]     1    4 | [6, 30, 6, 18]  1 | [18, 6, 18, 12]  1 | [18, 10, 18, 14]  1
  [{1,3,4} {2,3,4} {1,2,3,4}]                      4    2 | [6, 6, 18, 18]  1 |  [6, 6, 0, 0]  1 | [14, 14, 10, 10]  1
  [{1,2} {1,3,4} {2,3,4} {1,2,3,4}]                4    2 | [12, 12, 12, 12]  0 |  [6, 6, 6, 6]  0 | [12, 12, 12, 12]  0
  [0 {1,2} {1,3,4} {2,3,4} {1,2,3,4}]              4    2 |  [6, 6, 6, 6]  0 | [12, 12, 12, 12]  0 |  [6, 6, 6, 6]  0
  [{1} {1,2} {1,3,4} {2,3,4} {1,2,3,4}]            2    3 | [18, 6, 6, 6]  1 | [6, 12, 12, 12]  1 | [6, 10, 10, 10]  1
  [{2} {1,2} {1,3,4} {2,3,4} {1,2,3,4}]            2    3 | [6, 18, 6, 6]  1 | [12, 6, 12, 12]  1 | [10, 6, 10, 10]  1
  [{1,4} {2,3} {1,3,4} {2,3,4} {1,2,3,4}]          2    2 | [6, 6, 18, 18]  1 | [12, 12, 6, 6]  1 | [14, 14, 10, 10]  1
  [{1,3} {2,4} {1,3,4} {2,3,4} {1,2,3,4}]          2    2 | [6, 6, 18, 18]  1 | [12, 12, 6, 6]  1 | [14, 14, 10, 10]  1
  [{1,2} {3,4} {1,3,4} {2,3,4} {1,2,3,4}]          4    2 | [6, 6, 18, 18]  1 | [12, 12, 6, 6]  1 | [14, 14, 10, 10]  1
  [{1} {2} {1,2} {3,4} {1,3,4} {2,3,4} {1,2,3,4}]     4    2 |  [6, 6, 6, 6]  0 | [18, 18, 18, 18]  0 |  [6, 6, 6, 6]  0
  [{1,2,3} {1,3,4} {2,3,4} {1,2,3,4}]              6    2 | [12, 12, 24, 12]  1 |  [6, 6, 0, 6]  1 | [16, 16, 12, 16]  1
  [0 {1,2,3} {1,3,4} {2,3,4} {1,2,3,4}]            6    2 | [6, 6, 18, 6]  1 | [12, 12, 6, 12]  1 | [10, 10, 6, 10]  1
  [{1} {1,2,3} {1,3,4} {2,3,4} {1,2,3,4}]          2    3 | [18, 6, 18, 6]  1 | [6, 12, 6, 12]  1 | [10, 14, 10, 14]  1
  [{2} {1,2,3} {1,3,4} {2,3,4} {1,2,3,4}]          2    3 | [6, 18, 18, 6]  1 | [12, 6, 6, 12]  1 | [14, 10, 10, 14]  1
  [{3} {1,2,3} {1,3,4} {2,3,4} {1,2,3,4}]          6    2 | [6, 6, 30, 6]  1 | [12, 12, 0, 12]  1 | [14, 14, 6, 14]  1
  [{4} {1,2,3} {1,3,4} {2,3,4} {1,2,3,4}]          2    3 | [6, 6, 18, 18]  1 | [12, 12, 6, 6]  1 | [14, 14, 10, 10]  1
  [{1,2} {1,2,3} {1,3,4} {2,3,4} {1,2,3,4}]        2    3 | [18, 18, 18, 6]  1 | [6, 6, 6, 12]  1 | [14, 14, 14, 18]  1
  [{1,3} {1,2,3} {1,3,4} {2,3,4} {1,2,3,4}]        2    3 | [18, 6, 30, 6]  1 | [6, 12, 0, 12]  1 | [14, 18, 10, 18]  1
  [{1,4} {1,2,3} {1,3,4} {2,3,4} {1,2,3,4}]        2    3 | [18, 6, 18, 18]  1 | [6, 12, 6, 6]  1 | [14, 18, 14, 14]  1
  [{2,3} {1,2,3} {1,3,4} {2,3,4} {1,2,3,4}]        2    3 | [6, 18, 30, 6]  1 | [12, 6, 0, 12]  1 | [18, 14, 10, 18]  1
  [{4} {1,3} {2,3} {1,2,3} {1,3,4} {2,3,4} {1,2,3,4}]     2    3 | [6, 6, 30, 6]  1 | [18, 18, 6, 18]  1 | [14, 14, 6, 14]  1
  [{1,4} {2,3} {1,2,3} {1,3,4} {2,3,4} {1,2,3,4}]     2    3 | [12, 12, 24, 12]  1 | [12, 12, 6, 12]  1 | [16, 16, 12, 16]  1
  [0 {1,4} {2,3} {1,2,3} {1,3,4} {2,3,4} {1,2,3,4}]     2    3 | [6, 6, 18, 6]  1 | [18, 18, 12, 18]  1 | [10, 10, 6, 10]  1
  [{1} {1,4} {2,3} {1,2,3} {1,3,4} {2,3,4} {1,2,3,4}]     1    4 | [18, 6, 18, 6]  1 | [12, 18, 12, 18]  1 | [10, 14, 10, 14]  1
  [{3} {1,4} {2,3} {1,2,3} {1,3,4} {2,3,4} {1,2,3,4}]     2    3 | [6, 6, 30, 6]  1 | [18, 18, 6, 18]  1 | [14, 14, 6, 14]  1
  [{4} {1,4} {2,3} {1,2,3} {1,3,4} {2,3,4} {1,2,3,4}]     1    4 | [6, 6, 18, 18]  1 | [18, 18, 12, 12]  1 | [14, 14, 10, 10]  1
  [{1,3} {1,4} {2,3} {1,2,3} {1,3,4} {2,3,4} {1,2,3,4}]     1    4 | [18, 6, 30, 6]  1 | [12, 18, 6, 18]  1 | [14, 18, 10, 18]  1
  [{2,4} {1,2,3} {1,3,4} {2,3,4} {1,2,3,4}]        2    3 | [6, 18, 18, 18]  1 | [12, 6, 6, 6]  1 | [18, 14, 14, 14]  1
  [{1,3} {2,4} {1,2,3} {1,3,4} {2,3,4} {1,2,3,4}]     2    3 | [12, 12, 24, 12]  1 | [12, 12, 6, 12]  1 | [16, 16, 12, 16]  1
  [0 {1,3} {2,4} {1,2,3} {1,3,4} {2,3,4} {1,2,3,4}]     2    3 | [6, 6, 18, 6]  1 | [18, 18, 12, 18]  1 | [10, 10, 6, 10]  1
  [{2} {1,3} {2,4} {1,2,3} {1,3,4} {2,3,4} {1,2,3,4}]     1    4 | [6, 18, 18, 6]  1 | [18, 12, 12, 18]  1 | [14, 10, 10, 14]  1
  [{3} {1,3} {2,4} {1,2,3} {1,3,4} {2,3,4} {1,2,3,4}]     2    3 | [6, 6, 30, 6]  1 | [18, 18, 6, 18]  1 | [14, 14, 6, 14]  1
  [{4} {1,3} {2,4} {1,2,3} {1,3,4} {2,3,4} {1,2,3,4}]     1    4 | [6, 6, 18, 18]  1 | [18, 18, 12, 12]  1 | [14, 14, 10, 10]  1
  [{1,3} {2,3} {2,4} {1,2,3} {1,3,4} {2,3,4} {1,2,3,4}]     1    4 | [6, 18, 30, 6]  1 | [18, 12, 6, 18]  1 | [18, 14, 10, 18]  1
  [{3,4} {1,2,3} {1,3,4} {2,3,4} {1,2,3,4}]        2    3 | [6, 6, 30, 18]  1 | [12, 12, 0, 6]  1 | [18, 18, 10, 14]  1
  [{1,2} {3,4} {1,2,3} {1,3,4} {2,3,4} {1,2,3,4}]     2    3 | [12, 12, 24, 12]  1 | [12, 12, 6, 12]  1 | [16, 16, 12, 16]  1
  [0 {1,2} {3,4} {1,2,3} {1,3,4} {2,3,4} {1,2,3,4}]     2    3 | [6, 6, 18, 6]  1 | [18, 18, 12, 18]  1 | [10, 10, 6, 10]  1
  [{1} {1,2} {3,4} {1,2,3} {1,3,4} {2,3,4} {1,2,3,4}]     1    4 | [18, 6, 18, 6]  1 | [12, 18, 12, 18]  1 | [10, 14, 10, 14]  1
  [{2} {1,2} {3,4} {1,2,3} {1,3,4} {2,3,4} {1,2,3,4}]     1    4 | [6, 18, 18, 6]  1 | [18, 12, 12, 18]  1 | [14, 10, 10, 14]  1
  [{3} {1,2} {3,4} {1,2,3} {1,3,4} {2,3,4} {1,2,3,4}]     2    3 | [6, 6, 30, 6]  1 | [18, 18, 6, 18]  1 | [14, 14, 6, 14]  1
  [{2} {1,3} {3,4} {1,2,3} {1,3,4} {2,3,4} {1,2,3,4}]     2    3 | [6, 6, 30, 6]  1 | [18, 18, 6, 18]  1 | [14, 14, 6, 14]  1
  [{1,2} {1,3} {3,4} {1,2,3} {1,3,4} {2,3,4} {1,2,3,4}]     1    4 | [18, 6, 30, 6]  1 | [12, 18, 6, 18]  1 | [14, 18, 10, 18]  1
  [{1} {2,3} {3,4} {1,2,3} {1,3,4} {2,3,4} {1,2,3,4}]     2    3 | [6, 6, 30, 6]  1 | [18, 18, 6, 18]  1 | [14, 14, 6, 14]  1
  [{1,2} {2,3} {3,4} {1,2,3} {1,3,4} {2,3,4} {1,2,3,4}]     1    4 | [6, 18, 30, 6]  1 | [18, 12, 6, 18]  1 | [18, 14, 10, 18]  1
  [{1,3} {2,3} {3,4} {1,2,3} {1,3,4} {2,3,4} {1,2,3,4}]     6    2 | [6, 6, 42, 6]  1 | [18, 18, 0, 18]  1 | [18, 18, 6, 18]  1
  [{1,4} {2,3} {3,4} {1,2,3} {1,3,4} {2,3,4} {1,2,3,4}]     1    4 | [6, 6, 30, 18]  1 | [18, 18, 6, 12]  1 | [18, 18, 10, 14]  1
  [{1,3} {2,4} {3,4} {1,2,3} {1,3,4} {2,3,4} {1,2,3,4}]     1    4 | [6, 6, 30, 18]  1 | [18, 18, 6, 12]  1 | [18, 18, 10, 14]  1
  [{1,2,4} {1,3,4} {2,3,4} {1,2,3,4}]              6    2 | [12, 12, 12, 24]  1 |  [6, 6, 6, 0]  1 | [16, 16, 16, 12]  1
  [0 {1,2,4} {1,3,4} {2,3,4} {1,2,3,4}]            6    2 | [6, 6, 6, 18]  1 | [12, 12, 12, 6]  1 | [10, 10, 10, 6]  1
  [{1} {1,2,4} {1,3,4} {2,3,4} {1,2,3,4}]          2    3 | [18, 6, 6, 18]  1 | [6, 12, 12, 6]  1 | [10, 14, 14, 10]  1
  [{2} {1,2,4} {1,3,4} {2,3,4} {1,2,3,4}]          2    3 | [6, 18, 6, 18]  1 | [12, 6, 12, 6]  1 | [14, 10, 14, 10]  1
  [{3} {1,2,4} {1,3,4} {2,3,4} {1,2,3,4}]          2    3 | [6, 6, 18, 18]  1 | [12, 12, 6, 6]  1 | [14, 14, 10, 10]  1
  [{4} {1,2,4} {1,3,4} {2,3,4} {1,2,3,4}]          6    2 | [6, 6, 6, 30]  1 | [12, 12, 12, 0]  1 | [14, 14, 14, 6]  1
  [{1,2} {1,2,4} {1,3,4} {2,3,4} {1,2,3,4}]        2    3 | [18, 18, 6, 18]  1 | [6, 6, 12, 6]  1 | [14, 14, 18, 14]  1
  [{1,3} {1,2,4} {1,3,4} {2,3,4} {1,2,3,4}]        2    3 | [18, 6, 18, 18]  1 | [6, 12, 6, 6]  1 | [14, 18, 14, 14]  1
  [{1,4} {1,2,4} {1,3,4} {2,3,4} {1,2,3,4}]        2    3 | [18, 6, 6, 30]  1 | [6, 12, 12, 0]  1 | [14, 18, 18, 10]  1
  [{2,3} {1,2,4} {1,3,4} {2,3,4} {1,2,3,4}]        2    3 | [6, 18, 18, 18]  1 | [12, 6, 6, 6]  1 | [18, 14, 14, 14]  1
  [{1,4} {2,3} {1,2,4} {1,3,4} {2,3,4} {1,2,3,4}]     2    3 | [12, 12, 12, 24]  1 | [12, 12, 12, 6]  1 | [16, 16, 16, 12]  1
  [0 {1,4} {2,3} {1,2,4} {1,3,4} {2,3,4} {1,2,3,4}]     2    3 | [6, 6, 6, 18]  1 | [18, 18, 18, 12]  1 | [10, 10, 10, 6]  1
  [{2} {1,4} {2,3} {1,2,4} {1,3,4} {2,3,4} {1,2,3,4}]     1    4 | [6, 18, 6, 18]  1 | [18, 12, 18, 12]  1 | [14, 10, 14, 10]  1
  [{3} {1,4} {2,3} {1,2,4} {1,3,4} {2,3,4} {1,2,3,4}]     1    4 | [6, 6, 18, 18]  1 | [18, 18, 12, 12]  1 | [14, 14, 10, 10]  1
  [{4} {1,4} {2,3} {1,2,4} {1,3,4} {2,3,4} {1,2,3,4}]     2    3 | [6, 6, 6, 30]  1 | [18, 18, 18, 6]  1 | [14, 14, 14, 6]  1
  [{2,4} {1,2,4} {1,3,4} {2,3,4} {1,2,3,4}]        2    3 | [6, 18, 6, 30]  1 | [12, 6, 12, 0]  1 | [18, 14, 18, 10]  1
  [{1,3} {2,4} {1,2,4} {1,3,4} {2,3,4} {1,2,3,4}]     2    3 | [12, 12, 12, 24]  1 | [12, 12, 12, 6]  1 | [16, 16, 16, 12]  1
  [0 {1,3} {2,4} {1,2,4} {1,3,4} {2,3,4} {1,2,3,4}]     2    3 | [6, 6, 6, 18]  1 | [18, 18, 18, 12]  1 | [10, 10, 10, 6]  1
  [{1} {1,3} {2,4} {1,2,4} {1,3,4} {2,3,4} {1,2,3,4}]     1    4 | [18, 6, 6, 18]  1 | [12, 18, 18, 12]  1 | [10, 14, 14, 10]  1
  [{3} {1,3} {2,4} {1,2,4} {1,3,4} {2,3,4} {1,2,3,4}]     1    4 | [6, 6, 18, 18]  1 | [18, 18, 12, 12]  1 | [14, 14, 10, 10]  1
  [{4} {1,3} {2,4} {1,2,4} {1,3,4} {2,3,4} {1,2,3,4}]     2    3 | [6, 6, 6, 30]  1 | [18, 18, 18, 6]  1 | [14, 14, 14, 6]  1
  [{3} {1,4} {2,4} {1,2,4} {1,3,4} {2,3,4} {1,2,3,4}]     2    3 | [6, 6, 6, 30]  1 | [18, 18, 18, 6]  1 | [14, 14, 14, 6]  1
  [{1,3} {1,4} {2,4} {1,2,4} {1,3,4} {2,3,4} {1,2,3,4}]     1    4 | [18, 6, 6, 30]  1 | [12, 18, 18, 6]  1 | [14, 18, 18, 10]  1
  [{1,4} {2,3} {2,4} {1,2,4} {1,3,4} {2,3,4} {1,2,3,4}]     1    4 | [6, 18, 6, 30]  1 | [18, 12, 18, 6]  1 | [18, 14, 18, 10]  1
  [{3,4} {1,2,4} {1,3,4} {2,3,4} {1,2,3,4}]        2    3 | [6, 6, 18, 30]  1 | [12, 12, 6, 0]  1 | [18, 18, 14, 10]  1
  [{1,2} {3,4} {1,2,4} {1,3,4} {2,3,4} {1,2,3,4}]     2    3 | [12, 12, 12, 24]  1 | [12, 12, 12, 6]  1 | [16, 16, 16, 12]  1
  [0 {1,2} {3,4} {1,2,4} {1,3,4} {2,3,4} {1,2,3,4}]     2    3 | [6, 6, 6, 18]  1 | [18, 18, 18, 12]  1 | [10, 10, 10, 6]  1
  [{1} {1,2} {3,4} {1,2,4} {1,3,4} {2,3,4} {1,2,3,4}]     1    4 | [18, 6, 6, 18]  1 | [12, 18, 18, 12]  1 | [10, 14, 14, 10]  1
  [{2} {1,2} {3,4} {1,2,4} {1,3,4} {2,3,4} {1,2,3,4}]     1    4 | [6, 18, 6, 18]  1 | [18, 12, 18, 12]  1 | [14, 10, 14, 10]  1
  [{4} {1,2} {3,4} {1,2,4} {1,3,4} {2,3,4} {1,2,3,4}]     2    3 | [6, 6, 6, 30]  1 | [18, 18, 18, 6]  1 | [14, 14, 14, 6]  1
  [{2} {1,4} {3,4} {1,2,4} {1,3,4} {2,3,4} {1,2,3,4}]     2    3 | [6, 6, 6, 30]  1 | [18, 18, 18, 6]  1 | [14, 14, 14, 6]  1
  [{1,2} {1,4} {3,4} {1,2,4} {1,3,4} {2,3,4} {1,2,3,4}]     1    4 | [18, 6, 6, 30]  1 | [12, 18, 18, 6]  1 | [14, 18, 18, 10]  1
  [{1,4} {2,3} {3,4} {1,2,4} {1,3,4} {2,3,4} {1,2,3,4}]     1    4 | [6, 6, 18, 30]  1 | [18, 18, 12, 6]  1 | [18, 18, 14, 10]  1
  [{1} {2,4} {3,4} {1,2,4} {1,3,4} {2,3,4} {1,2,3,4}]     2    3 | [6, 6, 6, 30]  1 | [18, 18, 18, 6]  1 | [14, 14, 14, 6]  1
  [{1,2} {2,4} {3,4} {1,2,4} {1,3,4} {2,3,4} {1,2,3,4}]     1    4 | [6, 18, 6, 30]  1 | [18, 12, 18, 6]  1 | [18, 14, 18, 10]  1
  [{1,3} {2,4} {3,4} {1,2,4} {1,3,4} {2,3,4} {1,2,3,4}]     1    4 | [6, 6, 18, 30]  1 | [18, 18, 12, 6]  1 | [18, 18, 14, 10]  1
  [{1,4} {2,4} {3,4} {1,2,4} {1,3,4} {2,3,4} {1,2,3,4}]     6    2 | [6, 6, 6, 42]  1 | [18, 18, 18, 0]  1 | [18, 18, 18, 6]  1
  [{1,2,3} {1,2,4} {1,3,4} {2,3,4} {1,2,3,4}]     24    1 | [18, 18, 18, 18]  0 |  [6, 6, 6, 6]  0 | [18, 18, 18, 18]  0
  [0 {1,2,3} {1,2,4} {1,3,4} {2,3,4} {1,2,3,4}]    24    1 | [12, 12, 12, 12]  0 | [12, 12, 12, 12]  0 | [12, 12, 12, 12]  0
  [{1} {1,2,3} {1,2,4} {1,3,4} {2,3,4} {1,2,3,4}]     6    2 | [24, 12, 12, 12]  1 | [6, 12, 12, 12]  1 | [12, 16, 16, 16]  1
  [0 {1} {1,2,3} {1,2,4} {1,3,4} {2,3,4} {1,2,3,4}]     6    2 | [18, 6, 6, 6]  1 | [12, 18, 18, 18]  1 | [6, 10, 10, 10]  1
  [{2} {1,2,3} {1,2,4} {1,3,4} {2,3,4} {1,2,3,4}]     6    2 | [12, 24, 12, 12]  1 | [12, 6, 12, 12]  1 | [16, 12, 16, 16]  1
  [0 {2} {1,2,3} {1,2,4} {1,3,4} {2,3,4} {1,2,3,4}]     6    2 | [6, 18, 6, 6]  1 | [18, 12, 18, 18]  1 | [10, 6, 10, 10]  1
  [{3} {1,2,3} {1,2,4} {1,3,4} {2,3,4} {1,2,3,4}]     6    2 | [12, 12, 24, 12]  1 | [12, 12, 6, 12]  1 | [16, 16, 12, 16]  1
  [0 {3} {1,2,3} {1,2,4} {1,3,4} {2,3,4} {1,2,3,4}]     6    2 | [6, 6, 18, 6]  1 | [18, 18, 12, 18]  1 | [10, 10, 6, 10]  1
  [{4} {1,2,3} {1,2,4} {1,3,4} {2,3,4} {1,2,3,4}]     6    2 | [12, 12, 12, 24]  1 | [12, 12, 12, 6]  1 | [16, 16, 16, 12]  1
  [0 {4} {1,2,3} {1,2,4} {1,3,4} {2,3,4} {1,2,3,4}]     6    2 | [6, 6, 6, 18]  1 | [18, 18, 18, 12]  1 | [10, 10, 10, 6]  1
  [{1,2} {1,2,3} {1,2,4} {1,3,4} {2,3,4} {1,2,3,4}]     4    2 | [24, 24, 12, 12]  1 | [6, 6, 12, 12]  1 | [16, 16, 20, 20]  1
  [0 {1,2} {1,2,3} {1,2,4} {1,3,4} {2,3,4} {1,2,3,4}]     4    2 | [18, 18, 6, 6]  1 | [12, 12, 18, 18]  1 | [10, 10, 14, 14]  1
  [{1} {1,2} {1,2,3} {1,2,4} {1,3,4} {2,3,4} {1,2,3,4}]     2    3 | [30, 18, 6, 6]  1 | [6, 12, 18, 18]  1 | [10, 14, 18, 18]  1
  [{2} {1,2} {1,2,3} {1,2,4} {1,3,4} {2,3,4} {1,2,3,4}]     2    3 | [18, 30, 6, 6]  1 | [12, 6, 18, 18]  1 | [14, 10, 18, 18]  1
  [{3} {1,2} {1,2,3} {1,2,4} {1,3,4} {2,3,4} {1,2,3,4}]     2    3 | [18, 18, 18, 6]  1 | [12, 12, 12, 18]  1 | [14, 14, 14, 18]  1
  [{4} {1,2} {1,2,3} {1,2,4} {1,3,4} {2,3,4} {1,2,3,4}]     2    3 | [18, 18, 6, 18]  1 | [12, 12, 18, 12]  1 | [14, 14, 18, 14]  1
  [{1,3} {1,2,3} {1,2,4} {1,3,4} {2,3,4} {1,2,3,4}]     4    2 | [24, 12, 24, 12]  1 | [6, 12, 6, 12]  1 | [16, 20, 16, 20]  1
  [0 {1,3} {1,2,3} {1,2,4} {1,3,4} {2,3,4} {1,2,3,4}]     4    2 | [18, 6, 18, 6]  1 | [12, 18, 12, 18]  1 | [10, 14, 10, 14]  1
  [{1} {1,3} {1,2,3} {1,2,4} {1,3,4} {2,3,4} {1,2,3,4}]     2    3 | [30, 6, 18, 6]  1 | [6, 18, 12, 18]  1 | [10, 18, 14, 18]  1
  [{2} {1,3} {1,2,3} {1,2,4} {1,3,4} {2,3,4} {1,2,3,4}]     2    3 | [18, 18, 18, 6]  1 | [12, 12, 12, 18]  1 | [14, 14, 14, 18]  1
  [{3} {1,3} {1,2,3} {1,2,4} {1,3,4} {2,3,4} {1,2,3,4}]     2    3 | [18, 6, 30, 6]  1 | [12, 18, 6, 18]  1 | [14, 18, 10, 18]  1
  [{4} {1,3} {1,2,3} {1,2,4} {1,3,4} {2,3,4} {1,2,3,4}]     2    3 | [18, 6, 18, 18]  1 | [12, 18, 12, 12]  1 | [14, 18, 14, 14]  1
  [{1,2} {1,3} {1,2,3} {1,2,4} {1,3,4} {2,3,4} {1,2,3,4}]     2    3 | [30, 18, 18, 6]  1 | [6, 12, 12, 18]  1 | [14, 18, 18, 22]  1
  [{4} {1,2} {1,3} {1,2,3} {1,2,4} {1,3,4} {2,3,4} {1,2,3,4}]     2    3 | [24, 12, 12, 12]  1 | [12, 18, 18, 18]  1 | [12, 16, 16, 16]  1
  [0 {4} {1,2} {1,3} {1,2,3} {1,2,4} {1,3,4} {2,3,4} {1,2,3,4}]     2    3 | [18, 6, 6, 6]  1 | [18, 24, 24, 24]  1 | [6, 10, 10, 10]  1
  [{1,4} {1,2,3} {1,2,4} {1,3,4} {2,3,4} {1,2,3,4}]     4    2 | [24, 12, 12, 24]  1 | [6, 12, 12, 6]  1 | [16, 20, 20, 16]  1
  [0 {1,4} {1,2,3} {1,2,4} {1,3,4} {2,3,4} {1,2,3,4}]     4    2 | [18, 6, 6, 18]  1 | [12, 18, 18, 12]  1 | [10, 14, 14, 10]  1
  [{1} {1,4} {1,2,3} {1,2,4} {1,3,4} {2,3,4} {1,2,3,4}]     2    3 | [30, 6, 6, 18]  1 | [6, 18, 18, 12]  1 | [10, 18, 18, 14]  1
  [{2} {1,4} {1,2,3} {1,2,4} {1,3,4} {2,3,4} {1,2,3,4}]     2    3 | [18, 18, 6, 18]  1 | [12, 12, 18, 12]  1 | [14, 14, 18, 14]  1
  [{3} {1,4} {1,2,3} {1,2,4} {1,3,4} {2,3,4} {1,2,3,4}]     2    3 | [18, 6, 18, 18]  1 | [12, 18, 12, 12]  1 | [14, 18, 14, 14]  1
  [{4} {1,4} {1,2,3} {1,2,4} {1,3,4} {2,3,4} {1,2,3,4}]     2    3 | [18, 6, 6, 30]  1 | [12, 18, 18, 6]  1 | [14, 18, 18, 10]  1
  [{1,2} {1,4} {1,2,3} {1,2,4} {1,3,4} {2,3,4} {1,2,3,4}]     2    3 | [30, 18, 6, 18]  1 | [6, 12, 18, 12]  1 | [14, 18, 22, 18]  1
  [{3} {1,2} {1,4} {1,2,3} {1,2,4} {1,3,4} {2,3,4} {1,2,3,4}]     2    3 | [24, 12, 12, 12]  1 | [12, 18, 18, 18]  1 | [12, 16, 16, 16]  1
  [0 {3} {1,2} {1,4} {1,2,3} {1,2,4} {1,3,4} {2,3,4} {1,2,3,4}]     2    3 | [18, 6, 6, 6]  1 | [18, 24, 24, 24]  1 | [6, 10, 10, 10]  1
  [{1,3} {1,4} {1,2,3} {1,2,4} {1,3,4} {2,3,4} {1,2,3,4}]     2    3 | [30, 6, 18, 18]  1 | [6, 18, 12, 12]  1 | [14, 22, 18, 18]  1
  [{2} {1,3} {1,4} {1,2,3} {1,2,4} {1,3,4} {2,3,4} {1,2,3,4}]     2    3 | [24, 12, 12, 12]  1 | [12, 18, 18, 18]  1 | [12, 16, 16, 16]  1
  [0 {2} {1,3} {1,4} {1,2,3} {1,2,4} {1,3,4} {2,3,4} {1,2,3,4}]     2    3 | [18, 6, 6, 6]  1 | [18, 24, 24, 24]  1 | [6, 10, 10, 10]  1
  [{1,2} {1,3} {1,4} {1,2,3} {1,2,4} {1,3,4} {2,3,4} {1,2,3,4}]     6    2 | [36, 12, 12, 12]  1 | [6, 18, 18, 18]  1 | [12, 20, 20, 20]  1
  [0 {1,2} {1,3} {1,4} {1,2,3} {1,2,4} {1,3,4} {2,3,4} {1,2,3,4}]     6    2 | [30, 6, 6, 6]  1 | [12, 24, 24, 24]  1 | [6, 14, 14, 14]  1
  [{1} {1,2} {1,3} {1,4} {1,2,3} {1,2,4} {1,3,4} {2,3,4} {1,2,3,4}]     6    2 | [42, 6, 6, 6]  1 | [6, 24, 24, 24]  1 | [6, 18, 18, 18]  1
  [{2} {1,2} {1,3} {1,4} {1,2,3} {1,2,4} {1,3,4} {2,3,4} {1,2,3,4}]     2    3 | [30, 18, 6, 6]  1 | [12, 18, 24, 24]  1 | [10, 14, 18, 18]  1
  [{3} {1,2} {1,3} {1,4} {1,2,3} {1,2,4} {1,3,4} {2,3,4} {1,2,3,4}]     2    3 | [30, 6, 18, 6]  1 | [12, 24, 18, 24]  1 | [10, 18, 14, 18]  1
  [{4} {1,2} {1,3} {1,4} {1,2,3} {1,2,4} {1,3,4} {2,3,4} {1,2,3,4}]     2    3 | [30, 6, 6, 18]  1 | [12, 24, 24, 18]  1 | [10, 18, 18, 14]  1
  [{2,3} {1,2,3} {1,2,4} {1,3,4} {2,3,4} {1,2,3,4}]     4    2 | [12, 24, 24, 12]  1 | [12, 6, 6, 12]  1 | [20, 16, 16, 20]  1
  [0 {2,3} {1,2,3} {1,2,4} {1,3,4} {2,3,4} {1,2,3,4}]     4    2 | [6, 18, 18, 6]  1 | [18, 12, 12, 18]  1 | [14, 10, 10, 14]  1
  [{1} {2,3} {1,2,3} {1,2,4} {1,3,4} {2,3,4} {1,2,3,4}]     2    3 | [18, 18, 18, 6]  1 | [12, 12, 12, 18]  1 | [14, 14, 14, 18]  1
  [{2} {2,3} {1,2,3} {1,2,4} {1,3,4} {2,3,4} {1,2,3,4}]     2    3 | [6, 30, 18, 6]  1 | [18, 6, 12, 18]  1 | [18, 10, 14, 18]  1
  [{3} {2,3} {1,2,3} {1,2,4} {1,3,4} {2,3,4} {1,2,3,4}]     2    3 | [6, 18, 30, 6]  1 | [18, 12, 6, 18]  1 | [18, 14, 10, 18]  1
  [{4} {2,3} {1,2,3} {1,2,4} {1,3,4} {2,3,4} {1,2,3,4}]     2    3 | [6, 18, 18, 18]  1 | [18, 12, 12, 12]  1 | [18, 14, 14, 14]  1
  [{1,2} {2,3} {1,2,3} {1,2,4} {1,3,4} {2,3,4} {1,2,3,4}]     2    3 | [18, 30, 18, 6]  1 | [12, 6, 12, 18]  1 | [18, 14, 18, 22]  1
  [{4} {1,2} {2,3} {1,2,3} {1,2,4} {1,3,4} {2,3,4} {1,2,3,4}]     2    3 | [12, 24, 12, 12]  1 | [18, 12, 18, 18]  1 | [16, 12, 16, 16]  1
  [0 {4} {1,2} {2,3} {1,2,3} {1,2,4} {1,3,4} {2,3,4} {1,2,3,4}]     2    3 | [6, 18, 6, 6]  1 | [24, 18, 24, 24]  1 | [10, 6, 10, 10]  1
  [{1,3} {2,3} {1,2,3} {1,2,4} {1,3,4} {2,3,4} {1,2,3,4}]     2    3 | [18, 18, 30, 6]  1 | [12, 12, 6, 18]  1 | [18, 18, 14, 22]  1
  [{4} {1,3} {2,3} {1,2,3} {1,2,4} {1,3,4} {2,3,4} {1,2,3,4}]     2    3 | [12, 12, 24, 12]  1 | [18, 18, 12, 18]  1 | [16, 16, 12, 16]  1
  [0 {4} {1,3} {2,3} {1,2,3} {1,2,4} {1,3,4} {2,3,4} {1,2,3,4}]     2    3 | [6, 6, 18, 6]  1 | [24, 24, 18, 24]  1 | [10, 10, 6, 10]  1
  [{4} {1,2} {1,3} {2,3} {1,2,3} {1,2,4} {1,3,4} {2,3,4} {1,2,3,4}]     6    2 | [18, 18, 18, 6]  1 | [18, 18, 18, 24]  1 | [14, 14, 14, 18]  1
  [{1,4} {2,3} {1,2,3} {1,2,4} {1,3,4} {2,3,4} {1,2,3,4}]     8    1 | [18, 18, 18, 18]  0 | [12, 12, 12, 12]  0 | [18, 18, 18, 18]  0
  [0 {1,4} {2,3} {1,2,3} {1,2,4} {1,3,4} {2,3,4} {1,2,3,4}]     8    1 | [12, 12, 12, 12]  0 | [18, 18, 18, 18]  0 | [12, 12, 12, 12]  0
  [{1} {1,4} {2,3} {1,2,3} {1,2,4} {1,3,4} {2,3,4} {1,2,3,4}]     2    3 | [24, 12, 12, 12]  1 | [12, 18, 18, 18]  1 | [12, 16, 16, 16]  1
  [0 {1} {1,4} {2,3} {1,2,3} {1,2,4} {1,3,4} {2,3,4} {1,2,3,4}]     2    3 | [18, 6, 6, 6]  1 | [18, 24, 24, 24]  1 | [6, 10, 10, 10]  1
  [{2} {1,4} {2,3} {1,2,3} {1,2,4} {1,3,4} {2,3,4} {1,2,3,4}]     2    3 | [12, 24, 12, 12]  1 | [18, 12, 18, 18]  1 | [16, 12, 16, 16]  1
  [0 {2} {1,4} {2,3} {1,2,3} {1,2,4} {1,3,4} {2,3,4} {1,2,3,4}]     2    3 | [6, 18, 6, 6]  1 | [24, 18, 24, 24]  1 | [10, 6, 10, 10]  1
  [{3} {1,4} {2,3} {1,2,3} {1,2,4} {1,3,4} {2,3,4} {1,2,3,4}]     2    3 | [12, 12, 24, 12]  1 | [18, 18, 12, 18]  1 | [16, 16, 12, 16]  1
  [0 {3} {1,4} {2,3} {1,2,3} {1,2,4} {1,3,4} {2,3,4} {1,2,3,4}]     2    3 | [6, 6, 18, 6]  1 | [24, 24, 18, 24]  1 | [10, 10, 6, 10]  1
  [{2} {3} {1,4} {2,3} {1,2,3} {1,2,4} {1,3,4} {2,3,4} {1,2,3,4}]     4    2 | [6, 18, 18, 6]  1 | [24, 18, 18, 24]  1 | [14, 10, 10, 14]  1
  [{4} {1,4} {2,3} {1,2,3} {1,2,4} {1,3,4} {2,3,4} {1,2,3,4}]     2    3 | [12, 12, 12, 24]  1 | [18, 18, 18, 12]  1 | [16, 16, 16, 12]  1
  [0 {4} {1,4} {2,3} {1,2,3} {1,2,4} {1,3,4} {2,3,4} {1,2,3,4}]     2    3 | [6, 6, 6, 18]  1 | [24, 24, 24, 18]  1 | [10, 10, 10, 6]  1
  [{1} {4} {1,4} {2,3} {1,2,3} {1,2,4} {1,3,4} {2,3,4} {1,2,3,4}]     4    2 | [18, 6, 6, 18]  1 | [18, 24, 24, 18]  1 | [10, 14, 14, 10]  1
  [{1,2} {1,4} {2,3} {1,2,3} {1,2,4} {1,3,4} {2,3,4} {1,2,3,4}]     2    2 | [24, 24, 12, 12]  1 | [12, 12, 18, 18]  1 | [16, 16, 20, 20]  1
  [0 {1,2} {1,4} {2,3} {1,2,3} {1,2,4} {1,3,4} {2,3,4} {1,2,3,4}]     2    2 | [18, 18, 6, 6]  1 | [18, 18, 24, 24]  1 | [10, 10, 14, 14]  1
  [{1} {1,2} {1,4} {2,3} {1,2,3} {1,2,4} {1,3,4} {2,3,4} {1,2,3,4}]     1    4 | [30, 18, 6, 6]  1 | [12, 18, 24, 24]  1 | [10, 14, 18, 18]  1
  [{2} {1,2} {1,4} {2,3} {1,2,3} {1,2,4} {1,3,4} {2,3,4} {1,2,3,4}]     1    4 | [18, 30, 6, 6]  1 | [18, 12, 24, 24]  1 | [14, 10, 18, 18]  1
  [{3} {1,2} {1,4} {2,3} {1,2,3} {1,2,4} {1,3,4} {2,3,4} {1,2,3,4}]     1    4 | [18, 18, 18, 6]  1 | [18, 18, 18, 24]  1 | [14, 14, 14, 18]  1
  [{4} {1,2} {1,4} {2,3} {1,2,3} {1,2,4} {1,3,4} {2,3,4} {1,2,3,4}]     1    4 | [18, 18, 6, 18]  1 | [18, 18, 24, 18]  1 | [14, 14, 18, 14]  1
  [{1,3} {1,4} {2,3} {1,2,3} {1,2,4} {1,3,4} {2,3,4} {1,2,3,4}]     2    2 | [24, 12, 24, 12]  1 | [12, 18, 12, 18]  1 | [16, 20, 16, 20]  1
  [0 {1,3} {1,4} {2,3} {1,2,3} {1,2,4} {1,3,4} {2,3,4} {1,2,3,4}]     2    2 | [18, 6, 18, 6]  1 | [18, 24, 18, 24]  1 | [10, 14, 10, 14]  1
  [{1} {1,3} {1,4} {2,3} {1,2,3} {1,2,4} {1,3,4} {2,3,4} {1,2,3,4}]     1    4 | [30, 6, 18, 6]  1 | [12, 24, 18, 24]  1 | [10, 18, 14, 18]  1
  [{2} {1,3} {1,4} {2,3} {1,2,3} {1,2,4} {1,3,4} {2,3,4} {1,2,3,4}]     1    4 | [18, 18, 18, 6]  1 | [18, 18, 18, 24]  1 | [14, 14, 14, 18]  1
  [{3} {1,3} {1,4} {2,3} {1,2,3} {1,2,4} {1,3,4} {2,3,4} {1,2,3,4}]     1    4 | [18, 6, 30, 6]  1 | [18, 24, 12, 24]  1 | [14, 18, 10, 18]  1
  [{4} {1,3} {1,4} {2,3} {1,2,3} {1,2,4} {1,3,4} {2,3,4} {1,2,3,4}]     1    4 | [18, 6, 18, 18]  1 | [18, 24, 18, 18]  1 | [14, 18, 14, 14]  1
  [{1,2} {1,3} {1,4} {2,3} {1,2,3} {1,2,4} {1,3,4} {2,3,4} {1,2,3,4}]     2    3 | [30, 18, 18, 6]  1 | [12, 18, 18, 24]  1 | [14, 18, 18, 22]  1
  [{4} {1,2} {1,3} {1,4} {2,3} {1,2,3} {1,2,4} {1,3,4} {2,3,4} {1,2,3,4}]     2    3 | [24, 12, 12, 12]  1 | [18, 24, 24, 24]  1 | [12, 16, 16, 16]  1
  [0 {4} {1,2} {1,3} {1,4} {2,3} {1,2,3} {1,2,4} {1,3,4} {2,3,4} {1,2,3,4}]     2    3 | [18, 6, 6, 6]  1 | [24, 30, 30, 30]  1 | [6, 10, 10, 10]  1
  [{1} {4} {1,2} {1,3} {1,4} {2,3} {1,2,3} {1,2,4} {1,3,4} {2,3,4} {1,2,3,4}]     2    3 | [30, 6, 6, 6]  1 | [18, 30, 30, 30]  1 | [6, 14, 14, 14]  1
  [{2,4} {1,2,3} {1,2,4} {1,3,4} {2,3,4} {1,2,3,4}]     4    2 | [12, 24, 12, 24]  1 | [12, 6, 12, 6]  1 | [20, 16, 20, 16]  1
  [0 {2,4} {1,2,3} {1,2,4} {1,3,4} {2,3,4} {1,2,3,4}]     4    2 | [6, 18, 6, 18]  1 | [18, 12, 18, 12]  1 | [14, 10, 14, 10]  1
  [{1} {2,4} {1,2,3} {1,2,4} {1,3,4} {2,3,4} {1,2,3,4}]     2    3 | [18, 18, 6, 18]  1 | [12, 12, 18, 12]  1 | [14, 14, 18, 14]  1
  [{2} {2,4} {1,2,3} {1,2,4} {1,3,4} {2,3,4} {1,2,3,4}]     2    3 | [6, 30, 6, 18]  1 | [18, 6, 18, 12]  1 | [18, 10, 18, 14]  1
  [{3} {2,4} {1,2,3} {1,2,4} {1,3,4} {2,3,4} {1,2,3,4}]     2    3 | [6, 18, 18, 18]  1 | [18, 12, 12, 12]  1 | [18, 14, 14, 14]  1
  [{4} {2,4} {1,2,3} {1,2,4} {1,3,4} {2,3,4} {1,2,3,4}]     2    3 | [6, 18, 6, 30]  1 | [18, 12, 18, 6]  1 | [18, 14, 18, 10]  1
  [{1,2} {2,4} {1,2,3} {1,2,4} {1,3,4} {2,3,4} {1,2,3,4}]     2    3 | [18, 30, 6, 18]  1 | [12, 6, 18, 12]  1 | [18, 14, 22, 18]  1
  [{3} {1,2} {2,4} {1,2,3} {1,2,4} {1,3,4} {2,3,4} {1,2,3,4}]     2    3 | [12, 24, 12, 12]  1 | [18, 12, 18, 18]  1 | [16, 12, 16, 16]  1
  [0 {3} {1,2} {2,4} {1,2,3} {1,2,4} {1,3,4} {2,3,4} {1,2,3,4}]     2    3 | [6, 18, 6, 6]  1 | [24, 18, 24, 24]  1 | [10, 6, 10, 10]  1
  [{1,3} {2,4} {1,2,3} {1,2,4} {1,3,4} {2,3,4} {1,2,3,4}]     8    1 | [18, 18, 18, 18]  0 | [12, 12, 12, 12]  0 | [18, 18, 18, 18]  0
  [0 {1,3} {2,4} {1,2,3} {1,2,4} {1,3,4} {2,3,4} {1,2,3,4}]     8    1 | [12, 12, 12, 12]  0 | [18, 18, 18, 18]  0 | [12, 12, 12, 12]  0
  [{1} {1,3} {2,4} {1,2,3} {1,2,4} {1,3,4} {2,3,4} {1,2,3,4}]     2    3 | [24, 12, 12, 12]  1 | [12, 18, 18, 18]  1 | [12, 16, 16, 16]  1
  [0 {1} {1,3} {2,4} {1,2,3} {1,2,4} {1,3,4} {2,3,4} {1,2,3,4}]     2    3 | [18, 6, 6, 6]  1 | [18, 24, 24, 24]  1 | [6, 10, 10, 10]  1
  [{2} {1,3} {2,4} {1,2,3} {1,2,4} {1,3,4} {2,3,4} {1,2,3,4}]     2    3 | [12, 24, 12, 12]  1 | [18, 12, 18, 18]  1 | [16, 12, 16, 16]  1
  [0 {2} {1,3} {2,4} {1,2,3} {1,2,4} {1,3,4} {2,3,4} {1,2,3,4}]     2    3 | [6, 18, 6, 6]  1 | [24, 18, 24, 24]  1 | [10, 6, 10, 10]  1
  [{3} {1,3} {2,4} {1,2,3} {1,2,4} {1,3,4} {2,3,4} {1,2,3,4}]     2    3 | [12, 12, 24, 12]  1 | [18, 18, 12, 18]  1 | [16, 16, 12, 16]  1
  [0 {3} {1,3} {2,4} {1,2,3} {1,2,4} {1,3,4} {2,3,4} {1,2,3,4}]     2    3 | [6, 6, 18, 6]  1 | [24, 24, 18, 24]  1 | [10, 10, 6, 10]  1
  [{1} {3} {1,3} {2,4} {1,2,3} {1,2,4} {1,3,4} {2,3,4} {1,2,3,4}]     4    2 | [18, 6, 18, 6]  1 | [18, 24, 18, 24]  1 | [10, 14, 10, 14]  1
  [{4} {1,3} {2,4} {1,2,3} {1,2,4} {1,3,4} {2,3,4} {1,2,3,4}]     2    3 | [12, 12, 12, 24]  1 | [18, 18, 18, 12]  1 | [16, 16, 16, 12]  1
  [0 {4} {1,3} {2,4} {1,2,3} {1,2,4} {1,3,4} {2,3,4} {1,2,3,4}]     2    3 | [6, 6, 6, 18]  1 | [24, 24, 24, 18]  1 | [10, 10, 10, 6]  1
  [{2} {4} {1,3} {2,4} {1,2,3} {1,2,4} {1,3,4} {2,3,4} {1,2,3,4}]     4    2 | [6, 18, 6, 18]  1 | [24, 18, 24, 18]  1 | [14, 10, 14, 10]  1
  [{1,2} {1,3} {2,4} {1,2,3} {1,2,4} {1,3,4} {2,3,4} {1,2,3,4}]     2    2 | [24, 24, 12, 12]  1 | [12, 12, 18, 18]  1 | [16, 16, 20, 20]  1
  [0 {1,2} {1,3} {2,4} {1,2,3} {1,2,4} {1,3,4} {2,3,4} {1,2,3,4}]     2    2 | [18, 18, 6, 6]  1 | [18, 18, 24, 24]  1 | [10, 10, 14, 14]  1
  [{1} {1,2} {1,3} {2,4} {1,2,3} {1,2,4} {1,3,4} {2,3,4} {1,2,3,4}]     1    4 | [30, 18, 6, 6]  1 | [12, 18, 24, 24]  1 | [10, 14, 18, 18]  1
  [{2} {1,2} {1,3} {2,4} {1,2,3} {1,2,4} {1,3,4} {2,3,4} {1,2,3,4}]     1    4 | [18, 30, 6, 6]  1 | [18, 12, 24, 24]  1 | [14, 10, 18, 18]  1
  [{3} {1,2} {1,3} {2,4} {1,2,3} {1,2,4} {1,3,4} {2,3,4} {1,2,3,4}]     1    4 | [18, 18, 18, 6]  1 | [18, 18, 18, 24]  1 | [14, 14, 14, 18]  1
  [{4} {1,2} {1,3} {2,4} {1,2,3} {1,2,4} {1,3,4} {2,3,4} {1,2,3,4}]     1    4 | [18, 18, 6, 18]  1 | [18, 18, 24, 18]  1 | [14, 14, 18, 14]  1
  [{1,4} {2,4} {1,2,3} {1,2,4} {1,3,4} {2,3,4} {1,2,3,4}]     2    3 | [18, 18, 6, 30]  1 | [12, 12, 18, 6]  1 | [18, 18, 22, 14]  1
  [{3} {1,4} {2,4} {1,2,3} {1,2,4} {1,3,4} {2,3,4} {1,2,3,4}]     2    3 | [12, 12, 12, 24]  1 | [18, 18, 18, 12]  1 | [16, 16, 16, 12]  1
  [0 {3} {1,4} {2,4} {1,2,3} {1,2,4} {1,3,4} {2,3,4} {1,2,3,4}]     2    3 | [6, 6, 6, 18]  1 | [24, 24, 24, 18]  1 | [10, 10, 10, 6]  1
  [{3} {1,2} {1,4} {2,4} {1,2,3} {1,2,4} {1,3,4} {2,3,4} {1,2,3,4}]     6    2 | [18, 18, 6, 18]  1 | [18, 18, 24, 18]  1 | [14, 14, 18, 14]  1
  [{1,3} {1,4} {2,4} {1,2,3} {1,2,4} {1,3,4} {2,3,4} {1,2,3,4}]     2    2 | [24, 12, 12, 24]  1 | [12, 18, 18, 12]  1 | [16, 20, 20, 16]  1
  [0 {1,3} {1,4} {2,4} {1,2,3} {1,2,4} {1,3,4} {2,3,4} {1,2,3,4}]     2    2 | [18, 6, 6, 18]  1 | [18, 24, 24, 18]  1 | [10, 14, 14, 10]  1
  [{1} {1,3} {1,4} {2,4} {1,2,3} {1,2,4} {1,3,4} {2,3,4} {1,2,3,4}]     1    4 | [30, 6, 6, 18]  1 | [12, 24, 24, 18]  1 | [10, 18, 18, 14]  1
  [{2} {1,3} {1,4} {2,4} {1,2,3} {1,2,4} {1,3,4} {2,3,4} {1,2,3,4}]     1    4 | [18, 18, 6, 18]  1 | [18, 18, 24, 18]  1 | [14, 14, 18, 14]  1
  [{3} {1,3} {1,4} {2,4} {1,2,3} {1,2,4} {1,3,4} {2,3,4} {1,2,3,4}]     1    4 | [18, 6, 18, 18]  1 | [18, 24, 18, 18]  1 | [14, 18, 14, 14]  1
  [{4} {1,3} {1,4} {2,4} {1,2,3} {1,2,4} {1,3,4} {2,3,4} {1,2,3,4}]     1    4 | [18, 6, 6, 30]  1 | [18, 24, 24, 12]  1 | [14, 18, 18, 10]  1
  [{1,2} {1,3} {1,4} {2,4} {1,2,3} {1,2,4} {1,3,4} {2,3,4} {1,2,3,4}]     2    3 | [30, 18, 6, 18]  1 | [12, 18, 24, 18]  1 | [14, 18, 22, 18]  1
  [{3} {1,2} {1,3} {1,4} {2,4} {1,2,3} {1,2,4} {1,3,4} {2,3,4} {1,2,3,4}]     2    3 | [24, 12, 12, 12]  1 | [18, 24, 24, 24]  1 | [12, 16, 16, 16]  1
  [0 {3} {1,2} {1,3} {1,4} {2,4} {1,2,3} {1,2,4} {1,3,4} {2,3,4} {1,2,3,4}]     2    3 | [18, 6, 6, 6]  1 | [24, 30, 30, 30]  1 | [6, 10, 10, 10]  1
  [{1} {3} {1,2} {1,3} {1,4} {2,4} {1,2,3} {1,2,4} {1,3,4} {2,3,4} {1,2,3,4}]     2    3 | [30, 6, 6, 6]  1 | [18, 30, 30, 30]  1 | [6, 14, 14, 14]  1
  [{2,3} {2,4} {1,2,3} {1,2,4} {1,3,4} {2,3,4} {1,2,3,4}]     2    3 | [6, 30, 18, 18]  1 | [18, 6, 12, 12]  1 | [22, 14, 18, 18]  1
  [{1} {2,3} {2,4} {1,2,3} {1,2,4} {1,3,4} {2,3,4} {1,2,3,4}]     2    3 | [12, 24, 12, 12]  1 | [18, 12, 18, 18]  1 | [16, 12, 16, 16]  1
  [0 {1} {2,3} {2,4} {1,2,3} {1,2,4} {1,3,4} {2,3,4} {1,2,3,4}]     2    3 | [6, 18, 6, 6]  1 | [24, 18, 24, 24]  1 | [10, 6, 10, 10]  1
  [{1,2} {2,3} {2,4} {1,2,3} {1,2,4} {1,3,4} {2,3,4} {1,2,3,4}]     6    2 | [12, 36, 12, 12]  1 | [18, 6, 18, 18]  1 | [20, 12, 20, 20]  1
  [0 {1,2} {2,3} {2,4} {1,2,3} {1,2,4} {1,3,4} {2,3,4} {1,2,3,4}]     6    2 | [6, 30, 6, 6]  1 | [24, 12, 24, 24]  1 | [14, 6, 14, 14]  1
  [{1} {1,2} {2,3} {2,4} {1,2,3} {1,2,4} {1,3,4} {2,3,4} {1,2,3,4}]     2    3 | [18, 30, 6, 6]  1 | [18, 12, 24, 24]  1 | [14, 10, 18, 18]  1
  [{2} {1,2} {2,3} {2,4} {1,2,3} {1,2,4} {1,3,4} {2,3,4} {1,2,3,4}]     6    2 | [6, 42, 6, 6]  1 | [24, 6, 24, 24]  1 | [18, 6, 18, 18]  1
  [{3} {1,2} {2,3} {2,4} {1,2,3} {1,2,4} {1,3,4} {2,3,4} {1,2,3,4}]     2    3 | [6, 30, 18, 6]  1 | [24, 12, 18, 24]  1 | [18, 10, 14, 18]  1
  [{4} {1,2} {2,3} {2,4} {1,2,3} {1,2,4} {1,3,4} {2,3,4} {1,2,3,4}]     2    3 | [6, 30, 6, 18]  1 | [24, 12, 24, 18]  1 | [18, 10, 18, 14]  1
  [{1,3} {2,3} {2,4} {1,2,3} {1,2,4} {1,3,4} {2,3,4} {1,2,3,4}]     2    2 | [12, 24, 24, 12]  1 | [18, 12, 12, 18]  1 | [20, 16, 16, 20]  1
  [0 {1,3} {2,3} {2,4} {1,2,3} {1,2,4} {1,3,4} {2,3,4} {1,2,3,4}]     2    2 | [6, 18, 18, 6]  1 | [24, 18, 18, 24]  1 | [14, 10, 10, 14]  1
  [{1} {1,3} {2,3} {2,4} {1,2,3} {1,2,4} {1,3,4} {2,3,4} {1,2,3,4}]     1    4 | [18, 18, 18, 6]  1 | [18, 18, 18, 24]  1 | [14, 14, 14, 18]  1
  [{2} {1,3} {2,3} {2,4} {1,2,3} {1,2,4} {1,3,4} {2,3,4} {1,2,3,4}]     1    4 | [6, 30, 18, 6]  1 | [24, 12, 18, 24]  1 | [18, 10, 14, 18]  1
  [{3} {1,3} {2,3} {2,4} {1,2,3} {1,2,4} {1,3,4} {2,3,4} {1,2,3,4}]     1    4 | [6, 18, 30, 6]  1 | [24, 18, 12, 24]  1 | [18, 14, 10, 18]  1
  [{4} {1,3} {2,3} {2,4} {1,2,3} {1,2,4} {1,3,4} {2,3,4} {1,2,3,4}]     1    4 | [6, 18, 18, 18]  1 | [24, 18, 18, 18]  1 | [18, 14, 14, 14]  1
  [{1,2} {1,3} {2,3} {2,4} {1,2,3} {1,2,4} {1,3,4} {2,3,4} {1,2,3,4}]     2    3 | [18, 30, 18, 6]  1 | [18, 12, 18, 24]  1 | [18, 14, 18, 22]  1
  [{4} {1,2} {1,3} {2,3} {2,4} {1,2,3} {1,2,4} {1,3,4} {2,3,4} {1,2,3,4}]     2    3 | [12, 24, 12, 12]  1 | [24, 18, 24, 24]  1 | [16, 12, 16, 16]  1
  [0 {4} {1,2} {1,3} {2,3} {2,4} {1,2,3} {1,2,4} {1,3,4} {2,3,4} {1,2,3,4}]     2    3 | [6, 18, 6, 6]  1 | [30, 24, 30, 30]  1 | [10, 6, 10, 10]  1
  [{2} {4} {1,2} {1,3} {2,3} {2,4} {1,2,3} {1,2,4} {1,3,4} {2,3,4} {1,2,3,4}]     2    3 | [6, 30, 6, 6]  1 | [30, 18, 30, 30]  1 | [14, 6, 14, 14]  1
  [{1,4} {2,3} {2,4} {1,2,3} {1,2,4} {1,3,4} {2,3,4} {1,2,3,4}]     2    2 | [12, 24, 12, 24]  1 | [18, 12, 18, 12]  1 | [20, 16, 20, 16]  1
  [0 {1,4} {2,3} {2,4} {1,2,3} {1,2,4} {1,3,4} {2,3,4} {1,2,3,4}]     2    2 | [6, 18, 6, 18]  1 | [24, 18, 24, 18]  1 | [14, 10, 14, 10]  1
  [{1} {1,4} {2,3} {2,4} {1,2,3} {1,2,4} {1,3,4} {2,3,4} {1,2,3,4}]     1    4 | [18, 18, 6, 18]  1 | [18, 18, 24, 18]  1 | [14, 14, 18, 14]  1
  [{2} {1,4} {2,3} {2,4} {1,2,3} {1,2,4} {1,3,4} {2,3,4} {1,2,3,4}]     1    4 | [6, 30, 6, 18]  1 | [24, 12, 24, 18]  1 | [18, 10, 18, 14]  1
  [{3} {1,4} {2,3} {2,4} {1,2,3} {1,2,4} {1,3,4} {2,3,4} {1,2,3,4}]     1    4 | [6, 18, 18, 18]  1 | [24, 18, 18, 18]  1 | [18, 14, 14, 14]  1
  [{4} {1,4} {2,3} {2,4} {1,2,3} {1,2,4} {1,3,4} {2,3,4} {1,2,3,4}]     1    4 | [6, 18, 6, 30]  1 | [24, 18, 24, 12]  1 | [18, 14, 18, 10]  1
  [{1,2} {1,4} {2,3} {2,4} {1,2,3} {1,2,4} {1,3,4} {2,3,4} {1,2,3,4}]     2    3 | [18, 30, 6, 18]  1 | [18, 12, 24, 18]  1 | [18, 14, 22, 18]  1
  [{3} {1,2} {1,4} {2,3} {2,4} {1,2,3} {1,2,4} {1,3,4} {2,3,4} {1,2,3,4}]     2    3 | [12, 24, 12, 12]  1 | [24, 18, 24, 24]  1 | [16, 12, 16, 16]  1
  [0 {3} {1,2} {1,4} {2,3} {2,4} {1,2,3} {1,2,4} {1,3,4} {2,3,4} {1,2,3,4}]     2    3 | [6, 18, 6, 6]  1 | [30, 24, 30, 30]  1 | [10, 6, 10, 10]  1
  [{2} {3} {1,2} {1,4} {2,3} {2,4} {1,2,3} {1,2,4} {1,3,4} {2,3,4} {1,2,3,4}]     2    3 | [6, 30, 6, 6]  1 | [30, 18, 30, 30]  1 | [14, 6, 14, 14]  1
  [{1,3} {1,4} {2,3} {2,4} {1,2,3} {1,2,4} {1,3,4} {2,3,4} {1,2,3,4}]     8    1 | [18, 18, 18, 18]  0 | [18, 18, 18, 18]  0 | [18, 18, 18, 18]  0
  [0 {1,3} {1,4} {2,3} {2,4} {1,2,3} {1,2,4} {1,3,4} {2,3,4} {1,2,3,4}]     8    1 | [12, 12, 12, 12]  0 | [24, 24, 24, 24]  0 | [12, 12, 12, 12]  0
  [{1} {1,3} {1,4} {2,3} {2,4} {1,2,3} {1,2,4} {1,3,4} {2,3,4} {1,2,3,4}]     2    3 | [24, 12, 12, 12]  1 | [18, 24, 24, 24]  1 | [12, 16, 16, 16]  1
  [0 {1} {1,3} {1,4} {2,3} {2,4} {1,2,3} {1,2,4} {1,3,4} {2,3,4} {1,2,3,4}]     2    3 | [18, 6, 6, 6]  1 | [24, 30, 30, 30]  1 | [6, 10, 10, 10]  1
  [{2} {1,3} {1,4} {2,3} {2,4} {1,2,3} {1,2,4} {1,3,4} {2,3,4} {1,2,3,4}]     2    3 | [12, 24, 12, 12]  1 | [24, 18, 24, 24]  1 | [16, 12, 16, 16]  1
  [0 {2} {1,3} {1,4} {2,3} {2,4} {1,2,3} {1,2,4} {1,3,4} {2,3,4} {1,2,3,4}]     2    3 | [6, 18, 6, 6]  1 | [30, 24, 30, 30]  1 | [10, 6, 10, 10]  1
  [{3} {1,3} {1,4} {2,3} {2,4} {1,2,3} {1,2,4} {1,3,4} {2,3,4} {1,2,3,4}]     2    3 | [12, 12, 24, 12]  1 | [24, 24, 18, 24]  1 | [16, 16, 12, 16]  1
  [0 {3} {1,3} {1,4} {2,3} {2,4} {1,2,3} {1,2,4} {1,3,4} {2,3,4} {1,2,3,4}]     2    3 | [6, 6, 18, 6]  1 | [30, 30, 24, 30]  1 | [10, 10, 6, 10]  1
  [{1} {3} {1,3} {1,4} {2,3} {2,4} {1,2,3} {1,2,4} {1,3,4} {2,3,4} {1,2,3,4}]     2    2 | [18, 6, 18, 6]  1 | [24, 30, 24, 30]  1 | [10, 14, 10, 14]  1
  [{2} {3} {1,3} {1,4} {2,3} {2,4} {1,2,3} {1,2,4} {1,3,4} {2,3,4} {1,2,3,4}]     2    2 | [6, 18, 18, 6]  1 | [30, 24, 24, 30]  1 | [14, 10, 10, 14]  1
  [{4} {1,3} {1,4} {2,3} {2,4} {1,2,3} {1,2,4} {1,3,4} {2,3,4} {1,2,3,4}]     2    3 | [12, 12, 12, 24]  1 | [24, 24, 24, 18]  1 | [16, 16, 16, 12]  1
  [0 {4} {1,3} {1,4} {2,3} {2,4} {1,2,3} {1,2,4} {1,3,4} {2,3,4} {1,2,3,4}]     2    3 | [6, 6, 6, 18]  1 | [30, 30, 30, 24]  1 | [10, 10, 10, 6]  1
  [{1} {4} {1,3} {1,4} {2,3} {2,4} {1,2,3} {1,2,4} {1,3,4} {2,3,4} {1,2,3,4}]     2    2 | [18, 6, 6, 18]  1 | [24, 30, 30, 24]  1 | [10, 14, 14, 10]  1
  [{2} {4} {1,3} {1,4} {2,3} {2,4} {1,2,3} {1,2,4} {1,3,4} {2,3,4} {1,2,3,4}]     2    2 | [6, 18, 6, 18]  1 | [30, 24, 30, 24]  1 | [14, 10, 14, 10]  1
  [{1,2} {1,3} {1,4} {2,3} {2,4} {1,2,3} {1,2,4} {1,3,4} {2,3,4} {1,2,3,4}]     4    2 | [24, 24, 12, 12]  1 | [18, 18, 24, 24]  1 | [16, 16, 20, 20]  1
  [0 {1,2} {1,3} {1,4} {2,3} {2,4} {1,2,3} {1,2,4} {1,3,4} {2,3,4} {1,2,3,4}]     4    2 | [18, 18, 6, 6]  1 | [24, 24, 30, 30]  1 | [10, 10, 14, 14]  1
  [{1} {1,2} {1,3} {1,4} {2,3} {2,4} {1,2,3} {1,2,4} {1,3,4} {2,3,4} {1,2,3,4}]     2    3 | [30, 18, 6, 6]  1 | [18, 24, 30, 30]  1 | [10, 14, 18, 18]  1
  [{2} {1,2} {1,3} {1,4} {2,3} {2,4} {1,2,3} {1,2,4} {1,3,4} {2,3,4} {1,2,3,4}]     2    3 | [18, 30, 6, 6]  1 | [24, 18, 30, 30]  1 | [14, 10, 18, 18]  1
  [{3} {1,2} {1,3} {1,4} {2,3} {2,4} {1,2,3} {1,2,4} {1,3,4} {2,3,4} {1,2,3,4}]     2    3 | [18, 18, 18, 6]  1 | [24, 24, 24, 30]  1 | [14, 14, 14, 18]  1
  [{4} {1,2} {1,3} {1,4} {2,3} {2,4} {1,2,3} {1,2,4} {1,3,4} {2,3,4} {1,2,3,4}]     2    3 | [18, 18, 6, 18]  1 | [24, 24, 30, 24]  1 | [14, 14, 18, 14]  1
  [{3,4} {1,2,3} {1,2,4} {1,3,4} {2,3,4} {1,2,3,4}]     4    2 | [12, 12, 24, 24]  1 | [12, 12, 6, 6]  1 | [20, 20, 16, 16]  1
  [0 {3,4} {1,2,3} {1,2,4} {1,3,4} {2,3,4} {1,2,3,4}]     4    2 | [6, 6, 18, 18]  1 | [18, 18, 12, 12]  1 | [14, 14, 10, 10]  1
  [{1} {3,4} {1,2,3} {1,2,4} {1,3,4} {2,3,4} {1,2,3,4}]     2    3 | [18, 6, 18, 18]  1 | [12, 18, 12, 12]  1 | [14, 18, 14, 14]  1
  [{2} {3,4} {1,2,3} {1,2,4} {1,3,4} {2,3,4} {1,2,3,4}]     2    3 | [6, 18, 18, 18]  1 | [18, 12, 12, 12]  1 | [18, 14, 14, 14]  1
  [{3} {3,4} {1,2,3} {1,2,4} {1,3,4} {2,3,4} {1,2,3,4}]     2    3 | [6, 6, 30, 18]  1 | [18, 18, 6, 12]  1 | [18, 18, 10, 14]  1
  [{4} {3,4} {1,2,3} {1,2,4} {1,3,4} {2,3,4} {1,2,3,4}]     2    3 | [6, 6, 18, 30]  1 | [18, 18, 12, 6]  1 | [18, 18, 14, 10]  1
  [{1,2} {3,4} {1,2,3} {1,2,4} {1,3,4} {2,3,4} {1,2,3,4}]     8    1 | [18, 18, 18, 18]  0 | [12, 12, 12, 12]  0 | [18, 18, 18, 18]  0
  [0 {1,2} {3,4} {1,2,3} {1,2,4} {1,3,4} {2,3,4} {1,2,3,4}]     8    1 | [12, 12, 12, 12]  0 | [18, 18, 18, 18]  0 | [12, 12, 12, 12]  0
  [{1} {1,2} {3,4} {1,2,3} {1,2,4} {1,3,4} {2,3,4} {1,2,3,4}]     2    3 | [24, 12, 12, 12]  1 | [12, 18, 18, 18]  1 | [12, 16, 16, 16]  1
  [0 {1} {1,2} {3,4} {1,2,3} {1,2,4} {1,3,4} {2,3,4} {1,2,3,4}]     2    3 | [18, 6, 6, 6]  1 | [18, 24, 24, 24]  1 | [6, 10, 10, 10]  1
  [{2} {1,2} {3,4} {1,2,3} {1,2,4} {1,3,4} {2,3,4} {1,2,3,4}]     2    3 | [12, 24, 12, 12]  1 | [18, 12, 18, 18]  1 | [16, 12, 16, 16]  1
  [0 {2} {1,2} {3,4} {1,2,3} {1,2,4} {1,3,4} {2,3,4} {1,2,3,4}]     2    3 | [6, 18, 6, 6]  1 | [24, 18, 24, 24]  1 | [10, 6, 10, 10]  1
  [{1} {2} {1,2} {3,4} {1,2,3} {1,2,4} {1,3,4} {2,3,4} {1,2,3,4}]     4    2 | [18, 18, 6, 6]  1 | [18, 18, 24, 24]  1 | [10, 10, 14, 14]  1
  [{3} {1,2} {3,4} {1,2,3} {1,2,4} {1,3,4} {2,3,4} {1,2,3,4}]     2    3 | [12, 12, 24, 12]  1 | [18, 18, 12, 18]  1 | [16, 16, 12, 16]  1
  [0 {3} {1,2} {3,4} {1,2,3} {1,2,4} {1,3,4} {2,3,4} {1,2,3,4}]     2    3 | [6, 6, 18, 6]  1 | [24, 24, 18, 24]  1 | [10, 10, 6, 10]  1
  [{4} {1,2} {3,4} {1,2,3} {1,2,4} {1,3,4} {2,3,4} {1,2,3,4}]     2    3 | [12, 12, 12, 24]  1 | [18, 18, 18, 12]  1 | [16, 16, 16, 12]  1
  [0 {4} {1,2} {3,4} {1,2,3} {1,2,4} {1,3,4} {2,3,4} {1,2,3,4}]     2    3 | [6, 6, 6, 18]  1 | [24, 24, 24, 18]  1 | [10, 10, 10, 6]  1
  [{3} {4} {1,2} {3,4} {1,2,3} {1,2,4} {1,3,4} {2,3,4} {1,2,3,4}]     4    2 | [6, 6, 18, 18]  1 | [24, 24, 18, 18]  1 | [14, 14, 10, 10]  1
  [{1,3} {3,4} {1,2,3} {1,2,4} {1,3,4} {2,3,4} {1,2,3,4}]     2    3 | [18, 6, 30, 18]  1 | [12, 18, 6, 12]  1 | [18, 22, 14, 18]  1
  [{2} {1,3} {3,4} {1,2,3} {1,2,4} {1,3,4} {2,3,4} {1,2,3,4}]     2    3 | [12, 12, 24, 12]  1 | [18, 18, 12, 18]  1 | [16, 16, 12, 16]  1
  [0 {2} {1,3} {3,4} {1,2,3} {1,2,4} {1,3,4} {2,3,4} {1,2,3,4}]     2    3 | [6, 6, 18, 6]  1 | [24, 24, 18, 24]  1 | [10, 10, 6, 10]  1
  [{1,2} {1,3} {3,4} {1,2,3} {1,2,4} {1,3,4} {2,3,4} {1,2,3,4}]     2    2 | [24, 12, 24, 12]  1 | [12, 18, 12, 18]  1 | [16, 20, 16, 20]  1
  [0 {1,2} {1,3} {3,4} {1,2,3} {1,2,4} {1,3,4} {2,3,4} {1,2,3,4}]     2    2 | [18, 6, 18, 6]  1 | [18, 24, 18, 24]  1 | [10, 14, 10, 14]  1
  [{1} {1,2} {1,3} {3,4} {1,2,3} {1,2,4} {1,3,4} {2,3,4} {1,2,3,4}]     1    4 | [30, 6, 18, 6]  1 | [12, 24, 18, 24]  1 | [10, 18, 14, 18]  1
  [{2} {1,2} {1,3} {3,4} {1,2,3} {1,2,4} {1,3,4} {2,3,4} {1,2,3,4}]     1    4 | [18, 18, 18, 6]  1 | [18, 18, 18, 24]  1 | [14, 14, 14, 18]  1
  [{3} {1,2} {1,3} {3,4} {1,2,3} {1,2,4} {1,3,4} {2,3,4} {1,2,3,4}]     1    4 | [18, 6, 30, 6]  1 | [18, 24, 12, 24]  1 | [14, 18, 10, 18]  1
  [{4} {1,2} {1,3} {3,4} {1,2,3} {1,2,4} {1,3,4} {2,3,4} {1,2,3,4}]     1    4 | [18, 6, 18, 18]  1 | [18, 24, 18, 18]  1 | [14, 18, 14, 14]  1
  [{1,4} {3,4} {1,2,3} {1,2,4} {1,3,4} {2,3,4} {1,2,3,4}]     2    3 | [18, 6, 18, 30]  1 | [12, 18, 12, 6]  1 | [18, 22, 18, 14]  1
  [{2} {1,4} {3,4} {1,2,3} {1,2,4} {1,3,4} {2,3,4} {1,2,3,4}]     2    3 | [12, 12, 12, 24]  1 | [18, 18, 18, 12]  1 | [16, 16, 16, 12]  1
  [0 {2} {1,4} {3,4} {1,2,3} {1,2,4} {1,3,4} {2,3,4} {1,2,3,4}]     2    3 | [6, 6, 6, 18]  1 | [24, 24, 24, 18]  1 | [10, 10, 10, 6]  1
  [{1,2} {1,4} {3,4} {1,2,3} {1,2,4} {1,3,4} {2,3,4} {1,2,3,4}]     2    2 | [24, 12, 12, 24]  1 | [12, 18, 18, 12]  1 | [16, 20, 20, 16]  1
  [0 {1,2} {1,4} {3,4} {1,2,3} {1,2,4} {1,3,4} {2,3,4} {1,2,3,4}]     2    2 | [18, 6, 6, 18]  1 | [18, 24, 24, 18]  1 | [10, 14, 14, 10]  1
  [{1} {1,2} {1,4} {3,4} {1,2,3} {1,2,4} {1,3,4} {2,3,4} {1,2,3,4}]     1    4 | [30, 6, 6, 18]  1 | [12, 24, 24, 18]  1 | [10, 18, 18, 14]  1
  [{2} {1,2} {1,4} {3,4} {1,2,3} {1,2,4} {1,3,4} {2,3,4} {1,2,3,4}]     1    4 | [18, 18, 6, 18]  1 | [18, 18, 24, 18]  1 | [14, 14, 18, 14]  1
  [{3} {1,2} {1,4} {3,4} {1,2,3} {1,2,4} {1,3,4} {2,3,4} {1,2,3,4}]     1    4 | [18, 6, 18, 18]  1 | [18, 24, 18, 18]  1 | [14, 18, 14, 14]  1
  [{4} {1,2} {1,4} {3,4} {1,2,3} {1,2,4} {1,3,4} {2,3,4} {1,2,3,4}]     1    4 | [18, 6, 6, 30]  1 | [18, 24, 24, 12]  1 | [14, 18, 18, 10]  1
  [{2} {1,3} {1,4} {3,4} {1,2,3} {1,2,4} {1,3,4} {2,3,4} {1,2,3,4}]     6    2 | [18, 6, 18, 18]  1 | [18, 24, 18, 18]  1 | [14, 18, 14, 14]  1
  [{1,2} {1,3} {1,4} {3,4} {1,2,3} {1,2,4} {1,3,4} {2,3,4} {1,2,3,4}]     2    3 | [30, 6, 18, 18]  1 | [12, 24, 18, 18]  1 | [14, 22, 18, 18]  1
  [{2} {1,2} {1,3} {1,4} {3,4} {1,2,3} {1,2,4} {1,3,4} {2,3,4} {1,2,3,4}]     2    3 | [24, 12, 12, 12]  1 | [18, 24, 24, 24]  1 | [12, 16, 16, 16]  1
  [0 {2} {1,2} {1,3} {1,4} {3,4} {1,2,3} {1,2,4} {1,3,4} {2,3,4} {1,2,3,4}]     2    3 | [18, 6, 6, 6]  1 | [24, 30, 30, 30]  1 | [6, 10, 10, 10]  1
  [{1} {2} {1,2} {1,3} {1,4} {3,4} {1,2,3} {1,2,4} {1,3,4} {2,3,4} {1,2,3,4}]     2    3 | [30, 6, 6, 6]  1 | [18, 30, 30, 30]  1 | [6, 14, 14, 14]  1
  [{2,3} {3,4} {1,2,3} {1,2,4} {1,3,4} {2,3,4} {1,2,3,4}]     2    3 | [6, 18, 30, 18]  1 | [18, 12, 6, 12]  1 | [22, 18, 14, 18]  1
  [{1} {2,3} {3,4} {1,2,3} {1,2,4} {1,3,4} {2,3,4} {1,2,3,4}]     2    3 | [12, 12, 24, 12]  1 | [18, 18, 12, 18]  1 | [16, 16, 12, 16]  1
  [0 {1} {2,3} {3,4} {1,2,3} {1,2,4} {1,3,4} {2,3,4} {1,2,3,4}]     2    3 | [6, 6, 18, 6]  1 | [24, 24, 18, 24]  1 | [10, 10, 6, 10]  1
  [{1,2} {2,3} {3,4} {1,2,3} {1,2,4} {1,3,4} {2,3,4} {1,2,3,4}]     2    2 | [12, 24, 24, 12]  1 | [18, 12, 12, 18]  1 | [20, 16, 16, 20]  1
  [0 {1,2} {2,3} {3,4} {1,2,3} {1,2,4} {1,3,4} {2,3,4} {1,2,3,4}]     2    2 | [6, 18, 18, 6]  1 | [24, 18, 18, 24]  1 | [14, 10, 10, 14]  1
  [{1} {1,2} {2,3} {3,4} {1,2,3} {1,2,4} {1,3,4} {2,3,4} {1,2,3,4}]     1    4 | [18, 18, 18, 6]  1 | [18, 18, 18, 24]  1 | [14, 14, 14, 18]  1
  [{2} {1,2} {2,3} {3,4} {1,2,3} {1,2,4} {1,3,4} {2,3,4} {1,2,3,4}]     1    4 | [6, 30, 18, 6]  1 | [24, 12, 18, 24]  1 | [18, 10, 14, 18]  1
  [{3} {1,2} {2,3} {3,4} {1,2,3} {1,2,4} {1,3,4} {2,3,4} {1,2,3,4}]     1    4 | [6, 18, 30, 6]  1 | [24, 18, 12, 24]  1 | [18, 14, 10, 18]  1
  [{4} {1,2} {2,3} {3,4} {1,2,3} {1,2,4} {1,3,4} {2,3,4} {1,2,3,4}]     1    4 | [6, 18, 18, 18]  1 | [24, 18, 18, 18]  1 | [18, 14, 14, 14]  1
  [{1,3} {2,3} {3,4} {1,2,3} {1,2,4} {1,3,4} {2,3,4} {1,2,3,4}]     6    2 | [12, 12, 36, 12]  1 | [18, 18, 6, 18]  1 | [20, 20, 12, 20]  1
  [0 {1,3} {2,3} {3,4} {1,2,3} {1,2,4} {1,3,4} {2,3,4} {1,2,3,4}]     6    2 | [6, 6, 30, 6]  1 | [24, 24, 12, 24]  1 | [14, 14, 6, 14]  1
  [{1} {1,3} {2,3} {3,4} {1,2,3} {1,2,4} {1,3,4} {2,3,4} {1,2,3,4}]     2    3 | [18, 6, 30, 6]  1 | [18, 24, 12, 24]  1 | [14, 18, 10, 18]  1
  [{2} {1,3} {2,3} {3,4} {1,2,3} {1,2,4} {1,3,4} {2,3,4} {1,2,3,4}]     2    3 | [6, 18, 30, 6]  1 | [24, 18, 12, 24]  1 | [18, 14, 10, 18]  1
  [{3} {1,3} {2,3} {3,4} {1,2,3} {1,2,4} {1,3,4} {2,3,4} {1,2,3,4}]     6    2 | [6, 6, 42, 6]  1 | [24, 24, 6, 24]  1 | [18, 18, 6, 18]  1
  [{4} {1,3} {2,3} {3,4} {1,2,3} {1,2,4} {1,3,4} {2,3,4} {1,2,3,4}]     2    3 | [6, 6, 30, 18]  1 | [24, 24, 12, 18]  1 | [18, 18, 10, 14]  1
  [{1,2} {1,3} {2,3} {3,4} {1,2,3} {1,2,4} {1,3,4} {2,3,4} {1,2,3,4}]     2    3 | [18, 18, 30, 6]  1 | [18, 18, 12, 24]  1 | [18, 18, 14, 22]  1
  [{4} {1,2} {1,3} {2,3} {3,4} {1,2,3} {1,2,4} {1,3,4} {2,3,4} {1,2,3,4}]     2    3 | [12, 12, 24, 12]  1 | [24, 24, 18, 24]  1 | [16, 16, 12, 16]  1
  [0 {4} {1,2} {1,3} {2,3} {3,4} {1,2,3} {1,2,4} {1,3,4} {2,3,4} {1,2,3,4}]     2    3 | [6, 6, 18, 6]  1 | [30, 30, 24, 30]  1 | [10, 10, 6, 10]  1
  [{3} {4} {1,2} {1,3} {2,3} {3,4} {1,2,3} {1,2,4} {1,3,4} {2,3,4} {1,2,3,4}]     2    3 | [6, 6, 30, 6]  1 | [30, 30, 18, 30]  1 | [14, 14, 6, 14]  1
  [{1,4} {2,3} {3,4} {1,2,3} {1,2,4} {1,3,4} {2,3,4} {1,2,3,4}]     2    2 | [12, 12, 24, 24]  1 | [18, 18, 12, 12]  1 | [20, 20, 16, 16]  1
  [0 {1,4} {2,3} {3,4} {1,2,3} {1,2,4} {1,3,4} {2,3,4} {1,2,3,4}]     2    2 | [6, 6, 18, 18]  1 | [24, 24, 18, 18]  1 | [14, 14, 10, 10]  1
  [{1} {1,4} {2,3} {3,4} {1,2,3} {1,2,4} {1,3,4} {2,3,4} {1,2,3,4}]     1    4 | [18, 6, 18, 18]  1 | [18, 24, 18, 18]  1 | [14, 18, 14, 14]  1
  [{2} {1,4} {2,3} {3,4} {1,2,3} {1,2,4} {1,3,4} {2,3,4} {1,2,3,4}]     1    4 | [6, 18, 18, 18]  1 | [24, 18, 18, 18]  1 | [18, 14, 14, 14]  1
  [{3} {1,4} {2,3} {3,4} {1,2,3} {1,2,4} {1,3,4} {2,3,4} {1,2,3,4}]     1    4 | [6, 6, 30, 18]  1 | [24, 24, 12, 18]  1 | [18, 18, 10, 14]  1
  [{4} {1,4} {2,3} {3,4} {1,2,3} {1,2,4} {1,3,4} {2,3,4} {1,2,3,4}]     1    4 | [6, 6, 18, 30]  1 | [24, 24, 18, 12]  1 | [18, 18, 14, 10]  1
  [{1,2} {1,4} {2,3} {3,4} {1,2,3} {1,2,4} {1,3,4} {2,3,4} {1,2,3,4}]     8    1 | [18, 18, 18, 18]  0 | [18, 18, 18, 18]  0 | [18, 18, 18, 18]  0
  [0 {1,2} {1,4} {2,3} {3,4} {1,2,3} {1,2,4} {1,3,4} {2,3,4} {1,2,3,4}]     8    1 | [12, 12, 12, 12]  0 | [24, 24, 24, 24]  0 | [12, 12, 12, 12]  0
  [{1} {1,2} {1,4} {2,3} {3,4} {1,2,3} {1,2,4} {1,3,4} {2,3,4} {1,2,3,4}]     2    3 | [24, 12, 12, 12]  1 | [18, 24, 24, 24]  1 | [12, 16, 16, 16]  1
  [0 {1} {1,2} {1,4} {2,3} {3,4} {1,2,3} {1,2,4} {1,3,4} {2,3,4} {1,2,3,4}]     2    3 | [18, 6, 6, 6]  1 | [24, 30, 30, 30]  1 | [6, 10, 10, 10]  1
  [{2} {1,2} {1,4} {2,3} {3,4} {1,2,3} {1,2,4} {1,3,4} {2,3,4} {1,2,3,4}]     2    3 | [12, 24, 12, 12]  1 | [24, 18, 24, 24]  1 | [16, 12, 16, 16]  1
  [0 {2} {1,2} {1,4} {2,3} {3,4} {1,2,3} {1,2,4} {1,3,4} {2,3,4} {1,2,3,4}]     2    3 | [6, 18, 6, 6]  1 | [30, 24, 30, 30]  1 | [10, 6, 10, 10]  1
  [{1} {2} {1,2} {1,4} {2,3} {3,4} {1,2,3} {1,2,4} {1,3,4} {2,3,4} {1,2,3,4}]     2    2 | [18, 18, 6, 6]  1 | [24, 24, 30, 30]  1 | [10, 10, 14, 14]  1
  [{3} {1,2} {1,4} {2,3} {3,4} {1,2,3} {1,2,4} {1,3,4} {2,3,4} {1,2,3,4}]     2    3 | [12, 12, 24, 12]  1 | [24, 24, 18, 24]  1 | [16, 16, 12, 16]  1
  [0 {3} {1,2} {1,4} {2,3} {3,4} {1,2,3} {1,2,4} {1,3,4} {2,3,4} {1,2,3,4}]     2    3 | [6, 6, 18, 6]  1 | [30, 30, 24, 30]  1 | [10, 10, 6, 10]  1
  [{2} {3} {1,2} {1,4} {2,3} {3,4} {1,2,3} {1,2,4} {1,3,4} {2,3,4} {1,2,3,4}]     2    2 | [6, 18, 18, 6]  1 | [30, 24, 24, 30]  1 | [14, 10, 10, 14]  1
  [{4} {1,2} {1,4} {2,3} {3,4} {1,2,3} {1,2,4} {1,3,4} {2,3,4} {1,2,3,4}]     2    3 | [12, 12, 12, 24]  1 | [24, 24, 24, 18]  1 | [16, 16, 16, 12]  1
  [0 {4} {1,2} {1,4} {2,3} {3,4} {1,2,3} {1,2,4} {1,3,4} {2,3,4} {1,2,3,4}]     2    3 | [6, 6, 6, 18]  1 | [30, 30, 30, 24]  1 | [10, 10, 10, 6]  1
  [{1} {4} {1,2} {1,4} {2,3} {3,4} {1,2,3} {1,2,4} {1,3,4} {2,3,4} {1,2,3,4}]     2    2 | [18, 6, 6, 18]  1 | [24, 30, 30, 24]  1 | [10, 14, 14, 10]  1
  [{3} {4} {1,2} {1,4} {2,3} {3,4} {1,2,3} {1,2,4} {1,3,4} {2,3,4} {1,2,3,4}]     2    2 | [6, 6, 18, 18]  1 | [30, 30, 24, 24]  1 | [14, 14, 10, 10]  1
  [{1,3} {1,4} {2,3} {3,4} {1,2,3} {1,2,4} {1,3,4} {2,3,4} {1,2,3,4}]     2    3 | [18, 6, 30, 18]  1 | [18, 24, 12, 18]  1 | [18, 22, 14, 18]  1
  [{2} {1,3} {1,4} {2,3} {3,4} {1,2,3} {1,2,4} {1,3,4} {2,3,4} {1,2,3,4}]     2    3 | [12, 12, 24, 12]  1 | [24, 24, 18, 24]  1 | [16, 16, 12, 16]  1
  [0 {2} {1,3} {1,4} {2,3} {3,4} {1,2,3} {1,2,4} {1,3,4} {2,3,4} {1,2,3,4}]     2    3 | [6, 6, 18, 6]  1 | [30, 30, 24, 30]  1 | [10, 10, 6, 10]  1
  [{2} {3} {1,3} {1,4} {2,3} {3,4} {1,2,3} {1,2,4} {1,3,4} {2,3,4} {1,2,3,4}]     2    3 | [6, 6, 30, 6]  1 | [30, 30, 18, 30]  1 | [14, 14, 6, 14]  1
  [{1,2} {1,3} {1,4} {2,3} {3,4} {1,2,3} {1,2,4} {1,3,4} {2,3,4} {1,2,3,4}]     4    2 | [24, 12, 24, 12]  1 | [18, 24, 18, 24]  1 | [16, 20, 16, 20]  1
  [0 {1,2} {1,3} {1,4} {2,3} {3,4} {1,2,3} {1,2,4} {1,3,4} {2,3,4} {1,2,3,4}]     4    2 | [18, 6, 18, 6]  1 | [24, 30, 24, 30]  1 | [10, 14, 10, 14]  1
  [{1} {1,2} {1,3} {1,4} {2,3} {3,4} {1,2,3} {1,2,4} {1,3,4} {2,3,4} {1,2,3,4}]     2    3 | [30, 6, 18, 6]  1 | [18, 30, 24, 30]  1 | [10, 18, 14, 18]  1
  [{2} {1,2} {1,3} {1,4} {2,3} {3,4} {1,2,3} {1,2,4} {1,3,4} {2,3,4} {1,2,3,4}]     2    3 | [18, 18, 18, 6]  1 | [24, 24, 24, 30]  1 | [14, 14, 14, 18]  1
  [{3} {1,2} {1,3} {1,4} {2,3} {3,4} {1,2,3} {1,2,4} {1,3,4} {2,3,4} {1,2,3,4}]     2    3 | [18, 6, 30, 6]  1 | [24, 30, 18, 30]  1 | [14, 18, 10, 18]  1
  [{4} {1,2} {1,3} {1,4} {2,3} {3,4} {1,2,3} {1,2,4} {1,3,4} {2,3,4} {1,2,3,4}]     2    3 | [18, 6, 18, 18]  1 | [24, 30, 24, 24]  1 | [14, 18, 14, 14]  1
  [{2,4} {3,4} {1,2,3} {1,2,4} {1,3,4} {2,3,4} {1,2,3,4}]     2    3 | [6, 18, 18, 30]  1 | [18, 12, 12, 6]  1 | [22, 18, 18, 14]  1
  [{1} {2,4} {3,4} {1,2,3} {1,2,4} {1,3,4} {2,3,4} {1,2,3,4}]     2    3 | [12, 12, 12, 24]  1 | [18, 18, 18, 12]  1 | [16, 16, 16, 12]  1
  [0 {1} {2,4} {3,4} {1,2,3} {1,2,4} {1,3,4} {2,3,4} {1,2,3,4}]     2    3 | [6, 6, 6, 18]  1 | [24, 24, 24, 18]  1 | [10, 10, 10, 6]  1
  [{1,2} {2,4} {3,4} {1,2,3} {1,2,4} {1,3,4} {2,3,4} {1,2,3,4}]     2    2 | [12, 24, 12, 24]  1 | [18, 12, 18, 12]  1 | [20, 16, 20, 16]  1
  [0 {1,2} {2,4} {3,4} {1,2,3} {1,2,4} {1,3,4} {2,3,4} {1,2,3,4}]     2    2 | [6, 18, 6, 18]  1 | [24, 18, 24, 18]  1 | [14, 10, 14, 10]  1
  [{1} {1,2} {2,4} {3,4} {1,2,3} {1,2,4} {1,3,4} {2,3,4} {1,2,3,4}]     1    4 | [18, 18, 6, 18]  1 | [18, 18, 24, 18]  1 | [14, 14, 18, 14]  1
  [{2} {1,2} {2,4} {3,4} {1,2,3} {1,2,4} {1,3,4} {2,3,4} {1,2,3,4}]     1    4 | [6, 30, 6, 18]  1 | [24, 12, 24, 18]  1 | [18, 10, 18, 14]  1
  [{3} {1,2} {2,4} {3,4} {1,2,3} {1,2,4} {1,3,4} {2,3,4} {1,2,3,4}]     1    4 | [6, 18, 18, 18]  1 | [24, 18, 18, 18]  1 | [18, 14, 14, 14]  1
  [{4} {1,2} {2,4} {3,4} {1,2,3} {1,2,4} {1,3,4} {2,3,4} {1,2,3,4}]     1    4 | [6, 18, 6, 30]  1 | [24, 18, 24, 12]  1 | [18, 14, 18, 10]  1
  [{1,3} {2,4} {3,4} {1,2,3} {1,2,4} {1,3,4} {2,3,4} {1,2,3,4}]     2    2 | [12, 12, 24, 24]  1 | [18, 18, 12, 12]  1 | [20, 20, 16, 16]  1
  [0 {1,3} {2,4} {3,4} {1,2,3} {1,2,4} {1,3,4} {2,3,4} {1,2,3,4}]     2    2 | [6, 6, 18, 18]  1 | [24, 24, 18, 18]  1 | [14, 14, 10, 10]  1
  [{1} {1,3} {2,4} {3,4} {1,2,3} {1,2,4} {1,3,4} {2,3,4} {1,2,3,4}]     1    4 | [18, 6, 18, 18]  1 | [18, 24, 18, 18]  1 | [14, 18, 14, 14]  1
  [{2} {1,3} {2,4} {3,4} {1,2,3} {1,2,4} {1,3,4} {2,3,4} {1,2,3,4}]     1    4 | [6, 18, 18, 18]  1 | [24, 18, 18, 18]  1 | [18, 14, 14, 14]  1
  [{3} {1,3} {2,4} {3,4} {1,2,3} {1,2,4} {1,3,4} {2,3,4} {1,2,3,4}]     1    4 | [6, 6, 30, 18]  1 | [24, 24, 12, 18]  1 | [18, 18, 10, 14]  1
  [{4} {1,3} {2,4} {3,4} {1,2,3} {1,2,4} {1,3,4} {2,3,4} {1,2,3,4}]     1    4 | [6, 6, 18, 30]  1 | [24, 24, 18, 12]  1 | [18, 18, 14, 10]  1
  [{1,2} {1,3} {2,4} {3,4} {1,2,3} {1,2,4} {1,3,4} {2,3,4} {1,2,3,4}]     8    1 | [18, 18, 18, 18]  0 | [18, 18, 18, 18]  0 | [18, 18, 18, 18]  0
  [0 {1,2} {1,3} {2,4} {3,4} {1,2,3} {1,2,4} {1,3,4} {2,3,4} {1,2,3,4}]     8    1 | [12, 12, 12, 12]  0 | [24, 24, 24, 24]  0 | [12, 12, 12, 12]  0
  [{1} {1,2} {1,3} {2,4} {3,4} {1,2,3} {1,2,4} {1,3,4} {2,3,4} {1,2,3,4}]     2    3 | [24, 12, 12, 12]  1 | [18, 24, 24, 24]  1 | [12, 16, 16, 16]  1
  [0 {1} {1,2} {1,3} {2,4} {3,4} {1,2,3} {1,2,4} {1,3,4} {2,3,4} {1,2,3,4}]     2    3 | [18, 6, 6, 6]  1 | [24, 30, 30, 30]  1 | [6, 10, 10, 10]  1
  [{2} {1,2} {1,3} {2,4} {3,4} {1,2,3} {1,2,4} {1,3,4} {2,3,4} {1,2,3,4}]     2    3 | [12, 24, 12, 12]  1 | [24, 18, 24, 24]  1 | [16, 12, 16, 16]  1
  [0 {2} {1,2} {1,3} {2,4} {3,4} {1,2,3} {1,2,4} {1,3,4} {2,3,4} {1,2,3,4}]     2    3 | [6, 18, 6, 6]  1 | [30, 24, 30, 30]  1 | [10, 6, 10, 10]  1
  [{1} {2} {1,2} {1,3} {2,4} {3,4} {1,2,3} {1,2,4} {1,3,4} {2,3,4} {1,2,3,4}]     2    2 | [18, 18, 6, 6]  1 | [24, 24, 30, 30]  1 | [10, 10, 14, 14]  1
  [{3} {1,2} {1,3} {2,4} {3,4} {1,2,3} {1,2,4} {1,3,4} {2,3,4} {1,2,3,4}]     2    3 | [12, 12, 24, 12]  1 | [24, 24, 18, 24]  1 | [16, 16, 12, 16]  1
  [0 {3} {1,2} {1,3} {2,4} {3,4} {1,2,3} {1,2,4} {1,3,4} {2,3,4} {1,2,3,4}]     2    3 | [6, 6, 18, 6]  1 | [30, 30, 24, 30]  1 | [10, 10, 6, 10]  1
  [{1} {3} {1,2} {1,3} {2,4} {3,4} {1,2,3} {1,2,4} {1,3,4} {2,3,4} {1,2,3,4}]     2    2 | [18, 6, 18, 6]  1 | [24, 30, 24, 30]  1 | [10, 14, 10, 14]  1
  [{4} {1,2} {1,3} {2,4} {3,4} {1,2,3} {1,2,4} {1,3,4} {2,3,4} {1,2,3,4}]     2    3 | [12, 12, 12, 24]  1 | [24, 24, 24, 18]  1 | [16, 16, 16, 12]  1
  [0 {4} {1,2} {1,3} {2,4} {3,4} {1,2,3} {1,2,4} {1,3,4} {2,3,4} {1,2,3,4}]     2    3 | [6, 6, 6, 18]  1 | [30, 30, 30, 24]  1 | [10, 10, 10, 6]  1
  [{2} {4} {1,2} {1,3} {2,4} {3,4} {1,2,3} {1,2,4} {1,3,4} {2,3,4} {1,2,3,4}]     2    2 | [6, 18, 6, 18]  1 | [30, 24, 30, 24]  1 | [14, 10, 14, 10]  1
  [{3} {4} {1,2} {1,3} {2,4} {3,4} {1,2,3} {1,2,4} {1,3,4} {2,3,4} {1,2,3,4}]     2    2 | [6, 6, 18, 18]  1 | [30, 30, 24, 24]  1 | [14, 14, 10, 10]  1
  [{1,4} {2,4} {3,4} {1,2,3} {1,2,4} {1,3,4} {2,3,4} {1,2,3,4}]     6    2 | [12, 12, 12, 36]  1 | [18, 18, 18, 6]  1 | [20, 20, 20, 12]  1
  [0 {1,4} {2,4} {3,4} {1,2,3} {1,2,4} {1,3,4} {2,3,4} {1,2,3,4}]     6    2 | [6, 6, 6, 30]  1 | [24, 24, 24, 12]  1 | [14, 14, 14, 6]  1
  [{1} {1,4} {2,4} {3,4} {1,2,3} {1,2,4} {1,3,4} {2,3,4} {1,2,3,4}]     2    3 | [18, 6, 6, 30]  1 | [18, 24, 24, 12]  1 | [14, 18, 18, 10]  1
  [{2} {1,4} {2,4} {3,4} {1,2,3} {1,2,4} {1,3,4} {2,3,4} {1,2,3,4}]     2    3 | [6, 18, 6, 30]  1 | [24, 18, 24, 12]  1 | [18, 14, 18, 10]  1
  [{3} {1,4} {2,4} {3,4} {1,2,3} {1,2,4} {1,3,4} {2,3,4} {1,2,3,4}]     2    3 | [6, 6, 18, 30]  1 | [24, 24, 18, 12]  1 | [18, 18, 14, 10]  1
  [{4} {1,4} {2,4} {3,4} {1,2,3} {1,2,4} {1,3,4} {2,3,4} {1,2,3,4}]     6    2 | [6, 6, 6, 42]  1 | [24, 24, 24, 6]  1 | [18, 18, 18, 6]  1
  [{1,2} {1,4} {2,4} {3,4} {1,2,3} {1,2,4} {1,3,4} {2,3,4} {1,2,3,4}]     2    3 | [18, 18, 6, 30]  1 | [18, 18, 24, 12]  1 | [18, 18, 22, 14]  1
  [{3} {1,2} {1,4} {2,4} {3,4} {1,2,3} {1,2,4} {1,3,4} {2,3,4} {1,2,3,4}]     2    3 | [12, 12, 12, 24]  1 | [24, 24, 24, 18]  1 | [16, 16, 16, 12]  1
  [0 {3} {1,2} {1,4} {2,4} {3,4} {1,2,3} {1,2,4} {1,3,4} {2,3,4} {1,2,3,4}]     2    3 | [6, 6, 6, 18]  1 | [30, 30, 30, 24]  1 | [10, 10, 10, 6]  1
  [{3} {4} {1,2} {1,4} {2,4} {3,4} {1,2,3} {1,2,4} {1,3,4} {2,3,4} {1,2,3,4}]     2    3 | [6, 6, 6, 30]  1 | [30, 30, 30, 18]  1 | [14, 14, 14, 6]  1
  [{1,3} {1,4} {2,4} {3,4} {1,2,3} {1,2,4} {1,3,4} {2,3,4} {1,2,3,4}]     2    3 | [18, 6, 18, 30]  1 | [18, 24, 18, 12]  1 | [18, 22, 18, 14]  1
  [{2} {1,3} {1,4} {2,4} {3,4} {1,2,3} {1,2,4} {1,3,4} {2,3,4} {1,2,3,4}]     2    3 | [12, 12, 12, 24]  1 | [24, 24, 24, 18]  1 | [16, 16, 16, 12]  1
  [0 {2} {1,3} {1,4} {2,4} {3,4} {1,2,3} {1,2,4} {1,3,4} {2,3,4} {1,2,3,4}]     2    3 | [6, 6, 6, 18]  1 | [30, 30, 30, 24]  1 | [10, 10, 10, 6]  1
  [{2} {4} {1,3} {1,4} {2,4} {3,4} {1,2,3} {1,2,4} {1,3,4} {2,3,4} {1,2,3,4}]     2    3 | [6, 6, 6, 30]  1 | [30, 30, 30, 18]  1 | [14, 14, 14, 6]  1
  [{1,2} {1,3} {1,4} {2,4} {3,4} {1,2,3} {1,2,4} {1,3,4} {2,3,4} {1,2,3,4}]     4    2 | [24, 12, 12, 24]  1 | [18, 24, 24, 18]  1 | [16, 20, 20, 16]  1
  [0 {1,2} {1,3} {1,4} {2,4} {3,4} {1,2,3} {1,2,4} {1,3,4} {2,3,4} {1,2,3,4}]     4    2 | [18, 6, 6, 18]  1 | [24, 30, 30, 24]  1 | [10, 14, 14, 10]  1
  [{1} {1,2} {1,3} {1,4} {2,4} {3,4} {1,2,3} {1,2,4} {1,3,4} {2,3,4} {1,2,3,4}]     2    3 | [30, 6, 6, 18]  1 | [18, 30, 30, 24]  1 | [10, 18, 18, 14]  1
  [{2} {1,2} {1,3} {1,4} {2,4} {3,4} {1,2,3} {1,2,4} {1,3,4} {2,3,4} {1,2,3,4}]     2    3 | [18, 18, 6, 18]  1 | [24, 24, 30, 24]  1 | [14, 14, 18, 14]  1
  [{3} {1,2} {1,3} {1,4} {2,4} {3,4} {1,2,3} {1,2,4} {1,3,4} {2,3,4} {1,2,3,4}]     2    3 | [18, 6, 18, 18]  1 | [24, 30, 24, 24]  1 | [14, 18, 14, 14]  1
  [{4} {1,2} {1,3} {1,4} {2,4} {3,4} {1,2,3} {1,2,4} {1,3,4} {2,3,4} {1,2,3,4}]     2    3 | [18, 6, 6, 30]  1 | [24, 30, 30, 18]  1 | [14, 18, 18, 10]  1
  [{1} {2,3} {2,4} {3,4} {1,2,3} {1,2,4} {1,3,4} {2,3,4} {1,2,3,4}]     6    2 | [6, 18, 18, 18]  1 | [24, 18, 18, 18]  1 | [18, 14, 14, 14]  1
  [{1,2} {2,3} {2,4} {3,4} {1,2,3} {1,2,4} {1,3,4} {2,3,4} {1,2,3,4}]     2    3 | [6, 30, 18, 18]  1 | [24, 12, 18, 18]  1 | [22, 14, 18, 18]  1
  [{1} {1,2} {2,3} {2,4} {3,4} {1,2,3} {1,2,4} {1,3,4} {2,3,4} {1,2,3,4}]     2    3 | [12, 24, 12, 12]  1 | [24, 18, 24, 24]  1 | [16, 12, 16, 16]  1
  [0 {1} {1,2} {2,3} {2,4} {3,4} {1,2,3} {1,2,4} {1,3,4} {2,3,4} {1,2,3,4}]     2    3 | [6, 18, 6, 6]  1 | [30, 24, 30, 30]  1 | [10, 6, 10, 10]  1
  [{1} {2} {1,2} {2,3} {2,4} {3,4} {1,2,3} {1,2,4} {1,3,4} {2,3,4} {1,2,3,4}]     2    3 | [6, 30, 6, 6]  1 | [30, 18, 30, 30]  1 | [14, 6, 14, 14]  1
  [{1,3} {2,3} {2,4} {3,4} {1,2,3} {1,2,4} {1,3,4} {2,3,4} {1,2,3,4}]     2    3 | [6, 18, 30, 18]  1 | [24, 18, 12, 18]  1 | [22, 18, 14, 18]  1
  [{1} {1,3} {2,3} {2,4} {3,4} {1,2,3} {1,2,4} {1,3,4} {2,3,4} {1,2,3,4}]     2    3 | [12, 12, 24, 12]  1 | [24, 24, 18, 24]  1 | [16, 16, 12, 16]  1
  [0 {1} {1,3} {2,3} {2,4} {3,4} {1,2,3} {1,2,4} {1,3,4} {2,3,4} {1,2,3,4}]     2    3 | [6, 6, 18, 6]  1 | [30, 30, 24, 30]  1 | [10, 10, 6, 10]  1
  [{1} {3} {1,3} {2,3} {2,4} {3,4} {1,2,3} {1,2,4} {1,3,4} {2,3,4} {1,2,3,4}]     2    3 | [6, 6, 30, 6]  1 | [30, 30, 18, 30]  1 | [14, 14, 6, 14]  1
  [{1,2} {1,3} {2,3} {2,4} {3,4} {1,2,3} {1,2,4} {1,3,4} {2,3,4} {1,2,3,4}]     4    2 | [12, 24, 24, 12]  1 | [24, 18, 18, 24]  1 | [20, 16, 16, 20]  1
  [0 {1,2} {1,3} {2,3} {2,4} {3,4} {1,2,3} {1,2,4} {1,3,4} {2,3,4} {1,2,3,4}]     4    2 | [6, 18, 18, 6]  1 | [30, 24, 24, 30]  1 | [14, 10, 10, 14]  1
  [{1} {1,2} {1,3} {2,3} {2,4} {3,4} {1,2,3} {1,2,4} {1,3,4} {2,3,4} {1,2,3,4}]     2    3 | [18, 18, 18, 6]  1 | [24, 24, 24, 30]  1 | [14, 14, 14, 18]  1
  [{2} {1,2} {1,3} {2,3} {2,4} {3,4} {1,2,3} {1,2,4} {1,3,4} {2,3,4} {1,2,3,4}]     2    3 | [6, 30, 18, 6]  1 | [30, 18, 24, 30]  1 | [18, 10, 14, 18]  1
  [{3} {1,2} {1,3} {2,3} {2,4} {3,4} {1,2,3} {1,2,4} {1,3,4} {2,3,4} {1,2,3,4}]     2    3 | [6, 18, 30, 6]  1 | [30, 24, 18, 30]  1 | [18, 14, 10, 18]  1
  [{4} {1,2} {1,3} {2,3} {2,4} {3,4} {1,2,3} {1,2,4} {1,3,4} {2,3,4} {1,2,3,4}]     2    3 | [6, 18, 18, 18]  1 | [30, 24, 24, 24]  1 | [18, 14, 14, 14]  1
  [{1,4} {2,3} {2,4} {3,4} {1,2,3} {1,2,4} {1,3,4} {2,3,4} {1,2,3,4}]     2    3 | [6, 18, 18, 30]  1 | [24, 18, 18, 12]  1 | [22, 18, 18, 14]  1
  [{1} {1,4} {2,3} {2,4} {3,4} {1,2,3} {1,2,4} {1,3,4} {2,3,4} {1,2,3,4}]     2    3 | [12, 12, 12, 24]  1 | [24, 24, 24, 18]  1 | [16, 16, 16, 12]  1
  [0 {1} {1,4} {2,3} {2,4} {3,4} {1,2,3} {1,2,4} {1,3,4} {2,3,4} {1,2,3,4}]     2    3 | [6, 6, 6, 18]  1 | [30, 30, 30, 24]  1 | [10, 10, 10, 6]  1
  [{1} {4} {1,4} {2,3} {2,4} {3,4} {1,2,3} {1,2,4} {1,3,4} {2,3,4} {1,2,3,4}]     2    3 | [6, 6, 6, 30]  1 | [30, 30, 30, 18]  1 | [14, 14, 14, 6]  1
  [{1,2} {1,4} {2,3} {2,4} {3,4} {1,2,3} {1,2,4} {1,3,4} {2,3,4} {1,2,3,4}]     4    2 | [12, 24, 12, 24]  1 | [24, 18, 24, 18]  1 | [20, 16, 20, 16]  1
  [0 {1,2} {1,4} {2,3} {2,4} {3,4} {1,2,3} {1,2,4} {1,3,4} {2,3,4} {1,2,3,4}]     4    2 | [6, 18, 6, 18]  1 | [30, 24, 30, 24]  1 | [14, 10, 14, 10]  1
  [{1} {1,2} {1,4} {2,3} {2,4} {3,4} {1,2,3} {1,2,4} {1,3,4} {2,3,4} {1,2,3,4}]     2    3 | [18, 18, 6, 18]  1 | [24, 24, 30, 24]  1 | [14, 14, 18, 14]  1
  [{2} {1,2} {1,4} {2,3} {2,4} {3,4} {1,2,3} {1,2,4} {1,3,4} {2,3,4} {1,2,3,4}]     2    3 | [6, 30, 6, 18]  1 | [30, 18, 30, 24]  1 | [18, 10, 18, 14]  1
  [{3} {1,2} {1,4} {2,3} {2,4} {3,4} {1,2,3} {1,2,4} {1,3,4} {2,3,4} {1,2,3,4}]     2    3 | [6, 18, 18, 18]  1 | [30, 24, 24, 24]  1 | [18, 14, 14, 14]  1
  [{4} {1,2} {1,4} {2,3} {2,4} {3,4} {1,2,3} {1,2,4} {1,3,4} {2,3,4} {1,2,3,4}]     2    3 | [6, 18, 6, 30]  1 | [30, 24, 30, 18]  1 | [18, 14, 18, 10]  1
  [{1,3} {1,4} {2,3} {2,4} {3,4} {1,2,3} {1,2,4} {1,3,4} {2,3,4} {1,2,3,4}]     4    2 | [12, 12, 24, 24]  1 | [24, 24, 18, 18]  1 | [20, 20, 16, 16]  1
  [0 {1,3} {1,4} {2,3} {2,4} {3,4} {1,2,3} {1,2,4} {1,3,4} {2,3,4} {1,2,3,4}]     4    2 | [6, 6, 18, 18]  1 | [30, 30, 24, 24]  1 | [14, 14, 10, 10]  1
  [{1} {1,3} {1,4} {2,3} {2,4} {3,4} {1,2,3} {1,2,4} {1,3,4} {2,3,4} {1,2,3,4}]     2    3 | [18, 6, 18, 18]  1 | [24, 30, 24, 24]  1 | [14, 18, 14, 14]  1
  [{2} {1,3} {1,4} {2,3} {2,4} {3,4} {1,2,3} {1,2,4} {1,3,4} {2,3,4} {1,2,3,4}]     2    3 | [6, 18, 18, 18]  1 | [30, 24, 24, 24]  1 | [18, 14, 14, 14]  1
  [{3} {1,3} {1,4} {2,3} {2,4} {3,4} {1,2,3} {1,2,4} {1,3,4} {2,3,4} {1,2,3,4}]     2    3 | [6, 6, 30, 18]  1 | [30, 30, 18, 24]  1 | [18, 18, 10, 14]  1
  [{4} {1,3} {1,4} {2,3} {2,4} {3,4} {1,2,3} {1,2,4} {1,3,4} {2,3,4} {1,2,3,4}]     2    3 | [6, 6, 18, 30]  1 | [30, 30, 24, 18]  1 | [18, 18, 14, 10]  1
  [{1,2} {1,3} {1,4} {2,3} {2,4} {3,4} {1,2,3} {1,2,4} {1,3,4} {2,3,4} {1,2,3,4}]    24    1 | [18, 18, 18, 18]  0 | [24, 24, 24, 24]  0 | [18, 18, 18, 18]  0
  [0 {1,2} {1,3} {1,4} {2,3} {2,4} {3,4} {1,2,3} {1,2,4} {1,3,4} {2,3,4} {1,2,3,4}]    24    1 | [12, 12, 12, 12]  0 | [30, 30, 30, 30]  0 | [12, 12, 12, 12]  0
  [{1} {1,2} {1,3} {1,4} {2,3} {2,4} {3,4} {1,2,3} {1,2,4} {1,3,4} {2,3,4} {1,2,3,4}]     6    2 | [24, 12, 12, 12]  1 | [24, 30, 30, 30]  1 | [12, 16, 16, 16]  1
  [0 {1} {1,2} {1,3} {1,4} {2,3} {2,4} {3,4} {1,2,3} {1,2,4} {1,3,4} {2,3,4} {1,2,3,4}]     6    2 | [18, 6, 6, 6]  1 | [30, 36, 36, 36]  1 | [6, 10, 10, 10]  1
  [{2} {1,2} {1,3} {1,4} {2,3} {2,4} {3,4} {1,2,3} {1,2,4} {1,3,4} {2,3,4} {1,2,3,4}]     6    2 | [12, 24, 12, 12]  1 | [30, 24, 30, 30]  1 | [16, 12, 16, 16]  1
  [0 {2} {1,2} {1,3} {1,4} {2,3} {2,4} {3,4} {1,2,3} {1,2,4} {1,3,4} {2,3,4} {1,2,3,4}]     6    2 | [6, 18, 6, 6]  1 | [36, 30, 36, 36]  1 | [10, 6, 10, 10]  1
  [{1} {2} {1,2} {1,3} {1,4} {2,3} {2,4} {3,4} {1,2,3} {1,2,4} {1,3,4} {2,3,4} {1,2,3,4}]     4    2 | [18, 18, 6, 6]  1 | [30, 30, 36, 36]  1 | [10, 10, 14, 14]  1
  [{3} {1,2} {1,3} {1,4} {2,3} {2,4} {3,4} {1,2,3} {1,2,4} {1,3,4} {2,3,4} {1,2,3,4}]     6    2 | [12, 12, 24, 12]  1 | [30, 30, 24, 30]  1 | [16, 16, 12, 16]  1
  [0 {3} {1,2} {1,3} {1,4} {2,3} {2,4} {3,4} {1,2,3} {1,2,4} {1,3,4} {2,3,4} {1,2,3,4}]     6    2 | [6, 6, 18, 6]  1 | [36, 36, 30, 36]  1 | [10, 10, 6, 10]  1
  [{1} {3} {1,2} {1,3} {1,4} {2,3} {2,4} {3,4} {1,2,3} {1,2,4} {1,3,4} {2,3,4} {1,2,3,4}]     4    2 | [18, 6, 18, 6]  1 | [30, 36, 30, 36]  1 | [10, 14, 10, 14]  1
  [{2} {3} {1,2} {1,3} {1,4} {2,3} {2,4} {3,4} {1,2,3} {1,2,4} {1,3,4} {2,3,4} {1,2,3,4}]     4    2 | [6, 18, 18, 6]  1 | [36, 30, 30, 36]  1 | [14, 10, 10, 14]  1
  [{4} {1,2} {1,3} {1,4} {2,3} {2,4} {3,4} {1,2,3} {1,2,4} {1,3,4} {2,3,4} {1,2,3,4}]     6    2 | [12, 12, 12, 24]  1 | [30, 30, 30, 24]  1 | [16, 16, 16, 12]  1
  [0 {4} {1,2} {1,3} {1,4} {2,3} {2,4} {3,4} {1,2,3} {1,2,4} {1,3,4} {2,3,4} {1,2,3,4}]     6    2 | [6, 6, 6, 18]  1 | [36, 36, 36, 30]  1 | [10, 10, 10, 6]  1
  [{1} {4} {1,2} {1,3} {1,4} {2,3} {2,4} {3,4} {1,2,3} {1,2,4} {1,3,4} {2,3,4} {1,2,3,4}]     4    2 | [18, 6, 6, 18]  1 | [30, 36, 36, 30]  1 | [10, 14, 14, 10]  1
  [{2} {4} {1,2} {1,3} {1,4} {2,3} {2,4} {3,4} {1,2,3} {1,2,4} {1,3,4} {2,3,4} {1,2,3,4}]     4    2 | [6, 18, 6, 18]  1 | [36, 30, 36, 30]  1 | [14, 10, 14, 10]  1
  [{3} {4} {1,2} {1,3} {1,4} {2,3} {2,4} {3,4} {1,2,3} {1,2,4} {1,3,4} {2,3,4} {1,2,3,4}]     4    2 | [6, 6, 18, 18]  1 | [36, 36, 30, 30]  1 | [14, 14, 10, 10]  1
  [{1} {2} {3} {4} {1,2} {1,3} {1,4} {2,3} {2,4} {3,4} {1,2,3} {1,2,4} {1,3,4} {2,3,4} {1,2,3,4}]    24    1 |  [6, 6, 6, 6]  0 | [42, 42, 42, 42]  0 |  [6, 6, 6, 6]  0

  Aggregate over 582 CE-shape F (n=4):
    old scalar g_DEF > 0 (mg-1b24 universality): 582/582
    DEF x e_xnew   : std-component non-zero on 540/582 CE-shape F  (92.8%)
    CNT x e_xtop   : std-component non-zero on 540/582 CE-shape F  (92.8%)
    DEF x e_xtop   : std-component non-zero on 540/582 CE-shape F  (92.8%)

  Symmetric CE-shape families (Stab acts transitively => std-comp forced 0):
    [{1,4} {2,3} {1,2,3,4}]                      |Stab|=8, transitive; std=[0, 0, 0, 0] (zero), old scalar sum-psi=4 (>0)
    [{1,3} {2,4} {1,2,3,4}]                      |Stab|=8, transitive; std=[0, 0, 0, 0] (zero), old scalar sum-psi=4 (>0)
    [{1,2} {3,4} {1,2,3,4}]                      |Stab|=8, transitive; std=[0, 0, 0, 0] (zero), old scalar sum-psi=4 (>0)
    [{1,2,3} {1,2,4} {1,3,4} {2,3,4} {1,2,3,4}]  |Stab|=24, transitive; std=[0, 0, 0, 0] (zero), old scalar sum-psi=12 (>0)
    [0 {1,2,3} {1,2,4} {1,3,4} {2,3,4} {1,2,3,4}] |Stab|=24, transitive; std=[0, 0, 0, 0] (zero), old scalar sum-psi=8 (>0)
    [{1,4} {2,3} {1,2,3} {1,2,4} {1,3,4} {2,3,4} {1,2,3,4}] |Stab|=8, transitive; std=[0, 0, 0, 0] (zero), old scalar sum-psi=12 (>0)
    [0 {1,4} {2,3} {1,2,3} {1,2,4} {1,3,4} {2,3,4} {1,2,3,4}] |Stab|=8, transitive; std=[0, 0, 0, 0] (zero), old scalar sum-psi=8 (>0)
    [{1,3} {2,4} {1,2,3} {1,2,4} {1,3,4} {2,3,4} {1,2,3,4}] |Stab|=8, transitive; std=[0, 0, 0, 0] (zero), old scalar sum-psi=12 (>0)
    [0 {1,3} {2,4} {1,2,3} {1,2,4} {1,3,4} {2,3,4} {1,2,3,4}] |Stab|=8, transitive; std=[0, 0, 0, 0] (zero), old scalar sum-psi=8 (>0)
    [{1,3} {1,4} {2,3} {2,4} {1,2,3} {1,2,4} {1,3,4} {2,3,4} {1,2,3,4}] |Stab|=8, transitive; std=[0, 0, 0, 0] (zero), old scalar sum-psi=12 (>0)
    [0 {1,3} {1,4} {2,3} {2,4} {1,2,3} {1,2,4} {1,3,4} {2,3,4} {1,2,3,4}] |Stab|=8, transitive; std=[0, 0, 0, 0] (zero), old scalar sum-psi=8 (>0)
    [{1,2} {3,4} {1,2,3} {1,2,4} {1,3,4} {2,3,4} {1,2,3,4}] |Stab|=8, transitive; std=[0, 0, 0, 0] (zero), old scalar sum-psi=12 (>0)
    [0 {1,2} {3,4} {1,2,3} {1,2,4} {1,3,4} {2,3,4} {1,2,3,4}] |Stab|=8, transitive; std=[0, 0, 0, 0] (zero), old scalar sum-psi=8 (>0)
    [{1,2} {1,4} {2,3} {3,4} {1,2,3} {1,2,4} {1,3,4} {2,3,4} {1,2,3,4}] |Stab|=8, transitive; std=[0, 0, 0, 0] (zero), old scalar sum-psi=12 (>0)
    [0 {1,2} {1,4} {2,3} {3,4} {1,2,3} {1,2,4} {1,3,4} {2,3,4} {1,2,3,4}] |Stab|=8, transitive; std=[0, 0, 0, 0] (zero), old scalar sum-psi=8 (>0)
    [{1,2} {1,3} {2,4} {3,4} {1,2,3} {1,2,4} {1,3,4} {2,3,4} {1,2,3,4}] |Stab|=8, transitive; std=[0, 0, 0, 0] (zero), old scalar sum-psi=12 (>0)
    [0 {1,2} {1,3} {2,4} {3,4} {1,2,3} {1,2,4} {1,3,4} {2,3,4} {1,2,3,4}] |Stab|=8, transitive; std=[0, 0, 0, 0] (zero), old scalar sum-psi=8 (>0)
    [{1,2} {1,3} {1,4} {2,3} {2,4} {3,4} {1,2,3} {1,2,4} {1,3,4} {2,3,4} {1,2,3,4}] |Stab|=24, transitive; std=[0, 0, 0, 0] (zero), old scalar sum-psi=12 (>0)
    [0 {1,2} {1,3} {1,4} {2,3} {2,4} {3,4} {1,2,3} {1,2,4} {1,3,4} {2,3,4} {1,2,3,4}] |Stab|=24, transitive; std=[0, 0, 0, 0] (zero), old scalar sum-psi=8 (>0)
    [{1} {2} {3} {4} {1,2} {1,3} {1,4} {2,3} {2,4} {3,4} {1,2,3} {1,2,4} {1,3,4} {2,3,4} {1,2,3,4}] |Stab|=24, transitive; std=[0, 0, 0, 0] (zero), old scalar sum-psi=4 (>0)
  IDENTITY CHECK n=4: V_(DEFxe_xnew)(F) == (n-1)! * [psi_x(F)]_x for all 582 CE-shape F: True
    => std-component == (n-1)! * element-degree-spread (exactly).
    => sgn/mean-component == (n-1)! * g_DEF (the mg-1b24 scalar): True
  CANDIDATE-1 discrimination n=4: the two Sigma_2 cross-components of the F-class are equal (both = g_F) for all 582 CE-shape F: True
    => Sigma_2-antisymmetric component == 0 IDENTICALLY (all F) => carries no F-information; a separate result 'antisym=0' is true for F* AND non-F* alike.

[   1.1s] done
